<?xml version="1.0" encoding="UTF-8"?>
<coverage generated="1673466346647" clover="3.2.0">
  <project timestamp="1673466346647" name="All files">
    <metrics statements="432" coveredstatements="432" conditionals="102" coveredconditionals="102" methods="103" coveredmethods="103" elements="637" coveredelements="637" complexity="0" loc="432" ncloc="432" packages="9" files="23" classes="23"/>
    <package name="lib">
      <metrics statements="132" coveredstatements="132" conditionals="32" coveredconditionals="32" methods="24" coveredmethods="24"/>
      <file name="constants.ts" path="/Users/boudydegeer/Code/@nfut/packages/npm/@mosaiqo/feathers-microservices/lib/constants.ts">
        <metrics statements="11" coveredstatements="11" conditionals="2" coveredconditionals="2" methods="1" coveredmethods="1"/>
        <line num="3" count="11" type="stmt"/>
        <line num="4" count="11" type="stmt"/>
        <line num="5" count="11" type="stmt"/>
        <line num="7" count="11" type="stmt"/>
        <line num="16" count="11" type="stmt"/>
        <line num="17" count="11" type="stmt"/>
        <line num="19" count="11" type="cond" truecount="2" falsecount="0"/>
        <line num="20" count="11" type="stmt"/>
        <line num="21" count="11" type="stmt"/>
        <line num="24" count="11" type="stmt"/>
        <line num="38" count="11" type="stmt"/>
      </file>
      <file name="error-handler.ts" path="/Users/boudydegeer/Code/@nfut/packages/npm/@mosaiqo/feathers-microservices/lib/error-handler.ts">
        <metrics statements="17" coveredstatements="17" conditionals="11" coveredconditionals="11" methods="1" coveredmethods="1"/>
        <line num="1" count="4" type="stmt"/>
        <line num="3" count="4" type="stmt"/>
        <line num="4" count="48" type="stmt"/>
        <line num="5" count="48" type="cond" truecount="4" falsecount="0"/>
        <line num="7" count="48" type="cond" truecount="2" falsecount="0"/>
        <line num="8" count="24" type="cond" truecount="1" falsecount="0"/>
        <line num="9" count="12" type="stmt"/>
        <line num="11" count="24" type="cond" truecount="2" falsecount="0"/>
        <line num="12" count="12" type="cond" truecount="1" falsecount="0"/>
        <line num="14" count="12" type="stmt"/>
        <line num="17" count="12" type="stmt"/>
        <line num="20" count="48" type="cond" truecount="1" falsecount="0"/>
        <line num="21" count="12" type="stmt"/>
        <line num="24" count="48" type="stmt"/>
        <line num="25" count="48" type="stmt"/>
        <line num="27" count="48" type="stmt"/>
        <line num="30" count="4" type="stmt"/>
      </file>
      <file name="index.ts" path="/Users/boudydegeer/Code/@nfut/packages/npm/@mosaiqo/feathers-microservices/lib/index.ts">
        <metrics statements="8" coveredstatements="8" conditionals="0" coveredconditionals="0" methods="2" coveredmethods="2"/>
        <line num="2" count="3" type="stmt"/>
        <line num="4" count="3" type="stmt"/>
        <line num="5" count="75" type="stmt"/>
        <line num="6" count="75" type="stmt"/>
        <line num="7" count="74" type="stmt"/>
        <line num="9" count="74" type="stmt"/>
        <line num="13" count="3" type="stmt"/>
        <line num="14" count="3" type="stmt"/>
      </file>
      <file name="microservice.ts" path="/Users/boudydegeer/Code/@nfut/packages/npm/@mosaiqo/feathers-microservices/lib/microservice.ts">
        <metrics statements="96" coveredstatements="96" conditionals="19" coveredconditionals="19" methods="20" coveredmethods="20"/>
        <line num="1" count="3" type="stmt"/>
        <line num="2" count="3" type="stmt"/>
        <line num="4" count="3" type="stmt"/>
        <line num="7" count="3" type="stmt"/>
        <line num="8" count="3" type="stmt"/>
        <line num="9" count="3" type="stmt"/>
        <line num="10" count="3" type="stmt"/>
        <line num="11" count="3" type="stmt"/>
        <line num="12" count="3" type="stmt"/>
        <line num="13" count="3" type="stmt"/>
        <line num="14" count="3" type="stmt"/>
        <line num="15" count="3" type="stmt"/>
        <line num="16" count="3" type="stmt"/>
        <line num="26" count="75" type="stmt"/>
        <line num="27" count="75" type="stmt"/>
        <line num="28" count="75" type="stmt"/>
        <line num="29" count="75" type="stmt"/>
        <line num="37" count="75" type="cond" truecount="2" falsecount="0"/>
        <line num="38" count="75" type="cond" truecount="3" falsecount="0"/>
        <line num="39" count="75" type="stmt"/>
        <line num="40" count="75" type="stmt"/>
        <line num="41" count="75" type="stmt"/>
        <line num="43" count="75" type="cond" truecount="3" falsecount="0"/>
        <line num="44" count="1" type="stmt"/>
        <line num="48" count="74" type="stmt"/>
        <line num="56" count="74" type="stmt"/>
        <line num="61" count="74" type="stmt"/>
        <line num="64" count="74" type="stmt"/>
        <line num="67" count="74" type="stmt"/>
        <line num="70" count="74" type="stmt"/>
        <line num="71" count="78" type="cond" truecount="2" falsecount="0"/>
        <line num="72" count="78" type="stmt"/>
        <line num="73" count="78" type="cond" truecount="1" falsecount="0"/>
        <line num="74" count="2" type="stmt"/>
        <line num="76" count="76" type="stmt"/>
        <line num="85" count="74" type="stmt"/>
        <line num="86" count="74" type="stmt"/>
        <line num="87" count="74" type="stmt"/>
        <line num="88" count="74" type="stmt"/>
        <line num="89" count="74" type="stmt"/>
        <line num="90" count="74" type="stmt"/>
        <line num="92" count="74" type="stmt"/>
        <line num="93" count="74" type="stmt"/>
        <line num="97" count="74" type="stmt"/>
        <line num="99" count="74" type="stmt"/>
        <line num="100" count="74" type="stmt"/>
        <line num="104" count="74" type="stmt"/>
        <line num="106" count="74" type="stmt"/>
        <line num="107" count="74" type="stmt"/>
        <line num="112" count="74" type="stmt"/>
        <line num="114" count="74" type="stmt"/>
        <line num="115" count="74" type="stmt"/>
        <line num="120" count="74" type="stmt"/>
        <line num="122" count="74" type="stmt"/>
        <line num="123" count="74" type="stmt"/>
        <line num="128" count="74" type="stmt"/>
        <line num="130" count="1175" type="stmt"/>
        <line num="135" count="74" type="cond" truecount="1" falsecount="0"/>
        <line num="136" count="33" type="stmt"/>
        <line num="137" count="418" type="stmt"/>
        <line num="142" count="418" type="stmt"/>
        <line num="143" count="418" type="stmt"/>
        <line num="144" count="418" type="stmt"/>
        <line num="145" count="418" type="cond" truecount="3" falsecount="0"/>
        <line num="147" count="382" type="stmt"/>
        <line num="150" count="418" type="stmt"/>
        <line num="154" count="418" type="stmt"/>
        <line num="160" count="418" type="stmt"/>
        <line num="177" count="74" type="cond" truecount="1" falsecount="0"/>
        <line num="179" count="36" type="stmt"/>
        <line num="180" count="36" type="stmt"/>
        <line num="181" count="36" type="stmt"/>
        <line num="183" count="36" type="stmt"/>
        <line num="185" count="36" type="stmt"/>
        <line num="187" count="36" type="stmt"/>
        <line num="190" count="36" type="stmt"/>
        <line num="198" count="36" type="stmt"/>
        <line num="199" count="33" type="stmt"/>
        <line num="201" count="33" type="stmt"/>
        <line num="202" count="132" type="stmt"/>
        <line num="203" count="5" type="stmt"/>
        <line num="204" count="5" type="stmt"/>
        <line num="214" count="36" type="stmt"/>
        <line num="215" count="36" type="stmt"/>
        <line num="216" count="33" type="cond" truecount="1" falsecount="0"/>
        <line num="217" count="33" type="stmt"/>
        <line num="226" count="33" type="stmt"/>
        <line num="230" count="36" type="stmt"/>
        <line num="238" count="36" type="stmt"/>
        <line num="239" count="36" type="stmt"/>
        <line num="246" count="74" type="stmt"/>
        <line num="247" count="74" type="stmt"/>
        <line num="251" count="75" type="cond" truecount="2" falsecount="0"/>
        <line num="252" count="75" type="stmt"/>
        <line num="254" count="75" type="stmt"/>
        <line num="258" count="3" type="stmt"/>
      </file>
    </package>
    <package name="lib.clients">
      <metrics statements="16" coveredstatements="16" conditionals="2" coveredconditionals="2" methods="3" coveredmethods="3"/>
      <file name="amqp.ts" path="/Users/boudydegeer/Code/@nfut/packages/npm/@mosaiqo/feathers-microservices/lib/clients/amqp.ts">
        <metrics statements="15" coveredstatements="15" conditionals="2" coveredconditionals="2" methods="2" coveredmethods="2"/>
        <line num="1" count="8" type="stmt"/>
        <line num="3" count="8" type="stmt"/>
        <line num="4" count="8" type="stmt"/>
        <line num="10" count="40" type="stmt"/>
        <line num="11" count="40" type="stmt"/>
        <line num="20" count="40" type="stmt"/>
        <line num="21" count="40" type="stmt"/>
        <line num="23" count="40" type="cond" truecount="1" falsecount="0"/>
        <line num="24" count="11" type="stmt"/>
        <line num="27" count="40" type="stmt"/>
        <line num="28" count="40" type="stmt"/>
        <line num="29" count="40" type="stmt"/>
        <line num="30" count="40" type="stmt"/>
        <line num="32" count="40" type="stmt"/>
        <line num="36" count="8" type="stmt"/>
      </file>
      <file name="index.ts" path="/Users/boudydegeer/Code/@nfut/packages/npm/@mosaiqo/feathers-microservices/lib/clients/index.ts">
        <metrics statements="1" coveredstatements="1" conditionals="0" coveredconditionals="0" methods="1" coveredmethods="1"/>
        <line num="1" count="112" type="stmt"/>
      </file>
    </package>
    <package name="lib.consumers">
      <metrics statements="23" coveredstatements="23" conditionals="3" coveredconditionals="3" methods="6" coveredmethods="6"/>
      <file name="app.ts" path="/Users/boudydegeer/Code/@nfut/packages/npm/@mosaiqo/feathers-microservices/lib/consumers/app.ts">
        <metrics statements="22" coveredstatements="22" conditionals="3" coveredconditionals="3" methods="5" coveredmethods="5"/>
        <line num="2" count="4" type="stmt"/>
        <line num="5" count="4" type="stmt"/>
        <line num="14" count="77" type="stmt"/>
        <line num="15" count="77" type="stmt"/>
        <line num="16" count="77" type="stmt"/>
        <line num="17" count="77" type="stmt"/>
        <line num="19" count="77" type="stmt"/>
        <line num="21" count="77" type="stmt"/>
        <line num="29" count="77" type="stmt"/>
        <line num="36" count="77" type="stmt"/>
        <line num="43" count="77" type="stmt"/>
        <line num="49" count="77" type="stmt"/>
        <line num="50" count="3138" type="stmt"/>
        <line num="52" count="3138" type="cond" truecount="1" falsecount="0"/>
        <line num="54" count="1763" type="cond" truecount="1" falsecount="0"/>
        <line num="56" count="1595" type="cond" truecount="1" falsecount="0"/>
        <line num="57" count="1595" type="stmt"/>
        <line num="58" count="1595" type="stmt"/>
        <line num="62" count="1763" type="stmt"/>
        <line num="67" count="75" type="stmt"/>
        <line num="71" count="34" type="stmt"/>
        <line num="75" count="4" type="stmt"/>
      </file>
      <file name="index.ts" path="/Users/boudydegeer/Code/@nfut/packages/npm/@mosaiqo/feathers-microservices/lib/consumers/index.ts">
        <metrics statements="1" coveredstatements="1" conditionals="0" coveredconditionals="0" methods="1" coveredmethods="1"/>
        <line num="1" count="81" type="stmt"/>
      </file>
    </package>
    <package name="lib.events">
      <metrics statements="51" coveredstatements="51" conditionals="8" coveredconditionals="8" methods="21" coveredmethods="21"/>
      <file name="HelloEvent.ts" path="/Users/boudydegeer/Code/@nfut/packages/npm/@mosaiqo/feathers-microservices/lib/events/HelloEvent.ts">
        <metrics statements="15" coveredstatements="15" conditionals="1" coveredconditionals="1" methods="6" coveredmethods="6"/>
        <line num="1" count="12" type="stmt"/>
        <line num="2" count="1257" type="stmt"/>
        <line num="9" count="1257" type="stmt"/>
        <line num="10" count="1257" type="stmt"/>
        <line num="11" count="1257" type="stmt"/>
        <line num="12" count="1257" type="stmt"/>
        <line num="16" count="1179" type="stmt"/>
        <line num="20" count="80" type="stmt"/>
        <line num="24" count="1178" type="stmt"/>
        <line num="25" count="1178" type="cond" truecount="1" falsecount="0"/>
        <line num="26" count="1" type="stmt"/>
        <line num="28" count="1177" type="stmt"/>
        <line num="32" count="1258" type="stmt"/>
        <line num="40" count="80" type="stmt"/>
        <line num="49" count="12" type="stmt"/>
      </file>
      <file name="RPCRequestEvent.ts" path="/Users/boudydegeer/Code/@nfut/packages/npm/@mosaiqo/feathers-microservices/lib/events/RPCRequestEvent.ts">
        <metrics statements="18" coveredstatements="18" conditionals="6" coveredconditionals="6" methods="6" coveredmethods="6"/>
        <line num="1" count="12" type="stmt"/>
        <line num="2" count="12" type="stmt"/>
        <line num="3" count="23" type="stmt"/>
        <line num="13" count="23" type="cond" truecount="2" falsecount="0"/>
        <line num="14" count="23" type="stmt"/>
        <line num="15" count="23" type="stmt"/>
        <line num="16" count="23" type="stmt"/>
        <line num="17" count="23" type="stmt"/>
        <line num="18" count="23" type="stmt"/>
        <line num="22" count="25" type="stmt"/>
        <line num="26" count="22" type="stmt"/>
        <line num="30" count="2" type="stmt"/>
        <line num="31" count="2" type="cond" truecount="1" falsecount="0"/>
        <line num="32" count="1" type="stmt"/>
        <line num="34" count="1" type="stmt"/>
        <line num="38" count="26" type="stmt"/>
        <line num="48" count="24" type="stmt"/>
        <line num="56" count="12" type="stmt"/>
      </file>
      <file name="ServicesPublishedEvent.ts" path="/Users/boudydegeer/Code/@nfut/packages/npm/@mosaiqo/feathers-microservices/lib/events/ServicesPublishedEvent.ts">
        <metrics statements="15" coveredstatements="15" conditionals="1" coveredconditionals="1" methods="6" coveredmethods="6"/>
        <line num="1" count="12" type="stmt"/>
        <line num="2" count="459" type="stmt"/>
        <line num="9" count="459" type="stmt"/>
        <line num="10" count="459" type="stmt"/>
        <line num="11" count="459" type="stmt"/>
        <line num="12" count="459" type="stmt"/>
        <line num="16" count="1" type="stmt"/>
        <line num="20" count="39" type="stmt"/>
        <line num="24" count="421" type="stmt"/>
        <line num="25" count="421" type="cond" truecount="1" falsecount="0"/>
        <line num="26" count="1" type="stmt"/>
        <line num="28" count="420" type="stmt"/>
        <line num="32" count="460" type="stmt"/>
        <line num="40" count="40" type="stmt"/>
        <line num="49" count="12" type="stmt"/>
      </file>
      <file name="index.ts" path="/Users/boudydegeer/Code/@nfut/packages/npm/@mosaiqo/feathers-microservices/lib/events/index.ts">
        <metrics statements="3" coveredstatements="3" conditionals="0" coveredconditionals="0" methods="3" coveredmethods="3"/>
        <line num="1" count="171" type="stmt"/>
        <line num="2" count="130" type="stmt"/>
        <line num="3" count="36" type="stmt"/>
      </file>
    </package>
    <package name="lib.publishers">
      <metrics statements="11" coveredstatements="11" conditionals="0" coveredconditionals="0" methods="5" coveredmethods="5"/>
      <file name="apps.ts" path="/Users/boudydegeer/Code/@nfut/packages/npm/@mosaiqo/feathers-microservices/lib/publishers/apps.ts">
        <metrics statements="10" coveredstatements="10" conditionals="0" coveredconditionals="0" methods="4" coveredmethods="4"/>
        <line num="2" count="4" type="stmt"/>
        <line num="6" count="4" type="stmt"/>
        <line num="8" count="4" type="stmt"/>
        <line num="14" count="76" type="stmt"/>
        <line num="15" count="76" type="stmt"/>
        <line num="16" count="76" type="stmt"/>
        <line num="21" count="76" type="stmt"/>
        <line num="29" count="75" type="stmt"/>
        <line num="37" count="36" type="stmt"/>
        <line num="45" count="4" type="stmt"/>
      </file>
      <file name="index.ts" path="/Users/boudydegeer/Code/@nfut/packages/npm/@mosaiqo/feathers-microservices/lib/publishers/index.ts">
        <metrics statements="1" coveredstatements="1" conditionals="0" coveredconditionals="0" methods="1" coveredmethods="1"/>
        <line num="1" count="80" type="stmt"/>
      </file>
    </package>
    <package name="lib.regristrars">
      <metrics statements="5" coveredstatements="5" conditionals="0" coveredconditionals="0" methods="4" coveredmethods="4"/>
      <file name="apps.ts" path="/Users/boudydegeer/Code/@nfut/packages/npm/@mosaiqo/feathers-microservices/lib/regristrars/apps.ts">
        <metrics statements="4" coveredstatements="4" conditionals="0" coveredconditionals="0" methods="3" coveredmethods="3"/>
        <line num="4" count="4" type="stmt"/>
        <line num="7" count="75" type="stmt"/>
        <line num="13" count="1176" type="stmt"/>
        <line num="17" count="4" type="stmt"/>
      </file>
      <file name="index.ts" path="/Users/boudydegeer/Code/@nfut/packages/npm/@mosaiqo/feathers-microservices/lib/regristrars/index.ts">
        <metrics statements="1" coveredstatements="1" conditionals="0" coveredconditionals="0" methods="1" coveredmethods="1"/>
        <line num="1" count="79" type="stmt"/>
      </file>
    </package>
    <package name="lib.repliers">
      <metrics statements="29" coveredstatements="29" conditionals="0" coveredconditionals="0" methods="11" coveredmethods="11"/>
      <file name="index.ts" path="/Users/boudydegeer/Code/@nfut/packages/npm/@mosaiqo/feathers-microservices/lib/repliers/index.ts">
        <metrics statements="1" coveredstatements="1" conditionals="0" coveredconditionals="0" methods="1" coveredmethods="1"/>
        <line num="1" count="39" type="stmt"/>
      </file>
      <file name="rpc.ts" path="/Users/boudydegeer/Code/@nfut/packages/npm/@mosaiqo/feathers-microservices/lib/repliers/rpc.ts">
        <metrics statements="28" coveredstatements="28" conditionals="0" coveredconditionals="0" methods="10" coveredmethods="10"/>
        <line num="3" count="4" type="stmt"/>
        <line num="9" count="44" type="stmt"/>
        <line num="10" count="44" type="stmt"/>
        <line num="11" count="44" type="stmt"/>
        <line num="12" count="44" type="stmt"/>
        <line num="16" count="44" type="stmt"/>
        <line num="17" count="44" type="stmt"/>
        <line num="18" count="13" type="stmt"/>
        <line num="19" count="13" type="stmt"/>
        <line num="20" count="13" type="stmt"/>
        <line num="25" count="13" type="stmt"/>
        <line num="30" count="13" type="stmt"/>
        <line num="31" count="13" type="stmt"/>
        <line num="32" count="13" type="stmt"/>
        <line num="33" count="13" type="stmt"/>
        <line num="34" count="13" type="stmt"/>
        <line num="35" count="13" type="stmt"/>
        <line num="36" count="13" type="stmt"/>
        <line num="39" count="12" type="stmt"/>
        <line num="40" count="2" type="stmt"/>
        <line num="41" count="2" type="stmt"/>
        <line num="42" count="2" type="stmt"/>
        <line num="43" count="2" type="stmt"/>
        <line num="44" count="2" type="stmt"/>
        <line num="45" count="2" type="stmt"/>
        <line num="47" count="12" type="stmt"/>
        <line num="49" count="1" type="stmt"/>
        <line num="54" count="4" type="stmt"/>
      </file>
    </package>
    <package name="lib.requesters">
      <metrics statements="120" coveredstatements="120" conditionals="56" coveredconditionals="56" methods="21" coveredmethods="21"/>
      <file name="http.ts" path="/Users/boudydegeer/Code/@nfut/packages/npm/@mosaiqo/feathers-microservices/lib/requesters/http.ts">
        <metrics statements="63" coveredstatements="63" conditionals="45" coveredconditionals="45" methods="10" coveredmethods="10"/>
        <line num="1" count="6" type="stmt"/>
        <line num="2" count="6" type="stmt"/>
        <line num="3" count="6" type="stmt"/>
        <line num="4" count="6" type="stmt"/>
        <line num="5" count="6" type="stmt"/>
        <line num="8" count="6" type="stmt"/>
        <line num="15" count="6" type="stmt"/>
        <line num="29" count="284" type="stmt"/>
        <line num="33" count="284" type="cond" truecount="2" falsecount="0"/>
        <line num="34" count="284" type="stmt"/>
        <line num="35" count="284" type="stmt"/>
        <line num="36" count="284" type="cond" truecount="2" falsecount="0"/>
        <line num="37" count="284" type="stmt"/>
        <line num="38" count="284" type="cond" truecount="2" falsecount="0"/>
        <line num="39" count="284" type="stmt"/>
        <line num="40" count="284" type="stmt"/>
        <line num="41" count="284" type="stmt"/>
        <line num="42" count="284" type="stmt"/>
        <line num="43" count="284" type="cond" truecount="2" falsecount="0"/>
        <line num="45" count="284" type="cond" truecount="1" falsecount="0"/>
        <line num="52" count="43" type="stmt"/>
        <line num="53" count="43" type="cond" truecount="2" falsecount="0"/>
        <line num="54" count="43" type="cond" truecount="2" falsecount="0"/>
        <line num="55" count="43" type="cond" truecount="3" falsecount="0"/>
        <line num="57" count="43" type="stmt"/>
        <line num="58" count="42" type="stmt"/>
        <line num="59" count="41" type="stmt"/>
        <line num="61" count="40" type="cond" truecount="2" falsecount="0"/>
        <line num="62" count="40" type="stmt"/>
        <line num="64" count="40" type="stmt"/>
        <line num="66" count="40" type="stmt"/>
        <line num="71" count="40" type="cond" truecount="1" falsecount="0"/>
        <line num="73" count="40" type="cond" truecount="1" falsecount="0"/>
        <line num="74" count="2" type="stmt"/>
        <line num="75" count="2" type="stmt"/>
        <line num="76" count="2" type="stmt"/>
        <line num="79" count="40" type="stmt"/>
        <line num="88" count="40" type="cond" truecount="1" falsecount="0"/>
        <line num="90" count="5" type="stmt"/>
        <line num="93" count="40" type="cond" truecount="1" falsecount="0"/>
        <line num="95" count="6" type="stmt"/>
        <line num="97" count="6" type="stmt"/>
        <line num="100" count="40" type="stmt"/>
        <line num="101" count="40" type="cond" truecount="2" falsecount="0"/>
        <line num="102" count="40" type="stmt"/>
        <line num="103" count="16" type="stmt"/>
        <line num="107" count="43" type="cond" truecount="3" falsecount="0"/>
        <line num="111" count="42" type="cond" truecount="1" falsecount="0"/>
        <line num="115" count="41" type="cond" truecount="3" falsecount="0"/>
        <line num="119" count="41" type="cond" truecount="3" falsecount="0"/>
        <line num="123" count="40" type="cond" truecount="2" falsecount="0"/>
        <line num="124" count="40" type="cond" truecount="4" falsecount="0"/>
        <line num="125" count="40" type="stmt"/>
        <line num="127" count="40" type="cond" truecount="1" falsecount="0"/>
        <line num="129" count="40" type="stmt"/>
        <line num="131" count="40" type="stmt"/>
        <line num="135" count="104" type="cond" truecount="1" falsecount="0"/>
        <line num="136" count="69" type="stmt"/>
        <line num="138" count="205" type="stmt"/>
        <line num="140" count="69" type="stmt"/>
        <line num="144" count="26" type="cond" truecount="1" falsecount="0"/>
        <line num="146" count="25" type="stmt"/>
        <line num="150" count="6" type="stmt"/>
      </file>
      <file name="index.ts" path="/Users/boudydegeer/Code/@nfut/packages/npm/@mosaiqo/feathers-microservices/lib/requesters/index.ts">
        <metrics statements="16" coveredstatements="16" conditionals="5" coveredconditionals="5" methods="3" coveredmethods="3"/>
        <line num="3" count="4" type="stmt"/>
        <line num="4" count="4" type="stmt"/>
        <line num="6" count="4" type="stmt"/>
        <line num="8" count="423" type="stmt"/>
        <line num="9" count="423" type="stmt"/>
        <line num="11" count="423" type="cond" truecount="1" falsecount="0"/>
        <line num="12" count="3" type="stmt"/>
        <line num="15" count="423" type="cond" truecount="3" falsecount="0"/>
        <line num="16" count="1" type="stmt"/>
        <line num="19" count="422" type="stmt"/>
        <line num="20" count="242" type="stmt"/>
        <line num="21" count="180" type="stmt"/>
        <line num="23" count="422" type="stmt"/>
        <line num="24" count="422" type="stmt"/>
        <line num="26" count="422" type="stmt"/>
        <line num="31" count="4" type="stmt"/>
      </file>
      <file name="rpc.ts" path="/Users/boudydegeer/Code/@nfut/packages/npm/@mosaiqo/feathers-microservices/lib/requesters/rpc.ts">
        <metrics statements="41" coveredstatements="41" conditionals="6" coveredconditionals="6" methods="8" coveredmethods="8"/>
        <line num="3" count="5" type="stmt"/>
        <line num="4" count="5" type="stmt"/>
        <line num="12" count="5" type="stmt"/>
        <line num="21" count="189" type="stmt"/>
        <line num="22" count="189" type="stmt"/>
        <line num="23" count="189" type="stmt"/>
        <line num="24" count="189" type="stmt"/>
        <line num="25" count="189" type="stmt"/>
        <line num="26" count="189" type="stmt"/>
        <line num="29" count="189" type="stmt"/>
        <line num="30" count="189" type="stmt"/>
        <line num="31" count="34" type="stmt"/>
        <line num="32" count="34" type="stmt"/>
        <line num="34" count="34" type="cond" truecount="1" falsecount="0"/>
        <line num="35" count="13" type="stmt"/>
        <line num="38" count="34" type="cond" truecount="1" falsecount="0"/>
        <line num="39" count="13" type="stmt"/>
        <line num="45" count="14" type="stmt"/>
        <line num="46" count="14" type="stmt"/>
        <line num="47" count="14" type="stmt"/>
        <line num="48" count="14" type="stmt"/>
        <line num="49" count="14" type="stmt"/>
        <line num="51" count="14" type="stmt"/>
        <line num="52" count="14" type="stmt"/>
        <line num="57" count="14" type="stmt"/>
        <line num="59" count="14" type="stmt"/>
        <line num="65" count="14" type="stmt"/>
        <line num="66" count="14" type="stmt"/>
        <line num="67" count="1" type="cond" truecount="1" falsecount="0"/>
        <line num="68" count="1" type="stmt"/>
        <line num="73" count="1" type="stmt"/>
        <line num="76" count="1" type="cond" truecount="1" falsecount="0"/>
        <line num="77" count="1" type="stmt"/>
        <line num="85" count="20" type="cond" truecount="1" falsecount="0"/>
        <line num="87" count="13" type="stmt"/>
        <line num="89" count="13" type="stmt"/>
        <line num="90" count="37" type="stmt"/>
        <line num="93" count="13" type="stmt"/>
        <line num="97" count="14" type="cond" truecount="1" falsecount="0"/>
        <line num="99" count="9" type="stmt"/>
        <line num="103" count="5" type="stmt"/>
      </file>
    </package>
    <package name="lib.service">
      <metrics statements="45" coveredstatements="45" conditionals="1" coveredconditionals="1" methods="8" coveredmethods="8"/>
      <file name="index.ts" path="/Users/boudydegeer/Code/@nfut/packages/npm/@mosaiqo/feathers-microservices/lib/service/index.ts">
        <metrics statements="1" coveredstatements="1" conditionals="0" coveredconditionals="0" methods="1" coveredmethods="1"/>
        <line num="1" count="423" type="stmt"/>
      </file>
      <file name="remote.ts" path="/Users/boudydegeer/Code/@nfut/packages/npm/@mosaiqo/feathers-microservices/lib/service/remote.ts">
        <metrics statements="44" coveredstatements="44" conditionals="1" coveredconditionals="1" methods="7" coveredmethods="7"/>
        <line num="1" count="4" type="stmt"/>
        <line num="2" count="4" type="stmt"/>
        <line num="4" count="4" type="stmt"/>
        <line num="6" count="4" type="stmt"/>
        <line num="12" count="451" type="stmt"/>
        <line num="13" count="451" type="stmt"/>
        <line num="14" count="451" type="stmt"/>
        <line num="18" count="12" type="stmt"/>
        <line num="19" count="12" type="stmt"/>
        <line num="20" count="12" type="stmt"/>
        <line num="21" count="4" type="stmt"/>
        <line num="22" count="4" type="stmt"/>
        <line num="24" count="8" type="stmt"/>
        <line num="29" count="14" type="stmt"/>
        <line num="30" count="14" type="stmt"/>
        <line num="31" count="14" type="stmt"/>
        <line num="32" count="6" type="stmt"/>
        <line num="33" count="6" type="stmt"/>
        <line num="35" count="8" type="stmt"/>
        <line num="40" count="11" type="stmt"/>
        <line num="41" count="11" type="stmt"/>
        <line num="42" count="11" type="stmt"/>
        <line num="43" count="3" type="stmt"/>
        <line num="44" count="3" type="stmt"/>
        <line num="46" count="8" type="stmt"/>
        <line num="51" count="11" type="stmt"/>
        <line num="52" count="11" type="stmt"/>
        <line num="53" count="11" type="stmt"/>
        <line num="54" count="3" type="stmt"/>
        <line num="55" count="3" type="stmt"/>
        <line num="57" count="8" type="stmt"/>
        <line num="62" count="11" type="stmt"/>
        <line num="63" count="11" type="stmt"/>
        <line num="64" count="11" type="stmt"/>
        <line num="65" count="3" type="stmt"/>
        <line num="66" count="3" type="stmt"/>
        <line num="68" count="8" type="stmt"/>
        <line num="73" count="11" type="stmt"/>
        <line num="74" count="11" type="stmt"/>
        <line num="75" count="11" type="stmt"/>
        <line num="76" count="3" type="stmt"/>
        <line num="77" count="3" type="stmt"/>
        <line num="79" count="8" type="stmt"/>
        <line num="84" count="4" type="stmt"/>
      </file>
    </package>
  </project>
</coverage>
