<?xml version="1.0" encoding="UTF-8"?>
<coverage generated="1673389133299" clover="3.2.0">
  <project timestamp="1673389133299" name="All files">
    <metrics statements="425" coveredstatements="425" conditionals="100" coveredconditionals="100" methods="102" coveredmethods="102" elements="627" coveredelements="627" complexity="0" loc="425" ncloc="425" packages="9" files="23" classes="23"/>
    <package name="lib">
      <metrics statements="129" coveredstatements="129" conditionals="31" coveredconditionals="31" methods="23" coveredmethods="23"/>
      <file name="constants.ts" path="/Users/boudydegeer/Code/@nfut/packages/npm/@mosaiqo/feathers-microservices/lib/constants.ts">
        <metrics statements="11" coveredstatements="11" conditionals="2" coveredconditionals="2" methods="1" coveredmethods="1"/>
        <line num="3" count="11" type="stmt"/>
        <line num="4" count="11" type="stmt"/>
        <line num="5" count="11" type="stmt"/>
        <line num="7" count="11" type="stmt"/>
        <line num="16" count="11" type="stmt"/>
        <line num="17" count="11" type="stmt"/>
        <line num="19" count="11" type="cond" truecount="2" falsecount="0"/>
        <line num="20" count="11" type="stmt"/>
        <line num="21" count="11" type="stmt"/>
        <line num="24" count="11" type="stmt"/>
        <line num="38" count="11" type="stmt"/>
      </file>
      <file name="error-handler.ts" path="/Users/boudydegeer/Code/@nfut/packages/npm/@mosaiqo/feathers-microservices/lib/error-handler.ts">
        <metrics statements="17" coveredstatements="17" conditionals="11" coveredconditionals="11" methods="1" coveredmethods="1"/>
        <line num="1" count="4" type="stmt"/>
        <line num="3" count="4" type="stmt"/>
        <line num="4" count="48" type="stmt"/>
        <line num="5" count="48" type="cond" truecount="4" falsecount="0"/>
        <line num="7" count="48" type="cond" truecount="2" falsecount="0"/>
        <line num="8" count="24" type="cond" truecount="1" falsecount="0"/>
        <line num="9" count="12" type="stmt"/>
        <line num="11" count="24" type="cond" truecount="2" falsecount="0"/>
        <line num="12" count="12" type="cond" truecount="1" falsecount="0"/>
        <line num="14" count="12" type="stmt"/>
        <line num="17" count="12" type="stmt"/>
        <line num="20" count="48" type="cond" truecount="1" falsecount="0"/>
        <line num="21" count="12" type="stmt"/>
        <line num="24" count="48" type="stmt"/>
        <line num="25" count="48" type="stmt"/>
        <line num="27" count="48" type="stmt"/>
        <line num="30" count="4" type="stmt"/>
      </file>
      <file name="index.ts" path="/Users/boudydegeer/Code/@nfut/packages/npm/@mosaiqo/feathers-microservices/lib/index.ts">
        <metrics statements="8" coveredstatements="8" conditionals="0" coveredconditionals="0" methods="2" coveredmethods="2"/>
        <line num="2" count="3" type="stmt"/>
        <line num="4" count="3" type="stmt"/>
        <line num="5" count="49" type="stmt"/>
        <line num="6" count="49" type="stmt"/>
        <line num="7" count="48" type="stmt"/>
        <line num="9" count="48" type="stmt"/>
        <line num="13" count="3" type="stmt"/>
        <line num="14" count="3" type="stmt"/>
      </file>
      <file name="microservice.ts" path="/Users/boudydegeer/Code/@nfut/packages/npm/@mosaiqo/feathers-microservices/lib/microservice.ts">
        <metrics statements="93" coveredstatements="93" conditionals="18" coveredconditionals="18" methods="19" coveredmethods="19"/>
        <line num="1" count="3" type="stmt"/>
        <line num="2" count="3" type="stmt"/>
        <line num="4" count="3" type="stmt"/>
        <line num="7" count="3" type="stmt"/>
        <line num="8" count="3" type="stmt"/>
        <line num="9" count="3" type="stmt"/>
        <line num="10" count="3" type="stmt"/>
        <line num="11" count="3" type="stmt"/>
        <line num="12" count="3" type="stmt"/>
        <line num="13" count="3" type="stmt"/>
        <line num="14" count="3" type="stmt"/>
        <line num="15" count="3" type="stmt"/>
        <line num="16" count="3" type="stmt"/>
        <line num="29" count="49" type="stmt"/>
        <line num="30" count="49" type="stmt"/>
        <line num="31" count="49" type="stmt"/>
        <line num="32" count="49" type="stmt"/>
        <line num="40" count="49" type="cond" truecount="2" falsecount="0"/>
        <line num="41" count="49" type="cond" truecount="2" falsecount="0"/>
        <line num="42" count="49" type="cond" truecount="2" falsecount="0"/>
        <line num="43" count="49" type="stmt"/>
        <line num="45" count="49" type="cond" truecount="3" falsecount="0"/>
        <line num="46" count="1" type="stmt"/>
        <line num="50" count="48" type="stmt"/>
        <line num="58" count="48" type="stmt"/>
        <line num="63" count="48" type="stmt"/>
        <line num="66" count="48" type="stmt"/>
        <line num="69" count="48" type="stmt"/>
        <line num="72" count="48" type="stmt"/>
        <line num="73" count="35" type="cond" truecount="2" falsecount="0"/>
        <line num="74" count="35" type="stmt"/>
        <line num="75" count="35" type="cond" truecount="1" falsecount="0"/>
        <line num="76" count="2" type="stmt"/>
        <line num="78" count="33" type="stmt"/>
        <line num="87" count="48" type="stmt"/>
        <line num="88" count="48" type="stmt"/>
        <line num="89" count="48" type="stmt"/>
        <line num="90" count="48" type="stmt"/>
        <line num="91" count="48" type="stmt"/>
        <line num="92" count="48" type="stmt"/>
        <line num="94" count="48" type="stmt"/>
        <line num="95" count="48" type="stmt"/>
        <line num="99" count="48" type="stmt"/>
        <line num="103" count="48" type="stmt"/>
        <line num="104" count="48" type="stmt"/>
        <line num="108" count="48" type="stmt"/>
        <line num="110" count="48" type="stmt"/>
        <line num="111" count="48" type="stmt"/>
        <line num="116" count="48" type="stmt"/>
        <line num="118" count="48" type="stmt"/>
        <line num="119" count="48" type="stmt"/>
        <line num="124" count="48" type="stmt"/>
        <line num="126" count="48" type="stmt"/>
        <line num="127" count="48" type="stmt"/>
        <line num="132" count="48" type="stmt"/>
        <line num="133" count="48" type="stmt"/>
        <line num="135" count="298" type="stmt"/>
        <line num="140" count="48" type="cond" truecount="1" falsecount="0"/>
        <line num="141" count="12" type="stmt"/>
        <line num="142" count="10" type="stmt"/>
        <line num="147" count="10" type="stmt"/>
        <line num="148" count="10" type="stmt"/>
        <line num="149" count="10" type="stmt"/>
        <line num="150" count="10" type="cond" truecount="3" falsecount="0"/>
        <line num="152" count="1" type="stmt"/>
        <line num="155" count="10" type="stmt"/>
        <line num="160" count="10" type="stmt"/>
        <line num="166" count="10" type="stmt"/>
        <line num="183" count="48" type="cond" truecount="1" falsecount="0"/>
        <line num="185" count="15" type="stmt"/>
        <line num="186" count="15" type="stmt"/>
        <line num="187" count="15" type="stmt"/>
        <line num="189" count="15" type="stmt"/>
        <line num="191" count="15" type="stmt"/>
        <line num="193" count="15" type="stmt"/>
        <line num="196" count="15" type="stmt"/>
        <line num="215" count="15" type="stmt"/>
        <line num="216" count="12" type="stmt"/>
        <line num="218" count="12" type="stmt"/>
        <line num="219" count="48" type="stmt"/>
        <line num="220" count="5" type="stmt"/>
        <line num="221" count="5" type="stmt"/>
        <line num="231" count="15" type="stmt"/>
        <line num="232" count="15" type="stmt"/>
        <line num="233" count="12" type="cond" truecount="1" falsecount="0"/>
        <line num="234" count="12" type="stmt"/>
        <line num="243" count="12" type="stmt"/>
        <line num="247" count="15" type="stmt"/>
        <line num="255" count="15" type="stmt"/>
        <line num="256" count="15" type="stmt"/>
        <line num="263" count="48" type="stmt"/>
        <line num="264" count="48" type="stmt"/>
        <line num="268" count="3" type="stmt"/>
      </file>
    </package>
    <package name="lib.clients">
      <metrics statements="12" coveredstatements="12" conditionals="1" coveredconditionals="1" methods="3" coveredmethods="3"/>
      <file name="amqp.ts" path="/Users/boudydegeer/Code/@nfut/packages/npm/@mosaiqo/feathers-microservices/lib/clients/amqp.ts">
        <metrics statements="11" coveredstatements="11" conditionals="1" coveredconditionals="1" methods="2" coveredmethods="2"/>
        <line num="1" count="9" type="stmt"/>
        <line num="2" count="9" type="stmt"/>
        <line num="3" count="9" type="stmt"/>
        <line num="12" count="81" type="stmt"/>
        <line num="13" count="81" type="stmt"/>
        <line num="23" count="79" type="stmt"/>
        <line num="24" count="79" type="stmt"/>
        <line num="25" count="79" type="stmt"/>
        <line num="26" count="79" type="stmt"/>
        <line num="28" count="79" type="stmt"/>
        <line num="32" count="9" type="stmt"/>
      </file>
      <file name="index.ts" path="/Users/boudydegeer/Code/@nfut/packages/npm/@mosaiqo/feathers-microservices/lib/clients/index.ts">
        <metrics statements="1" coveredstatements="1" conditionals="0" coveredconditionals="0" methods="1" coveredmethods="1"/>
        <line num="1" count="90" type="stmt"/>
      </file>
    </package>
    <package name="lib.consumers">
      <metrics statements="23" coveredstatements="23" conditionals="3" coveredconditionals="3" methods="6" coveredmethods="6"/>
      <file name="app.ts" path="/Users/boudydegeer/Code/@nfut/packages/npm/@mosaiqo/feathers-microservices/lib/consumers/app.ts">
        <metrics statements="22" coveredstatements="22" conditionals="3" coveredconditionals="3" methods="5" coveredmethods="5"/>
        <line num="2" count="4" type="stmt"/>
        <line num="5" count="4" type="stmt"/>
        <line num="14" count="51" type="stmt"/>
        <line num="15" count="51" type="stmt"/>
        <line num="16" count="51" type="stmt"/>
        <line num="17" count="51" type="stmt"/>
        <line num="19" count="51" type="stmt"/>
        <line num="21" count="51" type="stmt"/>
        <line num="29" count="51" type="stmt"/>
        <line num="36" count="51" type="stmt"/>
        <line num="43" count="51" type="stmt"/>
        <line num="49" count="51" type="stmt"/>
        <line num="50" count="410" type="stmt"/>
        <line num="52" count="410" type="cond" truecount="1" falsecount="0"/>
        <line num="54" count="347" type="cond" truecount="1" falsecount="0"/>
        <line num="56" count="310" type="cond" truecount="1" falsecount="0"/>
        <line num="57" count="310" type="stmt"/>
        <line num="58" count="310" type="stmt"/>
        <line num="62" count="347" type="stmt"/>
        <line num="67" count="49" type="stmt"/>
        <line num="71" count="13" type="stmt"/>
        <line num="75" count="4" type="stmt"/>
      </file>
      <file name="index.ts" path="/Users/boudydegeer/Code/@nfut/packages/npm/@mosaiqo/feathers-microservices/lib/consumers/index.ts">
        <metrics statements="1" coveredstatements="1" conditionals="0" coveredconditionals="0" methods="1" coveredmethods="1"/>
        <line num="1" count="55" type="stmt"/>
      </file>
    </package>
    <package name="lib.events">
      <metrics statements="51" coveredstatements="51" conditionals="8" coveredconditionals="8" methods="21" coveredmethods="21"/>
      <file name="HelloEvent.ts" path="/Users/boudydegeer/Code/@nfut/packages/npm/@mosaiqo/feathers-microservices/lib/events/HelloEvent.ts">
        <metrics statements="15" coveredstatements="15" conditionals="1" coveredconditionals="1" methods="6" coveredmethods="6"/>
        <line num="1" count="12" type="stmt"/>
        <line num="2" count="354" type="stmt"/>
        <line num="9" count="354" type="stmt"/>
        <line num="10" count="354" type="stmt"/>
        <line num="11" count="354" type="stmt"/>
        <line num="12" count="354" type="stmt"/>
        <line num="16" count="302" type="stmt"/>
        <line num="20" count="54" type="stmt"/>
        <line num="24" count="301" type="stmt"/>
        <line num="25" count="301" type="cond" truecount="1" falsecount="0"/>
        <line num="26" count="1" type="stmt"/>
        <line num="28" count="300" type="stmt"/>
        <line num="32" count="355" type="stmt"/>
        <line num="40" count="54" type="stmt"/>
        <line num="49" count="12" type="stmt"/>
      </file>
      <file name="RPCRequestEvent.ts" path="/Users/boudydegeer/Code/@nfut/packages/npm/@mosaiqo/feathers-microservices/lib/events/RPCRequestEvent.ts">
        <metrics statements="18" coveredstatements="18" conditionals="6" coveredconditionals="6" methods="6" coveredmethods="6"/>
        <line num="1" count="12" type="stmt"/>
        <line num="2" count="12" type="stmt"/>
        <line num="3" count="23" type="stmt"/>
        <line num="13" count="23" type="cond" truecount="2" falsecount="0"/>
        <line num="14" count="23" type="stmt"/>
        <line num="15" count="23" type="stmt"/>
        <line num="16" count="23" type="stmt"/>
        <line num="17" count="23" type="stmt"/>
        <line num="18" count="23" type="stmt"/>
        <line num="22" count="25" type="stmt"/>
        <line num="26" count="22" type="stmt"/>
        <line num="30" count="2" type="stmt"/>
        <line num="31" count="2" type="cond" truecount="1" falsecount="0"/>
        <line num="32" count="1" type="stmt"/>
        <line num="34" count="1" type="stmt"/>
        <line num="38" count="26" type="stmt"/>
        <line num="48" count="24" type="stmt"/>
        <line num="56" count="12" type="stmt"/>
      </file>
      <file name="ServicesPublishedEvent.ts" path="/Users/boudydegeer/Code/@nfut/packages/npm/@mosaiqo/feathers-microservices/lib/events/ServicesPublishedEvent.ts">
        <metrics statements="15" coveredstatements="15" conditionals="1" coveredconditionals="1" methods="6" coveredmethods="6"/>
        <line num="1" count="12" type="stmt"/>
        <line num="2" count="30" type="stmt"/>
        <line num="9" count="30" type="stmt"/>
        <line num="10" count="30" type="stmt"/>
        <line num="11" count="30" type="stmt"/>
        <line num="12" count="30" type="stmt"/>
        <line num="16" count="1" type="stmt"/>
        <line num="20" count="18" type="stmt"/>
        <line num="24" count="13" type="stmt"/>
        <line num="25" count="13" type="cond" truecount="1" falsecount="0"/>
        <line num="26" count="1" type="stmt"/>
        <line num="28" count="12" type="stmt"/>
        <line num="32" count="31" type="stmt"/>
        <line num="40" count="19" type="stmt"/>
        <line num="49" count="12" type="stmt"/>
      </file>
      <file name="index.ts" path="/Users/boudydegeer/Code/@nfut/packages/npm/@mosaiqo/feathers-microservices/lib/events/index.ts">
        <metrics statements="3" coveredstatements="3" conditionals="0" coveredconditionals="0" methods="3" coveredmethods="3"/>
        <line num="1" count="119" type="stmt"/>
        <line num="2" count="83" type="stmt"/>
        <line num="3" count="36" type="stmt"/>
      </file>
    </package>
    <package name="lib.publishers">
      <metrics statements="11" coveredstatements="11" conditionals="0" coveredconditionals="0" methods="5" coveredmethods="5"/>
      <file name="apps.ts" path="/Users/boudydegeer/Code/@nfut/packages/npm/@mosaiqo/feathers-microservices/lib/publishers/apps.ts">
        <metrics statements="10" coveredstatements="10" conditionals="0" coveredconditionals="0" methods="4" coveredmethods="4"/>
        <line num="2" count="4" type="stmt"/>
        <line num="6" count="4" type="stmt"/>
        <line num="8" count="4" type="stmt"/>
        <line num="14" count="50" type="stmt"/>
        <line num="15" count="50" type="stmt"/>
        <line num="16" count="50" type="stmt"/>
        <line num="21" count="50" type="stmt"/>
        <line num="29" count="49" type="stmt"/>
        <line num="37" count="15" type="stmt"/>
        <line num="45" count="4" type="stmt"/>
      </file>
      <file name="index.ts" path="/Users/boudydegeer/Code/@nfut/packages/npm/@mosaiqo/feathers-microservices/lib/publishers/index.ts">
        <metrics statements="1" coveredstatements="1" conditionals="0" coveredconditionals="0" methods="1" coveredmethods="1"/>
        <line num="1" count="54" type="stmt"/>
      </file>
    </package>
    <package name="lib.regristrars">
      <metrics statements="5" coveredstatements="5" conditionals="0" coveredconditionals="0" methods="4" coveredmethods="4"/>
      <file name="apps.ts" path="/Users/boudydegeer/Code/@nfut/packages/npm/@mosaiqo/feathers-microservices/lib/regristrars/apps.ts">
        <metrics statements="4" coveredstatements="4" conditionals="0" coveredconditionals="0" methods="3" coveredmethods="3"/>
        <line num="4" count="4" type="stmt"/>
        <line num="7" count="49" type="stmt"/>
        <line num="13" count="299" type="stmt"/>
        <line num="17" count="4" type="stmt"/>
      </file>
      <file name="index.ts" path="/Users/boudydegeer/Code/@nfut/packages/npm/@mosaiqo/feathers-microservices/lib/regristrars/index.ts">
        <metrics statements="1" coveredstatements="1" conditionals="0" coveredconditionals="0" methods="1" coveredmethods="1"/>
        <line num="1" count="53" type="stmt"/>
      </file>
    </package>
    <package name="lib.repliers">
      <metrics statements="29" coveredstatements="29" conditionals="0" coveredconditionals="0" methods="11" coveredmethods="11"/>
      <file name="index.ts" path="/Users/boudydegeer/Code/@nfut/packages/npm/@mosaiqo/feathers-microservices/lib/repliers/index.ts">
        <metrics statements="1" coveredstatements="1" conditionals="0" coveredconditionals="0" methods="1" coveredmethods="1"/>
        <line num="1" count="18" type="stmt"/>
      </file>
      <file name="rpc.ts" path="/Users/boudydegeer/Code/@nfut/packages/npm/@mosaiqo/feathers-microservices/lib/repliers/rpc.ts">
        <metrics statements="28" coveredstatements="28" conditionals="0" coveredconditionals="0" methods="10" coveredmethods="10"/>
        <line num="3" count="4" type="stmt"/>
        <line num="9" count="23" type="stmt"/>
        <line num="10" count="23" type="stmt"/>
        <line num="11" count="23" type="stmt"/>
        <line num="12" count="23" type="stmt"/>
        <line num="16" count="23" type="stmt"/>
        <line num="17" count="23" type="stmt"/>
        <line num="18" count="13" type="stmt"/>
        <line num="19" count="13" type="stmt"/>
        <line num="20" count="13" type="stmt"/>
        <line num="25" count="13" type="stmt"/>
        <line num="30" count="13" type="stmt"/>
        <line num="31" count="13" type="stmt"/>
        <line num="32" count="13" type="stmt"/>
        <line num="33" count="13" type="stmt"/>
        <line num="34" count="13" type="stmt"/>
        <line num="35" count="13" type="stmt"/>
        <line num="36" count="13" type="stmt"/>
        <line num="39" count="12" type="stmt"/>
        <line num="40" count="2" type="stmt"/>
        <line num="41" count="2" type="stmt"/>
        <line num="42" count="2" type="stmt"/>
        <line num="43" count="2" type="stmt"/>
        <line num="44" count="2" type="stmt"/>
        <line num="45" count="2" type="stmt"/>
        <line num="47" count="12" type="stmt"/>
        <line num="49" count="1" type="stmt"/>
        <line num="54" count="4" type="stmt"/>
      </file>
    </package>
    <package name="lib.requesters">
      <metrics statements="120" coveredstatements="120" conditionals="56" coveredconditionals="56" methods="21" coveredmethods="21"/>
      <file name="http.ts" path="/Users/boudydegeer/Code/@nfut/packages/npm/@mosaiqo/feathers-microservices/lib/requesters/http.ts">
        <metrics statements="63" coveredstatements="63" conditionals="45" coveredconditionals="45" methods="10" coveredmethods="10"/>
        <line num="1" count="6" type="stmt"/>
        <line num="2" count="6" type="stmt"/>
        <line num="3" count="6" type="stmt"/>
        <line num="4" count="6" type="stmt"/>
        <line num="5" count="6" type="stmt"/>
        <line num="8" count="6" type="stmt"/>
        <line num="15" count="6" type="stmt"/>
        <line num="29" count="44" type="stmt"/>
        <line num="33" count="44" type="cond" truecount="2" falsecount="0"/>
        <line num="34" count="44" type="stmt"/>
        <line num="35" count="44" type="stmt"/>
        <line num="36" count="44" type="cond" truecount="2" falsecount="0"/>
        <line num="37" count="44" type="stmt"/>
        <line num="38" count="44" type="cond" truecount="2" falsecount="0"/>
        <line num="39" count="44" type="stmt"/>
        <line num="40" count="44" type="stmt"/>
        <line num="41" count="44" type="stmt"/>
        <line num="42" count="44" type="stmt"/>
        <line num="43" count="44" type="cond" truecount="2" falsecount="0"/>
        <line num="45" count="44" type="cond" truecount="1" falsecount="0"/>
        <line num="52" count="42" type="stmt"/>
        <line num="53" count="42" type="cond" truecount="2" falsecount="0"/>
        <line num="54" count="42" type="cond" truecount="2" falsecount="0"/>
        <line num="55" count="42" type="cond" truecount="3" falsecount="0"/>
        <line num="57" count="42" type="stmt"/>
        <line num="58" count="41" type="stmt"/>
        <line num="59" count="40" type="stmt"/>
        <line num="61" count="39" type="cond" truecount="2" falsecount="0"/>
        <line num="62" count="39" type="stmt"/>
        <line num="64" count="39" type="stmt"/>
        <line num="66" count="39" type="stmt"/>
        <line num="71" count="39" type="cond" truecount="1" falsecount="0"/>
        <line num="73" count="39" type="cond" truecount="1" falsecount="0"/>
        <line num="74" count="2" type="stmt"/>
        <line num="75" count="2" type="stmt"/>
        <line num="76" count="2" type="stmt"/>
        <line num="79" count="39" type="stmt"/>
        <line num="88" count="39" type="cond" truecount="1" falsecount="0"/>
        <line num="90" count="4" type="stmt"/>
        <line num="93" count="39" type="cond" truecount="1" falsecount="0"/>
        <line num="95" count="5" type="stmt"/>
        <line num="97" count="5" type="stmt"/>
        <line num="100" count="39" type="stmt"/>
        <line num="101" count="39" type="cond" truecount="2" falsecount="0"/>
        <line num="102" count="39" type="stmt"/>
        <line num="103" count="15" type="stmt"/>
        <line num="107" count="42" type="cond" truecount="3" falsecount="0"/>
        <line num="111" count="41" type="cond" truecount="1" falsecount="0"/>
        <line num="115" count="40" type="cond" truecount="3" falsecount="0"/>
        <line num="119" count="40" type="cond" truecount="3" falsecount="0"/>
        <line num="123" count="39" type="cond" truecount="2" falsecount="0"/>
        <line num="124" count="39" type="cond" truecount="4" falsecount="0"/>
        <line num="125" count="39" type="stmt"/>
        <line num="127" count="39" type="cond" truecount="1" falsecount="0"/>
        <line num="129" count="39" type="stmt"/>
        <line num="131" count="39" type="stmt"/>
        <line num="135" count="103" type="cond" truecount="1" falsecount="0"/>
        <line num="136" count="69" type="stmt"/>
        <line num="138" count="205" type="stmt"/>
        <line num="140" count="69" type="stmt"/>
        <line num="144" count="26" type="cond" truecount="1" falsecount="0"/>
        <line num="146" count="25" type="stmt"/>
        <line num="150" count="6" type="stmt"/>
      </file>
      <file name="index.ts" path="/Users/boudydegeer/Code/@nfut/packages/npm/@mosaiqo/feathers-microservices/lib/requesters/index.ts">
        <metrics statements="16" coveredstatements="16" conditionals="5" coveredconditionals="5" methods="3" coveredmethods="3"/>
        <line num="3" count="4" type="stmt"/>
        <line num="4" count="4" type="stmt"/>
        <line num="6" count="4" type="stmt"/>
        <line num="8" count="15" type="stmt"/>
        <line num="9" count="15" type="stmt"/>
        <line num="11" count="15" type="cond" truecount="1" falsecount="0"/>
        <line num="12" count="4" type="stmt"/>
        <line num="15" count="15" type="cond" truecount="3" falsecount="0"/>
        <line num="16" count="1" type="stmt"/>
        <line num="19" count="14" type="stmt"/>
        <line num="20" count="3" type="stmt"/>
        <line num="21" count="11" type="stmt"/>
        <line num="23" count="14" type="stmt"/>
        <line num="24" count="14" type="stmt"/>
        <line num="26" count="14" type="stmt"/>
        <line num="31" count="4" type="stmt"/>
      </file>
      <file name="rpc.ts" path="/Users/boudydegeer/Code/@nfut/packages/npm/@mosaiqo/feathers-microservices/lib/requesters/rpc.ts">
        <metrics statements="41" coveredstatements="41" conditionals="6" coveredconditionals="6" methods="8" coveredmethods="8"/>
        <line num="3" count="5" type="stmt"/>
        <line num="4" count="5" type="stmt"/>
        <line num="12" count="5" type="stmt"/>
        <line num="21" count="20" type="stmt"/>
        <line num="22" count="20" type="stmt"/>
        <line num="23" count="20" type="stmt"/>
        <line num="24" count="20" type="stmt"/>
        <line num="25" count="20" type="stmt"/>
        <line num="26" count="20" type="stmt"/>
        <line num="29" count="20" type="stmt"/>
        <line num="30" count="20" type="stmt"/>
        <line num="31" count="34" type="stmt"/>
        <line num="32" count="34" type="stmt"/>
        <line num="34" count="34" type="cond" truecount="1" falsecount="0"/>
        <line num="35" count="13" type="stmt"/>
        <line num="38" count="34" type="cond" truecount="1" falsecount="0"/>
        <line num="39" count="13" type="stmt"/>
        <line num="45" count="14" type="stmt"/>
        <line num="46" count="14" type="stmt"/>
        <line num="47" count="14" type="stmt"/>
        <line num="48" count="14" type="stmt"/>
        <line num="49" count="14" type="stmt"/>
        <line num="51" count="14" type="stmt"/>
        <line num="52" count="14" type="stmt"/>
        <line num="57" count="14" type="stmt"/>
        <line num="59" count="14" type="stmt"/>
        <line num="65" count="14" type="stmt"/>
        <line num="66" count="14" type="stmt"/>
        <line num="67" count="1" type="cond" truecount="1" falsecount="0"/>
        <line num="68" count="1" type="stmt"/>
        <line num="73" count="1" type="stmt"/>
        <line num="76" count="1" type="cond" truecount="1" falsecount="0"/>
        <line num="77" count="1" type="stmt"/>
        <line num="85" count="20" type="cond" truecount="1" falsecount="0"/>
        <line num="87" count="13" type="stmt"/>
        <line num="89" count="13" type="stmt"/>
        <line num="90" count="37" type="stmt"/>
        <line num="93" count="13" type="stmt"/>
        <line num="97" count="14" type="cond" truecount="1" falsecount="0"/>
        <line num="99" count="9" type="stmt"/>
        <line num="103" count="5" type="stmt"/>
      </file>
    </package>
    <package name="lib.service">
      <metrics statements="45" coveredstatements="45" conditionals="1" coveredconditionals="1" methods="8" coveredmethods="8"/>
      <file name="index.ts" path="/Users/boudydegeer/Code/@nfut/packages/npm/@mosaiqo/feathers-microservices/lib/service/index.ts">
        <metrics statements="1" coveredstatements="1" conditionals="0" coveredconditionals="0" methods="1" coveredmethods="1"/>
        <line num="1" count="15" type="stmt"/>
      </file>
      <file name="remote.ts" path="/Users/boudydegeer/Code/@nfut/packages/npm/@mosaiqo/feathers-microservices/lib/service/remote.ts">
        <metrics statements="44" coveredstatements="44" conditionals="1" coveredconditionals="1" methods="7" coveredmethods="7"/>
        <line num="1" count="4" type="stmt"/>
        <line num="2" count="4" type="stmt"/>
        <line num="4" count="4" type="stmt"/>
        <line num="6" count="4" type="stmt"/>
        <line num="12" count="43" type="stmt"/>
        <line num="13" count="43" type="stmt"/>
        <line num="14" count="43" type="stmt"/>
        <line num="18" count="12" type="stmt"/>
        <line num="19" count="12" type="stmt"/>
        <line num="20" count="12" type="stmt"/>
        <line num="21" count="4" type="stmt"/>
        <line num="22" count="4" type="stmt"/>
        <line num="24" count="8" type="stmt"/>
        <line num="29" count="14" type="stmt"/>
        <line num="30" count="14" type="stmt"/>
        <line num="31" count="14" type="stmt"/>
        <line num="32" count="6" type="stmt"/>
        <line num="33" count="6" type="stmt"/>
        <line num="35" count="8" type="stmt"/>
        <line num="40" count="11" type="stmt"/>
        <line num="41" count="11" type="stmt"/>
        <line num="42" count="11" type="stmt"/>
        <line num="43" count="3" type="stmt"/>
        <line num="44" count="3" type="stmt"/>
        <line num="46" count="8" type="stmt"/>
        <line num="51" count="11" type="stmt"/>
        <line num="52" count="11" type="stmt"/>
        <line num="53" count="11" type="stmt"/>
        <line num="54" count="3" type="stmt"/>
        <line num="55" count="3" type="stmt"/>
        <line num="57" count="8" type="stmt"/>
        <line num="62" count="11" type="stmt"/>
        <line num="63" count="11" type="stmt"/>
        <line num="64" count="11" type="stmt"/>
        <line num="65" count="3" type="stmt"/>
        <line num="66" count="3" type="stmt"/>
        <line num="68" count="8" type="stmt"/>
        <line num="73" count="11" type="stmt"/>
        <line num="74" count="11" type="stmt"/>
        <line num="75" count="11" type="stmt"/>
        <line num="76" count="3" type="stmt"/>
        <line num="77" count="3" type="stmt"/>
        <line num="79" count="8" type="stmt"/>
        <line num="84" count="4" type="stmt"/>
      </file>
    </package>
  </project>
</coverage>
