{"/Users/boudydegeer/Code/@nfut/packages/npm/@mosaiqo/feathers-microservices/lib/constants.ts": {"path":"/Users/boudydegeer/Code/@nfut/packages/npm/@mosaiqo/feathers-microservices/lib/constants.ts","statementMap":{"0":{"start":{"line":3,"column":13},"end":{"line":3,"column":null}},"1":{"start":{"line":4,"column":13},"end":{"line":4,"column":null}},"2":{"start":{"line":5,"column":13},"end":{"line":5,"column":null}},"3":{"start":{"line":7,"column":13},"end":{"line":14,"column":null}},"4":{"start":{"line":16,"column":13},"end":{"line":16,"column":null}},"5":{"start":{"line":17,"column":13},"end":{"line":17,"column":null}},"6":{"start":{"line":19,"column":0},"end":{"line":19,"column":null}},"7":{"start":{"line":20,"column":1},"end":{"line":20,"column":null}},"8":{"start":{"line":21,"column":1},"end":{"line":21,"column":null}},"9":{"start":{"line":24,"column":13},"end":{"line":35,"column":null}},"10":{"start":{"line":38,"column":0},"end":{"line":43,"column":null}}},"fnMap":{"0":{"name":"(anonymous_0)","decl":{"start":{"line":19,"column":0},"end":{"line":19,"column":12}},"loc":{"start":{"line":19,"column":28},"end":{"line":22,"column":1}}}},"branchMap":{"0":{"loc":{"start":{"line":19,"column":12},"end":{"line":19,"column":null}},"type":"binary-expr","locations":[{"start":{"line":19,"column":12},"end":{"line":19,"column":28}},{"start":{"line":19,"column":12},"end":{"line":19,"column":null}}]}},"s":{"0":11,"1":11,"2":11,"3":11,"4":11,"5":11,"6":11,"7":11,"8":11,"9":11,"10":11},"f":{"0":11},"b":{"0":[11,11]}}
,"/Users/boudydegeer/Code/@nfut/packages/npm/@mosaiqo/feathers-microservices/lib/error-handler.ts": {"path":"/Users/boudydegeer/Code/@nfut/packages/npm/@mosaiqo/feathers-microservices/lib/error-handler.ts","statementMap":{"0":{"start":{"line":1,"column":0},"end":{"line":1,"column":44}},"1":{"start":{"line":3,"column":28},"end":{"line":28,"column":1}},"2":{"start":{"line":4,"column":21},"end":{"line":4,"column":27}},"3":{"start":{"line":5,"column":13},"end":{"line":5,"column":75}},"4":{"start":{"line":7,"column":1},"end":{"line":18,"column":null}},"5":{"start":{"line":8,"column":2},"end":{"line":10,"column":null}},"6":{"start":{"line":9,"column":3},"end":{"line":9,"column":null}},"7":{"start":{"line":11,"column":8},"end":{"line":18,"column":null}},"8":{"start":{"line":12,"column":2},"end":{"line":15,"column":null}},"9":{"start":{"line":14,"column":3},"end":{"line":14,"column":null}},"10":{"start":{"line":17,"column":2},"end":{"line":17,"column":null}},"11":{"start":{"line":20,"column":1},"end":{"line":22,"column":null}},"12":{"start":{"line":21,"column":2},"end":{"line":21,"column":null}},"13":{"start":{"line":24,"column":1},"end":{"line":24,"column":null}},"14":{"start":{"line":25,"column":1},"end":{"line":25,"column":null}},"15":{"start":{"line":27,"column":1},"end":{"line":27,"column":null}},"16":{"start":{"line":3,"column":13},"end":{"line":3,"column":28}},"17":{"start":{"line":30,"column":0},"end":{"line":30,"column":null}}},"fnMap":{"0":{"name":"(anonymous_6)","decl":{"start":{"line":3,"column":28},"end":{"line":3,"column":38}},"loc":{"start":{"line":3,"column":43},"end":{"line":28,"column":1}}}},"branchMap":{"0":{"loc":{"start":{"line":5,"column":13},"end":{"line":5,"column":75}},"type":"cond-expr","locations":[{"start":{"line":5,"column":30},"end":{"line":5,"column":67}},{"start":{"line":5,"column":70},"end":{"line":5,"column":75}}]},"1":{"loc":{"start":{"line":5,"column":30},"end":{"line":5,"column":67}},"type":"binary-expr","locations":[{"start":{"line":5,"column":30},"end":{"line":5,"column":49}},{"start":{"line":5,"column":53},"end":{"line":5,"column":67}}]},"2":{"loc":{"start":{"line":7,"column":1},"end":{"line":18,"column":null}},"type":"if","locations":[{"start":{"line":7,"column":1},"end":{"line":18,"column":null}},{"start":{"line":11,"column":8},"end":{"line":18,"column":null}}]},"3":{"loc":{"start":{"line":8,"column":2},"end":{"line":10,"column":null}},"type":"if","locations":[{"start":{"line":8,"column":2},"end":{"line":10,"column":null}}]},"4":{"loc":{"start":{"line":11,"column":8},"end":{"line":18,"column":null}},"type":"if","locations":[{"start":{"line":11,"column":8},"end":{"line":18,"column":null}},{"start":{"line":16,"column":8},"end":{"line":18,"column":null}}]},"5":{"loc":{"start":{"line":12,"column":2},"end":{"line":15,"column":null}},"type":"if","locations":[{"start":{"line":12,"column":2},"end":{"line":15,"column":null}}]},"6":{"loc":{"start":{"line":20,"column":1},"end":{"line":22,"column":null}},"type":"if","locations":[{"start":{"line":20,"column":1},"end":{"line":22,"column":null}}]}},"s":{"0":4,"1":4,"2":48,"3":48,"4":48,"5":24,"6":12,"7":24,"8":12,"9":12,"10":12,"11":48,"12":12,"13":48,"14":48,"15":48,"16":4,"17":4},"f":{"0":48},"b":{"0":[24,24],"1":[24,18],"2":[24,24],"3":[12],"4":[12,12],"5":[12],"6":[12]}}
,"/Users/boudydegeer/Code/@nfut/packages/npm/@mosaiqo/feathers-microservices/lib/index.ts": {"path":"/Users/boudydegeer/Code/@nfut/packages/npm/@mosaiqo/feathers-microservices/lib/index.ts","statementMap":{"0":{"start":{"line":2,"column":0},"end":{"line":2,"column":45}},"1":{"start":{"line":4,"column":13},"end":{"line":11,"column":1}},"2":{"start":{"line":5,"column":1},"end":{"line":10,"column":null}},"3":{"start":{"line":6,"column":23},"end":{"line":6,"column":50}},"4":{"start":{"line":7,"column":2},"end":{"line":7,"column":null}},"5":{"start":{"line":9,"column":2},"end":{"line":9,"column":null}},"6":{"start":{"line":13,"column":0},"end":{"line":13,"column":null}},"7":{"start":{"line":14,"column":0},"end":{"line":14,"column":null}}},"fnMap":{"0":{"name":"(anonymous_0)","decl":{"start":{"line":4,"column":13},"end":{"line":4,"column":24}},"loc":{"start":{"line":4,"column":60},"end":{"line":11,"column":1}}},"1":{"name":"(anonymous_1)","decl":{"start":{"line":5,"column":8},"end":{"line":5,"column":13}},"loc":{"start":{"line":5,"column":27},"end":{"line":10,"column":2}}}},"branchMap":{},"s":{"0":3,"1":3,"2":49,"3":49,"4":48,"5":48,"6":3,"7":3},"f":{"0":49,"1":49},"b":{}}
,"/Users/boudydegeer/Code/@nfut/packages/npm/@mosaiqo/feathers-microservices/lib/microservice.ts": {"path":"/Users/boudydegeer/Code/@nfut/packages/npm/@mosaiqo/feathers-microservices/lib/microservice.ts","statementMap":{"0":{"start":{"line":1,"column":0},"end":{"line":1,"column":50}},"1":{"start":{"line":2,"column":0},"end":{"line":2,"column":44}},"2":{"start":{"line":4,"column":0},"end":{"line":4,"column":25}},"3":{"start":{"line":7,"column":0},"end":{"line":7,"column":76}},"4":{"start":{"line":8,"column":0},"end":{"line":8,"column":45}},"5":{"start":{"line":9,"column":0},"end":{"line":9,"column":61}},"6":{"start":{"line":10,"column":0},"end":{"line":10,"column":44}},"7":{"start":{"line":11,"column":0},"end":{"line":11,"column":39}},"8":{"start":{"line":12,"column":0},"end":{"line":12,"column":40}},"9":{"start":{"line":13,"column":0},"end":{"line":13,"column":41}},"10":{"start":{"line":14,"column":0},"end":{"line":14,"column":38}},"11":{"start":{"line":15,"column":0},"end":{"line":15,"column":42}},"12":{"start":{"line":29,"column":26},"end":{"line":29,"column":28}},"13":{"start":{"line":30,"column":28},"end":{"line":30,"column":30}},"14":{"start":{"line":31,"column":28},"end":{"line":31,"column":30}},"15":{"start":{"line":32,"column":28},"end":{"line":32,"column":33}},"16":{"start":{"line":40,"column":2},"end":{"line":40,"column":null}},"17":{"start":{"line":41,"column":2},"end":{"line":41,"column":null}},"18":{"start":{"line":42,"column":2},"end":{"line":42,"column":null}},"19":{"start":{"line":43,"column":2},"end":{"line":43,"column":null}},"20":{"start":{"line":45,"column":2},"end":{"line":47,"column":null}},"21":{"start":{"line":46,"column":3},"end":{"line":46,"column":null}},"22":{"start":{"line":50,"column":2},"end":{"line":56,"column":null}},"23":{"start":{"line":58,"column":2},"end":{"line":58,"column":null}},"24":{"start":{"line":63,"column":2},"end":{"line":63,"column":null}},"25":{"start":{"line":66,"column":2},"end":{"line":66,"column":null}},"26":{"start":{"line":69,"column":2},"end":{"line":69,"column":null}},"27":{"start":{"line":72,"column":2},"end":{"line":79,"column":null}},"28":{"start":{"line":73,"column":20},"end":{"line":73,"column":45}},"29":{"start":{"line":74,"column":19},"end":{"line":74,"column":42}},"30":{"start":{"line":75,"column":3},"end":{"line":77,"column":null}},"31":{"start":{"line":76,"column":4},"end":{"line":76,"column":125}},"32":{"start":{"line":78,"column":3},"end":{"line":78,"column":null}},"33":{"start":{"line":87,"column":2},"end":{"line":87,"column":null}},"34":{"start":{"line":88,"column":2},"end":{"line":88,"column":null}},"35":{"start":{"line":89,"column":2},"end":{"line":89,"column":null}},"36":{"start":{"line":90,"column":2},"end":{"line":90,"column":null}},"37":{"start":{"line":91,"column":2},"end":{"line":91,"column":null}},"38":{"start":{"line":92,"column":2},"end":{"line":92,"column":null}},"39":{"start":{"line":94,"column":2},"end":{"line":94,"column":null}},"40":{"start":{"line":95,"column":2},"end":{"line":95,"column":null}},"41":{"start":{"line":99,"column":17},"end":{"line":101,"column":13}},"42":{"start":{"line":103,"column":2},"end":{"line":103,"column":null}},"43":{"start":{"line":104,"column":2},"end":{"line":104,"column":null}},"44":{"start":{"line":108,"column":2},"end":{"line":108,"column":null}},"45":{"start":{"line":110,"column":2},"end":{"line":112,"column":null}},"46":{"start":{"line":111,"column":3},"end":{"line":111,"column":null}},"47":{"start":{"line":116,"column":2},"end":{"line":116,"column":null}},"48":{"start":{"line":118,"column":2},"end":{"line":120,"column":null}},"49":{"start":{"line":119,"column":3},"end":{"line":119,"column":null}},"50":{"start":{"line":124,"column":2},"end":{"line":124,"column":null}},"51":{"start":{"line":126,"column":2},"end":{"line":128,"column":null}},"52":{"start":{"line":127,"column":3},"end":{"line":127,"column":null}},"53":{"start":{"line":132,"column":14},"end":{"line":132,"column":22}},"54":{"start":{"line":133,"column":2},"end":{"line":136,"column":null}},"55":{"start":{"line":135,"column":3},"end":{"line":135,"column":null}},"56":{"start":{"line":140,"column":2},"end":{"line":140,"column":null}},"57":{"start":{"line":140,"column":32},"end":{"line":140,"column":38}},"58":{"start":{"line":141,"column":2},"end":{"line":143,"column":null}},"59":{"start":{"line":142,"column":3},"end":{"line":142,"column":null}},"60":{"start":{"line":147,"column":2},"end":{"line":176,"column":null}},"61":{"start":{"line":148,"column":24},"end":{"line":148,"column":73}},"62":{"start":{"line":149,"column":19},"end":{"line":149,"column":50}},"63":{"start":{"line":150,"column":3},"end":{"line":153,"column":null}},"64":{"start":{"line":152,"column":4},"end":{"line":152,"column":null}},"65":{"start":{"line":155,"column":30},"end":{"line":155,"column":71}},"66":{"start":{"line":160,"column":21},"end":{"line":163,"column":44}},"67":{"start":{"line":166,"column":3},"end":{"line":175,"column":null}},"68":{"start":{"line":183,"column":2},"end":{"line":183,"column":null}},"69":{"start":{"line":183,"column":31},"end":{"line":183,"column":37}},"70":{"start":{"line":185,"column":19},"end":{"line":185,"column":54}},"71":{"start":{"line":186,"column":2},"end":{"line":186,"column":null}},"72":{"start":{"line":187,"column":2},"end":{"line":187,"column":null}},"73":{"start":{"line":189,"column":16},"end":{"line":189,"column":37}},"74":{"start":{"line":191,"column":2},"end":{"line":191,"column":null}},"75":{"start":{"line":193,"column":18},"end":{"line":195,"column":18}},"76":{"start":{"line":196,"column":2},"end":{"line":196,"column":null}},"77":{"start":{"line":215,"column":2},"end":{"line":224,"column":null}},"78":{"start":{"line":216,"column":19},"end":{"line":216,"column":55}},"79":{"start":{"line":218,"column":3},"end":{"line":223,"column":null}},"80":{"start":{"line":219,"column":4},"end":{"line":222,"column":null}},"81":{"start":{"line":220,"column":23},"end":{"line":220,"column":110}},"82":{"start":{"line":221,"column":5},"end":{"line":221,"column":null}},"83":{"start":{"line":231,"column":19},"end":{"line":231,"column":21}},"84":{"start":{"line":232,"column":2},"end":{"line":245,"column":null}},"85":{"start":{"line":233,"column":3},"end":{"line":244,"column":null}},"86":{"start":{"line":234,"column":26},"end":{"line":242,"column":null}},"87":{"start":{"line":243,"column":4},"end":{"line":243,"column":null}},"88":{"start":{"line":247,"column":2},"end":{"line":247,"column":null}},"89":{"start":{"line":255,"column":16},"end":{"line":255,"column":93}},"90":{"start":{"line":256,"column":2},"end":{"line":256,"column":null}},"91":{"start":{"line":263,"column":16},"end":{"line":263,"column":90}},"92":{"start":{"line":264,"column":2},"end":{"line":264,"column":null}},"93":{"start":{"line":16,"column":0},"end":{"line":16,"column":13}},"94":{"start":{"line":268,"column":0},"end":{"line":268,"column":null}}},"fnMap":{"0":{"name":"(anonymous_6)","decl":{"start":{"line":39,"column":1},"end":{"line":39,"column":14}},"loc":{"start":{"line":39,"column":58},"end":{"line":59,"column":2}}},"1":{"name":"(anonymous_7)","decl":{"start":{"line":61,"column":1},"end":{"line":61,"column":6}},"loc":{"start":{"line":61,"column":32},"end":{"line":80,"column":2}}},"2":{"name":"(anonymous_8)","decl":{"start":{"line":72,"column":21},"end":{"line":72,"column":31}},"loc":{"start":{"line":72,"column":35},"end":{"line":79,"column":3}}},"3":{"name":"(anonymous_9)","decl":{"start":{"line":86,"column":1},"end":{"line":86,"column":6}},"loc":{"start":{"line":86,"column":11},"end":{"line":96,"column":2}}},"4":{"name":"(anonymous_10)","decl":{"start":{"line":98,"column":1},"end":{"line":98,"column":6}},"loc":{"start":{"line":98,"column":19},"end":{"line":105,"column":2}}},"5":{"name":"(anonymous_11)","decl":{"start":{"line":107,"column":1},"end":{"line":107,"column":6}},"loc":{"start":{"line":107,"column":22},"end":{"line":113,"column":2}}},"6":{"name":"(anonymous_12)","decl":{"start":{"line":115,"column":1},"end":{"line":115,"column":6}},"loc":{"start":{"line":115,"column":23},"end":{"line":121,"column":2}}},"7":{"name":"(anonymous_13)","decl":{"start":{"line":123,"column":1},"end":{"line":123,"column":6}},"loc":{"start":{"line":123,"column":23},"end":{"line":129,"column":2}}},"8":{"name":"(anonymous_14)","decl":{"start":{"line":131,"column":1},"end":{"line":131,"column":6}},"loc":{"start":{"line":131,"column":25},"end":{"line":137,"column":2}}},"9":{"name":"(anonymous_15)","decl":{"start":{"line":133,"column":35},"end":{"line":133,"column":40}},"loc":{"start":{"line":133,"column":63},"end":{"line":136,"column":3}}},"10":{"name":"(anonymous_16)","decl":{"start":{"line":139,"column":1},"end":{"line":139,"column":6}},"loc":{"start":{"line":139,"column":28},"end":{"line":144,"column":2}}},"11":{"name":"(anonymous_17)","decl":{"start":{"line":141,"column":47},"end":{"line":141,"column":52}},"loc":{"start":{"line":141,"column":63},"end":{"line":143,"column":3}}},"12":{"name":"(anonymous_18)","decl":{"start":{"line":146,"column":1},"end":{"line":146,"column":6}},"loc":{"start":{"line":146,"column":32},"end":{"line":177,"column":2}}},"13":{"name":"(anonymous_19)","decl":{"start":{"line":182,"column":1},"end":{"line":182,"column":6}},"loc":{"start":{"line":182,"column":22},"end":{"line":208,"column":2}}},"14":{"name":"(anonymous_20)","decl":{"start":{"line":214,"column":1},"end":{"line":214,"column":6}},"loc":{"start":{"line":214,"column":50},"end":{"line":225,"column":2}}},"15":{"name":"(anonymous_21)","decl":{"start":{"line":219,"column":22},"end":{"line":219,"column":27}},"loc":{"start":{"line":219,"column":37},"end":{"line":222,"column":5}}},"16":{"name":"(anonymous_22)","decl":{"start":{"line":230,"column":1},"end":{"line":230,"column":6}},"loc":{"start":{"line":230,"column":29},"end":{"line":248,"column":2}}},"17":{"name":"(anonymous_23)","decl":{"start":{"line":254,"column":1},"end":{"line":254,"column":6}},"loc":{"start":{"line":254,"column":32},"end":{"line":257,"column":2}}},"18":{"name":"(anonymous_24)","decl":{"start":{"line":262,"column":1},"end":{"line":262,"column":6}},"loc":{"start":{"line":262,"column":17},"end":{"line":265,"column":2}}}},"branchMap":{"0":{"loc":{"start":{"line":40,"column":12},"end":{"line":40,"column":31}},"type":"binary-expr","locations":[{"start":{"line":40,"column":12},"end":{"line":40,"column":23}},{"start":{"line":40,"column":27},"end":{"line":40,"column":31}}]},"1":{"loc":{"start":{"line":41,"column":13},"end":{"line":41,"column":33}},"type":"binary-expr","locations":[{"start":{"line":41,"column":13},"end":{"line":41,"column":25}},{"start":{"line":41,"column":29},"end":{"line":41,"column":33}}]},"2":{"loc":{"start":{"line":42,"column":15},"end":{"line":42,"column":54}},"type":"binary-expr","locations":[{"start":{"line":42,"column":15},"end":{"line":42,"column":29}},{"start":{"line":42,"column":33},"end":{"line":42,"column":54}}]},"3":{"loc":{"start":{"line":45,"column":2},"end":{"line":47,"column":null}},"type":"if","locations":[{"start":{"line":45,"column":2},"end":{"line":47,"column":null}}]},"4":{"loc":{"start":{"line":45,"column":6},"end":{"line":45,"column":63}},"type":"binary-expr","locations":[{"start":{"line":45,"column":6},"end":{"line":45,"column":45}},{"start":{"line":45,"column":49},"end":{"line":45,"column":63}}]},"5":{"loc":{"start":{"line":73,"column":20},"end":{"line":73,"column":45}},"type":"binary-expr","locations":[{"start":{"line":73,"column":20},"end":{"line":73,"column":38}},{"start":{"line":73,"column":42},"end":{"line":73,"column":45}}]},"6":{"loc":{"start":{"line":75,"column":3},"end":{"line":77,"column":null}},"type":"if","locations":[{"start":{"line":75,"column":3},"end":{"line":77,"column":null}}]},"7":{"loc":{"start":{"line":140,"column":2},"end":{"line":140,"column":null}},"type":"if","locations":[{"start":{"line":140,"column":2},"end":{"line":140,"column":null}}]},"8":{"loc":{"start":{"line":150,"column":3},"end":{"line":153,"column":null}},"type":"if","locations":[{"start":{"line":150,"column":3},"end":{"line":153,"column":null}}]},"9":{"loc":{"start":{"line":150,"column":7},"end":{"line":150,"column":32}},"type":"binary-expr","locations":[{"start":{"line":150,"column":7},"end":{"line":150,"column":14}},{"start":{"line":150,"column":18},"end":{"line":150,"column":32}}]},"10":{"loc":{"start":{"line":183,"column":2},"end":{"line":183,"column":null}},"type":"if","locations":[{"start":{"line":183,"column":2},"end":{"line":183,"column":null}}]},"11":{"loc":{"start":{"line":233,"column":3},"end":{"line":244,"column":null}},"type":"if","locations":[{"start":{"line":233,"column":3},"end":{"line":244,"column":null}}]}},"s":{"0":3,"1":3,"2":3,"3":3,"4":3,"5":3,"6":3,"7":3,"8":3,"9":3,"10":3,"11":3,"12":49,"13":49,"14":49,"15":49,"16":49,"17":49,"18":49,"19":49,"20":49,"21":1,"22":48,"23":48,"24":48,"25":48,"26":48,"27":48,"28":35,"29":35,"30":35,"31":2,"32":33,"33":48,"34":48,"35":48,"36":48,"37":48,"38":48,"39":48,"40":48,"41":48,"42":48,"43":48,"44":48,"45":48,"46":48,"47":48,"48":48,"49":48,"50":48,"51":48,"52":48,"53":48,"54":48,"55":298,"56":48,"57":36,"58":12,"59":10,"60":10,"61":10,"62":10,"63":10,"64":1,"65":10,"66":10,"67":10,"68":48,"69":33,"70":15,"71":15,"72":15,"73":15,"74":15,"75":15,"76":15,"77":15,"78":12,"79":12,"80":48,"81":5,"82":5,"83":15,"84":15,"85":12,"86":12,"87":12,"88":15,"89":15,"90":15,"91":48,"92":48,"93":3,"94":3},"f":{"0":49,"1":48,"2":35,"3":48,"4":48,"5":48,"6":48,"7":48,"8":48,"9":298,"10":48,"11":10,"12":10,"13":48,"14":15,"15":5,"16":15,"17":15,"18":48},"b":{"0":[49,41],"1":[49,22],"2":[49,42],"3":[1],"4":[49,11],"5":[35,1],"6":[2],"7":[36],"8":[1],"9":[10,1],"10":[33],"11":[12]}}
,"/Users/boudydegeer/Code/@nfut/packages/npm/@mosaiqo/feathers-microservices/lib/clients/amqp.ts": {"path":"/Users/boudydegeer/Code/@nfut/packages/npm/@mosaiqo/feathers-microservices/lib/clients/amqp.ts","statementMap":{"0":{"start":{"line":1,"column":0},"end":{"line":1,"column":42}},"1":{"start":{"line":2,"column":0},"end":{"line":2,"column":81}},"2":{"start":{"line":12,"column":2},"end":{"line":12,"column":null}},"3":{"start":{"line":13,"column":2},"end":{"line":19,"column":null}},"4":{"start":{"line":23,"column":2},"end":{"line":23,"column":null}},"5":{"start":{"line":24,"column":2},"end":{"line":24,"column":null}},"6":{"start":{"line":25,"column":2},"end":{"line":25,"column":null}},"7":{"start":{"line":26,"column":2},"end":{"line":26,"column":null}},"8":{"start":{"line":28,"column":2},"end":{"line":28,"column":null}},"9":{"start":{"line":3,"column":0},"end":{"line":3,"column":13}},"10":{"start":{"line":32,"column":0},"end":{"line":32,"column":null}}},"fnMap":{"0":{"name":"(anonymous_1)","decl":{"start":{"line":11,"column":1},"end":{"line":11,"column":14}},"loc":{"start":{"line":11,"column":31},"end":{"line":20,"column":2}}},"1":{"name":"(anonymous_2)","decl":{"start":{"line":22,"column":8},"end":{"line":22,"column":13}},"loc":{"start":{"line":22,"column":21},"end":{"line":29,"column":2}}}},"branchMap":{"0":{"loc":{"start":{"line":11,"column":19},"end":{"line":11,"column":31}},"type":"default-arg","locations":[{"start":{"line":11,"column":29},"end":{"line":11,"column":31}}]}},"s":{"0":9,"1":9,"2":81,"3":81,"4":79,"5":79,"6":79,"7":79,"8":79,"9":9,"10":9},"f":{"0":81,"1":79},"b":{"0":[31]}}
,"/Users/boudydegeer/Code/@nfut/packages/npm/@mosaiqo/feathers-microservices/lib/clients/index.ts": {"path":"/Users/boudydegeer/Code/@nfut/packages/npm/@mosaiqo/feathers-microservices/lib/clients/index.ts","statementMap":{"0":{"start":{"line":1,"column":0},"end":{"line":1,"column":9}},"1":{"start":{"line":1,"column":9},"end":{"line":1,"column":30}}},"fnMap":{"0":{"name":"(anonymous_1)","decl":{"start":{"line":1,"column":9},"end":{"line":1,"column":16}},"loc":{"start":{"line":1,"column":9},"end":{"line":1,"column":30}}}},"branchMap":{},"s":{"0":9,"1":90},"f":{"0":81},"b":{}}
,"/Users/boudydegeer/Code/@nfut/packages/npm/@mosaiqo/feathers-microservices/lib/consumers/app.ts": {"path":"/Users/boudydegeer/Code/@nfut/packages/npm/@mosaiqo/feathers-microservices/lib/consumers/app.ts","statementMap":{"0":{"start":{"line":2,"column":0},"end":{"line":2,"column":62}},"1":{"start":{"line":14,"column":2},"end":{"line":14,"column":null}},"2":{"start":{"line":15,"column":2},"end":{"line":15,"column":null}},"3":{"start":{"line":16,"column":2},"end":{"line":16,"column":null}},"4":{"start":{"line":17,"column":2},"end":{"line":17,"column":null}},"5":{"start":{"line":19,"column":2},"end":{"line":19,"column":null}},"6":{"start":{"line":21,"column":2},"end":{"line":24,"column":null}},"7":{"start":{"line":29,"column":2},"end":{"line":33,"column":null}},"8":{"start":{"line":36,"column":2},"end":{"line":39,"column":null}},"9":{"start":{"line":43,"column":2},"end":{"line":47,"column":null}},"10":{"start":{"line":49,"column":2},"end":{"line":63,"column":null}},"11":{"start":{"line":50,"column":21},"end":{"line":50,"column":63}},"12":{"start":{"line":52,"column":3},"end":{"line":52,"column":40}},"13":{"start":{"line":52,"column":34},"end":{"line":52,"column":40}},"14":{"start":{"line":54,"column":3},"end":{"line":60,"column":null}},"15":{"start":{"line":56,"column":4},"end":{"line":59,"column":null}},"16":{"start":{"line":57,"column":19},"end":{"line":57,"column":70}},"17":{"start":{"line":58,"column":5},"end":{"line":58,"column":null}},"18":{"start":{"line":62,"column":3},"end":{"line":62,"column":null}},"19":{"start":{"line":67,"column":2},"end":{"line":67,"column":null}},"20":{"start":{"line":71,"column":2},"end":{"line":71,"column":null}},"21":{"start":{"line":5,"column":0},"end":{"line":5,"column":13}},"22":{"start":{"line":75,"column":0},"end":{"line":75,"column":null}}},"fnMap":{"0":{"name":"(anonymous_0)","decl":{"start":{"line":13,"column":1},"end":{"line":13,"column":13}},"loc":{"start":{"line":13,"column":51},"end":{"line":25,"column":2}}},"1":{"name":"(anonymous_1)","decl":{"start":{"line":27,"column":1},"end":{"line":27,"column":6}},"loc":{"start":{"line":27,"column":11},"end":{"line":64,"column":2}}},"2":{"name":"(anonymous_2)","decl":{"start":{"line":49,"column":41},"end":{"line":49,"column":46}},"loc":{"start":{"line":49,"column":56},"end":{"line":63,"column":3}}},"3":{"name":"(anonymous_3)","decl":{"start":{"line":66,"column":1},"end":{"line":66,"column":6}},"loc":{"start":{"line":66,"column":40},"end":{"line":68,"column":2}}},"4":{"name":"(anonymous_4)","decl":{"start":{"line":70,"column":1},"end":{"line":70,"column":6}},"loc":{"start":{"line":70,"column":64},"end":{"line":72,"column":2}}}},"branchMap":{"0":{"loc":{"start":{"line":52,"column":3},"end":{"line":52,"column":40}},"type":"if","locations":[{"start":{"line":52,"column":3},"end":{"line":52,"column":40}}]},"1":{"loc":{"start":{"line":54,"column":3},"end":{"line":60,"column":null}},"type":"if","locations":[{"start":{"line":54,"column":3},"end":{"line":60,"column":null}}]},"2":{"loc":{"start":{"line":56,"column":4},"end":{"line":59,"column":null}},"type":"if","locations":[{"start":{"line":56,"column":4},"end":{"line":59,"column":null}}]}},"s":{"0":4,"1":51,"2":51,"3":51,"4":51,"5":51,"6":51,"7":51,"8":51,"9":51,"10":51,"11":410,"12":410,"13":63,"14":347,"15":310,"16":310,"17":310,"18":347,"19":49,"20":13,"21":4,"22":4},"f":{"0":51,"1":51,"2":410,"3":49,"4":13},"b":{"0":[63],"1":[310],"2":[310]}}
,"/Users/boudydegeer/Code/@nfut/packages/npm/@mosaiqo/feathers-microservices/lib/consumers/index.ts": {"path":"/Users/boudydegeer/Code/@nfut/packages/npm/@mosaiqo/feathers-microservices/lib/consumers/index.ts","statementMap":{"0":{"start":{"line":1,"column":0},"end":{"line":1,"column":9}},"1":{"start":{"line":1,"column":9},"end":{"line":1,"column":32}}},"fnMap":{"0":{"name":"(anonymous_1)","decl":{"start":{"line":1,"column":9},"end":{"line":1,"column":16}},"loc":{"start":{"line":1,"column":9},"end":{"line":1,"column":32}}}},"branchMap":{},"s":{"0":4,"1":55},"f":{"0":51},"b":{}}
,"/Users/boudydegeer/Code/@nfut/packages/npm/@mosaiqo/feathers-microservices/lib/events/HelloEvent.ts": {"path":"/Users/boudydegeer/Code/@nfut/packages/npm/@mosaiqo/feathers-microservices/lib/events/HelloEvent.ts","statementMap":{"0":{"start":{"line":2,"column":8},"end":{"line":2,"column":20}},"1":{"start":{"line":9,"column":2},"end":{"line":9,"column":null}},"2":{"start":{"line":10,"column":2},"end":{"line":10,"column":null}},"3":{"start":{"line":11,"column":2},"end":{"line":11,"column":null}},"4":{"start":{"line":12,"column":2},"end":{"line":12,"column":null}},"5":{"start":{"line":16,"column":2},"end":{"line":16,"column":null}},"6":{"start":{"line":20,"column":2},"end":{"line":20,"column":null}},"7":{"start":{"line":24,"column":32},"end":{"line":24,"column":41}},"8":{"start":{"line":25,"column":2},"end":{"line":27,"column":null}},"9":{"start":{"line":26,"column":3},"end":{"line":26,"column":null}},"10":{"start":{"line":28,"column":2},"end":{"line":28,"column":null}},"11":{"start":{"line":32,"column":2},"end":{"line":36,"column":null}},"12":{"start":{"line":40,"column":2},"end":{"line":45,"column":null}},"13":{"start":{"line":1,"column":0},"end":{"line":1,"column":13}},"14":{"start":{"line":49,"column":0},"end":{"line":49,"column":null}}},"fnMap":{"0":{"name":"(anonymous_0)","decl":{"start":{"line":8,"column":1},"end":{"line":8,"column":22}},"loc":{"start":{"line":8,"column":41},"end":{"line":13,"column":2}}},"1":{"name":"(anonymous_1)","decl":{"start":{"line":15,"column":1},"end":{"line":15,"column":5}},"loc":{"start":{"line":15,"column":9},"end":{"line":17,"column":2}}},"2":{"name":"(anonymous_2)","decl":{"start":{"line":19,"column":1},"end":{"line":19,"column":7}},"loc":{"start":{"line":19,"column":34},"end":{"line":21,"column":2}}},"3":{"name":"(anonymous_3)","decl":{"start":{"line":23,"column":1},"end":{"line":23,"column":7}},"loc":{"start":{"line":23,"column":29},"end":{"line":29,"column":2}}},"4":{"name":"(anonymous_4)","decl":{"start":{"line":31,"column":1},"end":{"line":31,"column":5}},"loc":{"start":{"line":31,"column":9},"end":{"line":37,"column":2}}},"5":{"name":"(anonymous_5)","decl":{"start":{"line":39,"column":1},"end":{"line":39,"column":7}},"loc":{"start":{"line":39,"column":7},"end":{"line":46,"column":2}}}},"branchMap":{"0":{"loc":{"start":{"line":25,"column":2},"end":{"line":27,"column":null}},"type":"if","locations":[{"start":{"line":25,"column":2},"end":{"line":27,"column":null}}]}},"s":{"0":354,"1":354,"2":354,"3":354,"4":354,"5":302,"6":54,"7":301,"8":301,"9":1,"10":300,"11":355,"12":54,"13":12,"14":12},"f":{"0":354,"1":302,"2":54,"3":301,"4":355,"5":54},"b":{"0":[1]}}
,"/Users/boudydegeer/Code/@nfut/packages/npm/@mosaiqo/feathers-microservices/lib/events/RPCRequestEvent.ts": {"path":"/Users/boudydegeer/Code/@nfut/packages/npm/@mosaiqo/feathers-microservices/lib/events/RPCRequestEvent.ts","statementMap":{"0":{"start":{"line":1,"column":0},"end":{"line":1,"column":25}},"1":{"start":{"line":3,"column":8},"end":{"line":3,"column":25}},"2":{"start":{"line":13,"column":2},"end":{"line":13,"column":null}},"3":{"start":{"line":14,"column":2},"end":{"line":14,"column":null}},"4":{"start":{"line":15,"column":2},"end":{"line":15,"column":null}},"5":{"start":{"line":16,"column":2},"end":{"line":16,"column":null}},"6":{"start":{"line":17,"column":2},"end":{"line":17,"column":null}},"7":{"start":{"line":18,"column":2},"end":{"line":18,"column":null}},"8":{"start":{"line":22,"column":2},"end":{"line":22,"column":null}},"9":{"start":{"line":26,"column":2},"end":{"line":26,"column":null}},"10":{"start":{"line":30,"column":29},"end":{"line":30,"column":38}},"11":{"start":{"line":31,"column":2},"end":{"line":33,"column":null}},"12":{"start":{"line":32,"column":3},"end":{"line":32,"column":null}},"13":{"start":{"line":34,"column":2},"end":{"line":34,"column":null}},"14":{"start":{"line":38,"column":2},"end":{"line":44,"column":null}},"15":{"start":{"line":48,"column":2},"end":{"line":52,"column":null}},"16":{"start":{"line":2,"column":0},"end":{"line":2,"column":13}},"17":{"start":{"line":56,"column":0},"end":{"line":56,"column":null}}},"fnMap":{"0":{"name":"(anonymous_0)","decl":{"start":{"line":12,"column":1},"end":{"line":12,"column":22}},"loc":{"start":{"line":12,"column":63},"end":{"line":19,"column":2}}},"1":{"name":"(anonymous_1)","decl":{"start":{"line":21,"column":1},"end":{"line":21,"column":5}},"loc":{"start":{"line":21,"column":9},"end":{"line":23,"column":2}}},"2":{"name":"(anonymous_2)","decl":{"start":{"line":25,"column":1},"end":{"line":25,"column":7}},"loc":{"start":{"line":25,"column":55},"end":{"line":27,"column":2}}},"3":{"name":"(anonymous_3)","decl":{"start":{"line":29,"column":1},"end":{"line":29,"column":7}},"loc":{"start":{"line":29,"column":29},"end":{"line":35,"column":2}}},"4":{"name":"(anonymous_4)","decl":{"start":{"line":37,"column":1},"end":{"line":37,"column":5}},"loc":{"start":{"line":37,"column":9},"end":{"line":45,"column":2}}},"5":{"name":"(anonymous_5)","decl":{"start":{"line":47,"column":1},"end":{"line":47,"column":7}},"loc":{"start":{"line":47,"column":7},"end":{"line":53,"column":2}}}},"branchMap":{"0":{"loc":{"start":{"line":12,"column":52},"end":{"line":12,"column":63}},"type":"default-arg","locations":[{"start":{"line":12,"column":59},"end":{"line":12,"column":63}}]},"1":{"loc":{"start":{"line":13,"column":15},"end":{"line":13,"column":27}},"type":"binary-expr","locations":[{"start":{"line":13,"column":15},"end":{"line":13,"column":19}},{"start":{"line":13,"column":23},"end":{"line":13,"column":27}}]},"2":{"loc":{"start":{"line":25,"column":31},"end":{"line":25,"column":42}},"type":"default-arg","locations":[{"start":{"line":25,"column":38},"end":{"line":25,"column":42}}]},"3":{"loc":{"start":{"line":25,"column":44},"end":{"line":25,"column":55}},"type":"default-arg","locations":[{"start":{"line":25,"column":53},"end":{"line":25,"column":55}}]},"4":{"loc":{"start":{"line":31,"column":2},"end":{"line":33,"column":null}},"type":"if","locations":[{"start":{"line":31,"column":2},"end":{"line":33,"column":null}}]}},"s":{"0":12,"1":23,"2":23,"3":23,"4":23,"5":23,"6":23,"7":23,"8":25,"9":22,"10":2,"11":2,"12":1,"13":1,"14":26,"15":24,"16":12,"17":12},"f":{"0":23,"1":25,"2":22,"3":2,"4":26,"5":24},"b":{"0":[22],"1":[23,22],"2":[4],"3":[8],"4":[1]}}
,"/Users/boudydegeer/Code/@nfut/packages/npm/@mosaiqo/feathers-microservices/lib/events/ServicesPublishedEvent.ts": {"path":"/Users/boudydegeer/Code/@nfut/packages/npm/@mosaiqo/feathers-microservices/lib/events/ServicesPublishedEvent.ts","statementMap":{"0":{"start":{"line":2,"column":8},"end":{"line":2,"column":32}},"1":{"start":{"line":9,"column":2},"end":{"line":9,"column":null}},"2":{"start":{"line":10,"column":2},"end":{"line":10,"column":null}},"3":{"start":{"line":11,"column":2},"end":{"line":11,"column":null}},"4":{"start":{"line":12,"column":2},"end":{"line":12,"column":null}},"5":{"start":{"line":16,"column":2},"end":{"line":16,"column":null}},"6":{"start":{"line":20,"column":2},"end":{"line":20,"column":null}},"7":{"start":{"line":24,"column":32},"end":{"line":24,"column":41}},"8":{"start":{"line":25,"column":2},"end":{"line":27,"column":null}},"9":{"start":{"line":26,"column":3},"end":{"line":26,"column":null}},"10":{"start":{"line":28,"column":2},"end":{"line":28,"column":null}},"11":{"start":{"line":32,"column":2},"end":{"line":36,"column":null}},"12":{"start":{"line":40,"column":2},"end":{"line":45,"column":null}},"13":{"start":{"line":1,"column":0},"end":{"line":1,"column":13}},"14":{"start":{"line":49,"column":0},"end":{"line":49,"column":null}}},"fnMap":{"0":{"name":"(anonymous_0)","decl":{"start":{"line":8,"column":1},"end":{"line":8,"column":22}},"loc":{"start":{"line":8,"column":45},"end":{"line":13,"column":2}}},"1":{"name":"(anonymous_1)","decl":{"start":{"line":15,"column":1},"end":{"line":15,"column":5}},"loc":{"start":{"line":15,"column":9},"end":{"line":17,"column":2}}},"2":{"name":"(anonymous_2)","decl":{"start":{"line":19,"column":1},"end":{"line":19,"column":7}},"loc":{"start":{"line":19,"column":38},"end":{"line":21,"column":2}}},"3":{"name":"(anonymous_3)","decl":{"start":{"line":23,"column":1},"end":{"line":23,"column":7}},"loc":{"start":{"line":23,"column":29},"end":{"line":29,"column":2}}},"4":{"name":"(anonymous_4)","decl":{"start":{"line":31,"column":1},"end":{"line":31,"column":5}},"loc":{"start":{"line":31,"column":9},"end":{"line":37,"column":2}}},"5":{"name":"(anonymous_5)","decl":{"start":{"line":39,"column":1},"end":{"line":39,"column":7}},"loc":{"start":{"line":39,"column":7},"end":{"line":46,"column":2}}}},"branchMap":{"0":{"loc":{"start":{"line":25,"column":2},"end":{"line":27,"column":null}},"type":"if","locations":[{"start":{"line":25,"column":2},"end":{"line":27,"column":null}}]}},"s":{"0":30,"1":30,"2":30,"3":30,"4":30,"5":1,"6":18,"7":13,"8":13,"9":1,"10":12,"11":31,"12":19,"13":12,"14":12},"f":{"0":30,"1":1,"2":18,"3":13,"4":31,"5":19},"b":{"0":[1]}}
,"/Users/boudydegeer/Code/@nfut/packages/npm/@mosaiqo/feathers-microservices/lib/events/index.ts": {"path":"/Users/boudydegeer/Code/@nfut/packages/npm/@mosaiqo/feathers-microservices/lib/events/index.ts","statementMap":{"0":{"start":{"line":1,"column":0},"end":{"line":1,"column":9}},"1":{"start":{"line":1,"column":9},"end":{"line":1,"column":30}},"2":{"start":{"line":2,"column":0},"end":{"line":2,"column":9}},"3":{"start":{"line":2,"column":9},"end":{"line":2,"column":42}},"4":{"start":{"line":3,"column":0},"end":{"line":3,"column":9}},"5":{"start":{"line":3,"column":9},"end":{"line":3,"column":35}}},"fnMap":{"0":{"name":"(anonymous_1)","decl":{"start":{"line":1,"column":9},"end":{"line":1,"column":16}},"loc":{"start":{"line":1,"column":9},"end":{"line":1,"column":30}}},"1":{"name":"(anonymous_2)","decl":{"start":{"line":2,"column":9},"end":{"line":2,"column":16}},"loc":{"start":{"line":2,"column":9},"end":{"line":2,"column":42}}},"2":{"name":"(anonymous_3)","decl":{"start":{"line":3,"column":9},"end":{"line":3,"column":16}},"loc":{"start":{"line":3,"column":9},"end":{"line":3,"column":35}}}},"branchMap":{},"s":{"0":12,"1":119,"2":12,"3":83,"4":12,"5":36},"f":{"0":107,"1":71,"2":24},"b":{}}
,"/Users/boudydegeer/Code/@nfut/packages/npm/@mosaiqo/feathers-microservices/lib/publishers/apps.ts": {"path":"/Users/boudydegeer/Code/@nfut/packages/npm/@mosaiqo/feathers-microservices/lib/publishers/apps.ts","statementMap":{"0":{"start":{"line":2,"column":0},"end":{"line":2,"column":29}},"1":{"start":{"line":6,"column":14},"end":{"line":6,"column":57}},"2":{"start":{"line":14,"column":2},"end":{"line":14,"column":null}},"3":{"start":{"line":15,"column":2},"end":{"line":15,"column":null}},"4":{"start":{"line":16,"column":2},"end":{"line":16,"column":null}},"5":{"start":{"line":21,"column":2},"end":{"line":25,"column":null}},"6":{"start":{"line":29,"column":2},"end":{"line":33,"column":null}},"7":{"start":{"line":37,"column":2},"end":{"line":41,"column":null}},"8":{"start":{"line":8,"column":0},"end":{"line":8,"column":13}},"9":{"start":{"line":45,"column":0},"end":{"line":45,"column":null}}},"fnMap":{"0":{"name":"(anonymous_1)","decl":{"start":{"line":13,"column":1},"end":{"line":13,"column":13}},"loc":{"start":{"line":13,"column":44},"end":{"line":17,"column":2}}},"1":{"name":"(anonymous_2)","decl":{"start":{"line":19,"column":1},"end":{"line":19,"column":6}},"loc":{"start":{"line":19,"column":11},"end":{"line":26,"column":2}}},"2":{"name":"(anonymous_3)","decl":{"start":{"line":28,"column":1},"end":{"line":28,"column":6}},"loc":{"start":{"line":28,"column":34},"end":{"line":34,"column":2}}},"3":{"name":"(anonymous_4)","decl":{"start":{"line":36,"column":1},"end":{"line":36,"column":6}},"loc":{"start":{"line":36,"column":49},"end":{"line":42,"column":2}}}},"branchMap":{},"s":{"0":4,"1":4,"2":50,"3":50,"4":50,"5":50,"6":49,"7":15,"8":4,"9":4},"f":{"0":50,"1":50,"2":49,"3":15},"b":{}}
,"/Users/boudydegeer/Code/@nfut/packages/npm/@mosaiqo/feathers-microservices/lib/publishers/index.ts": {"path":"/Users/boudydegeer/Code/@nfut/packages/npm/@mosaiqo/feathers-microservices/lib/publishers/index.ts","statementMap":{"0":{"start":{"line":1,"column":0},"end":{"line":1,"column":9}},"1":{"start":{"line":1,"column":9},"end":{"line":1,"column":33}}},"fnMap":{"0":{"name":"(anonymous_1)","decl":{"start":{"line":1,"column":9},"end":{"line":1,"column":16}},"loc":{"start":{"line":1,"column":9},"end":{"line":1,"column":33}}}},"branchMap":{},"s":{"0":4,"1":54},"f":{"0":50},"b":{}}
,"/Users/boudydegeer/Code/@nfut/packages/npm/@mosaiqo/feathers-microservices/lib/regristrars/apps.ts": {"path":"/Users/boudydegeer/Code/@nfut/packages/npm/@mosaiqo/feathers-microservices/lib/regristrars/apps.ts","statementMap":{"0":{"start":{"line":7,"column":2},"end":{"line":7,"column":null}},"1":{"start":{"line":13,"column":2},"end":{"line":13,"column":null}},"2":{"start":{"line":4,"column":0},"end":{"line":4,"column":13}},"3":{"start":{"line":17,"column":0},"end":{"line":17,"column":null}}},"fnMap":{"0":{"name":"(anonymous_0)","decl":{"start":{"line":6,"column":1},"end":{"line":6,"column":14}},"loc":{"start":{"line":6,"column":17},"end":{"line":8,"column":2}}},"1":{"name":"(anonymous_1)","decl":{"start":{"line":10,"column":1},"end":{"line":10,"column":5}},"loc":{"start":{"line":10,"column":5},"end":{"line":10,"column":10}}},"2":{"name":"(anonymous_2)","decl":{"start":{"line":12,"column":1},"end":{"line":12,"column":9}},"loc":{"start":{"line":12,"column":27},"end":{"line":14,"column":2}}}},"branchMap":{},"s":{"0":49,"1":299,"2":4,"3":4},"f":{"0":49,"1":48,"2":299},"b":{}}
,"/Users/boudydegeer/Code/@nfut/packages/npm/@mosaiqo/feathers-microservices/lib/regristrars/index.ts": {"path":"/Users/boudydegeer/Code/@nfut/packages/npm/@mosaiqo/feathers-microservices/lib/regristrars/index.ts","statementMap":{"0":{"start":{"line":1,"column":0},"end":{"line":1,"column":9}},"1":{"start":{"line":1,"column":9},"end":{"line":1,"column":33}}},"fnMap":{"0":{"name":"(anonymous_1)","decl":{"start":{"line":1,"column":9},"end":{"line":1,"column":16}},"loc":{"start":{"line":1,"column":9},"end":{"line":1,"column":33}}}},"branchMap":{},"s":{"0":4,"1":53},"f":{"0":49},"b":{}}
,"/Users/boudydegeer/Code/@nfut/packages/npm/@mosaiqo/feathers-microservices/lib/repliers/index.ts": {"path":"/Users/boudydegeer/Code/@nfut/packages/npm/@mosaiqo/feathers-microservices/lib/repliers/index.ts","statementMap":{"0":{"start":{"line":1,"column":0},"end":{"line":1,"column":8}},"1":{"start":{"line":1,"column":8},"end":{"line":1,"column":29}}},"fnMap":{"0":{"name":"(anonymous_1)","decl":{"start":{"line":1,"column":8},"end":{"line":1,"column":15}},"loc":{"start":{"line":1,"column":8},"end":{"line":1,"column":29}}}},"branchMap":{},"s":{"0":3,"1":18},"f":{"0":15},"b":{}}
,"/Users/boudydegeer/Code/@nfut/packages/npm/@mosaiqo/feathers-microservices/lib/repliers/rpc.ts": {"path":"/Users/boudydegeer/Code/@nfut/packages/npm/@mosaiqo/feathers-microservices/lib/repliers/rpc.ts","statementMap":{"0":{"start":{"line":9,"column":2},"end":{"line":9,"column":null}},"1":{"start":{"line":10,"column":2},"end":{"line":10,"column":null}},"2":{"start":{"line":11,"column":2},"end":{"line":11,"column":null}},"3":{"start":{"line":12,"column":2},"end":{"line":12,"column":null}},"4":{"start":{"line":16,"column":2},"end":{"line":16,"column":null}},"5":{"start":{"line":17,"column":2},"end":{"line":26,"column":null}},"6":{"start":{"line":18,"column":17},"end":{"line":18,"column":58}},"7":{"start":{"line":19,"column":20},"end":{"line":19,"column":50}},"8":{"start":{"line":20,"column":3},"end":{"line":24,"column":null}},"9":{"start":{"line":25,"column":3},"end":{"line":25,"column":null}},"10":{"start":{"line":30,"column":15},"end":{"line":30,"column":25}},"11":{"start":{"line":31,"column":17},"end":{"line":31,"column":27}},"12":{"start":{"line":32,"column":17},"end":{"line":32,"column":29}},"13":{"start":{"line":33,"column":13},"end":{"line":33,"column":21}},"14":{"start":{"line":34,"column":15},"end":{"line":34,"column":25}},"15":{"start":{"line":35,"column":2},"end":{"line":50,"column":null}},"16":{"start":{"line":36,"column":19},"end":{"line":36,"column":41}},"17":{"start":{"line":39,"column":19},"end":{"line":46,"column":null}},"18":{"start":{"line":40,"column":22},"end":{"line":40,"column":51}},"19":{"start":{"line":41,"column":21},"end":{"line":41,"column":54}},"20":{"start":{"line":42,"column":24},"end":{"line":42,"column":59}},"21":{"start":{"line":43,"column":23},"end":{"line":43,"column":62}},"22":{"start":{"line":44,"column":23},"end":{"line":44,"column":62}},"23":{"start":{"line":45,"column":24},"end":{"line":45,"column":56}},"24":{"start":{"line":47,"column":3},"end":{"line":47,"column":null}},"25":{"start":{"line":49,"column":3},"end":{"line":49,"column":null}},"26":{"start":{"line":3,"column":0},"end":{"line":3,"column":13}},"27":{"start":{"line":54,"column":0},"end":{"line":54,"column":null}}},"fnMap":{"0":{"name":"(anonymous_0)","decl":{"start":{"line":8,"column":1},"end":{"line":8,"column":14}},"loc":{"start":{"line":8,"column":35},"end":{"line":13,"column":2}}},"1":{"name":"(anonymous_1)","decl":{"start":{"line":15,"column":1},"end":{"line":15,"column":6}},"loc":{"start":{"line":15,"column":11},"end":{"line":27,"column":2}}},"2":{"name":"(anonymous_2)","decl":{"start":{"line":17,"column":41},"end":{"line":17,"column":46}},"loc":{"start":{"line":17,"column":55},"end":{"line":26,"column":3}}},"3":{"name":"(anonymous_3)","decl":{"start":{"line":29,"column":1},"end":{"line":29,"column":6}},"loc":{"start":{"line":29,"column":20},"end":{"line":51,"column":2}}},"4":{"name":"(anonymous_4)","decl":{"start":{"line":40,"column":10},"end":{"line":40,"column":15}},"loc":{"start":{"line":40,"column":22},"end":{"line":40,"column":51}}},"5":{"name":"(anonymous_5)","decl":{"start":{"line":41,"column":9},"end":{"line":41,"column":14}},"loc":{"start":{"line":41,"column":21},"end":{"line":41,"column":54}}},"6":{"name":"(anonymous_6)","decl":{"start":{"line":42,"column":12},"end":{"line":42,"column":17}},"loc":{"start":{"line":42,"column":24},"end":{"line":42,"column":59}}},"7":{"name":"(anonymous_7)","decl":{"start":{"line":43,"column":12},"end":{"line":43,"column":17}},"loc":{"start":{"line":43,"column":23},"end":{"line":43,"column":62}}},"8":{"name":"(anonymous_8)","decl":{"start":{"line":44,"column":11},"end":{"line":44,"column":16}},"loc":{"start":{"line":44,"column":23},"end":{"line":44,"column":62}}},"9":{"name":"(anonymous_9)","decl":{"start":{"line":45,"column":12},"end":{"line":45,"column":17}},"loc":{"start":{"line":45,"column":24},"end":{"line":45,"column":56}}}},"branchMap":{},"s":{"0":23,"1":23,"2":23,"3":23,"4":23,"5":23,"6":13,"7":13,"8":13,"9":13,"10":13,"11":13,"12":13,"13":13,"14":13,"15":13,"16":13,"17":12,"18":2,"19":2,"20":2,"21":2,"22":2,"23":2,"24":12,"25":1,"26":4,"27":4},"f":{"0":23,"1":23,"2":13,"3":13,"4":2,"5":2,"6":2,"7":2,"8":2,"9":2},"b":{}}
,"/Users/boudydegeer/Code/@nfut/packages/npm/@mosaiqo/feathers-microservices/lib/requesters/http.ts": {"path":"/Users/boudydegeer/Code/@nfut/packages/npm/@mosaiqo/feathers-microservices/lib/requesters/http.ts","statementMap":{"0":{"start":{"line":1,"column":0},"end":{"line":1,"column":23}},"1":{"start":{"line":2,"column":0},"end":{"line":2,"column":25}},"2":{"start":{"line":3,"column":0},"end":{"line":3,"column":25}},"3":{"start":{"line":4,"column":0},"end":{"line":4,"column":36}},"4":{"start":{"line":5,"column":0},"end":{"line":5,"column":44}},"5":{"start":{"line":8,"column":0},"end":{"line":8,"column":null}},"6":{"start":{"line":29,"column":2},"end":{"line":32,"column":null}},"7":{"start":{"line":33,"column":2},"end":{"line":33,"column":null}},"8":{"start":{"line":34,"column":2},"end":{"line":34,"column":null}},"9":{"start":{"line":35,"column":2},"end":{"line":35,"column":null}},"10":{"start":{"line":36,"column":2},"end":{"line":36,"column":null}},"11":{"start":{"line":37,"column":2},"end":{"line":37,"column":null}},"12":{"start":{"line":38,"column":2},"end":{"line":38,"column":null}},"13":{"start":{"line":39,"column":2},"end":{"line":39,"column":null}},"14":{"start":{"line":40,"column":2},"end":{"line":40,"column":null}},"15":{"start":{"line":41,"column":2},"end":{"line":41,"column":null}},"16":{"start":{"line":42,"column":2},"end":{"line":42,"column":null}},"17":{"start":{"line":43,"column":2},"end":{"line":43,"column":null}},"18":{"start":{"line":45,"column":2},"end":{"line":45,"column":null}},"19":{"start":{"line":45,"column":23},"end":{"line":45,"column":57}},"20":{"start":{"line":52,"column":43},"end":{"line":52,"column":69}},"21":{"start":{"line":53,"column":26},"end":{"line":53,"column":58}},"22":{"start":{"line":54,"column":29},"end":{"line":54,"column":53}},"23":{"start":{"line":55,"column":22},"end":{"line":55,"column":87}},"24":{"start":{"line":57,"column":2},"end":{"line":57,"column":null}},"25":{"start":{"line":58,"column":2},"end":{"line":58,"column":null}},"26":{"start":{"line":59,"column":2},"end":{"line":59,"column":null}},"27":{"start":{"line":61,"column":20},"end":{"line":61,"column":86}},"28":{"start":{"line":62,"column":22},"end":{"line":62,"column":51}},"29":{"start":{"line":64,"column":14},"end":{"line":64,"column":78}},"30":{"start":{"line":66,"column":14},"end":{"line":69,"column":null}},"31":{"start":{"line":71,"column":2},"end":{"line":71,"column":null}},"32":{"start":{"line":71,"column":36},"end":{"line":71,"column":51}},"33":{"start":{"line":73,"column":2},"end":{"line":77,"column":null}},"34":{"start":{"line":74,"column":3},"end":{"line":74,"column":null}},"35":{"start":{"line":75,"column":3},"end":{"line":75,"column":null}},"36":{"start":{"line":76,"column":3},"end":{"line":76,"column":null}},"37":{"start":{"line":79,"column":25},"end":{"line":87,"column":null}},"38":{"start":{"line":88,"column":2},"end":{"line":91,"column":null}},"39":{"start":{"line":90,"column":3},"end":{"line":90,"column":null}},"40":{"start":{"line":93,"column":2},"end":{"line":98,"column":null}},"41":{"start":{"line":95,"column":3},"end":{"line":95,"column":null}},"42":{"start":{"line":97,"column":3},"end":{"line":97,"column":null}},"43":{"start":{"line":100,"column":21},"end":{"line":100,"column":45}},"44":{"start":{"line":101,"column":15},"end":{"line":101,"column":73}},"45":{"start":{"line":102,"column":17},"end":{"line":102,"column":49}},"46":{"start":{"line":103,"column":2},"end":{"line":103,"column":null}},"47":{"start":{"line":107,"column":2},"end":{"line":107,"column":null}},"48":{"start":{"line":107,"column":47},"end":{"line":107,"column":107}},"49":{"start":{"line":111,"column":2},"end":{"line":111,"column":null}},"50":{"start":{"line":111,"column":16},"end":{"line":111,"column":61}},"51":{"start":{"line":115,"column":2},"end":{"line":115,"column":null}},"52":{"start":{"line":115,"column":40},"end":{"line":115,"column":96}},"53":{"start":{"line":119,"column":2},"end":{"line":119,"column":null}},"54":{"start":{"line":119,"column":29},"end":{"line":119,"column":40}},"55":{"start":{"line":119,"column":46},"end":{"line":119,"column":null}},"56":{"start":{"line":119,"column":74},"end":{"line":119,"column":86}},"57":{"start":{"line":123,"column":19},"end":{"line":123,"column":67}},"58":{"start":{"line":124,"column":22},"end":{"line":124,"column":100}},"59":{"start":{"line":125,"column":12},"end":{"line":125,"column":39}},"60":{"start":{"line":127,"column":2},"end":{"line":127,"column":null}},"61":{"start":{"line":127,"column":22},"end":{"line":127,"column":43}},"62":{"start":{"line":129,"column":2},"end":{"line":129,"column":null}},"63":{"start":{"line":131,"column":2},"end":{"line":131,"column":null}},"64":{"start":{"line":135,"column":2},"end":{"line":135,"column":null}},"65":{"start":{"line":135,"column":29},"end":{"line":135,"column":44}},"66":{"start":{"line":136,"column":17},"end":{"line":136,"column":30}},"67":{"start":{"line":138,"column":2},"end":{"line":138,"column":null}},"68":{"start":{"line":138,"column":44},"end":{"line":138,"column":66}},"69":{"start":{"line":140,"column":2},"end":{"line":140,"column":null}},"70":{"start":{"line":144,"column":2},"end":{"line":144,"column":null}},"71":{"start":{"line":144,"column":32},"end":{"line":144,"column":59}},"72":{"start":{"line":146,"column":2},"end":{"line":146,"column":null}},"73":{"start":{"line":15,"column":0},"end":{"line":15,"column":13}},"74":{"start":{"line":150,"column":0},"end":{"line":150,"column":null}}},"fnMap":{"0":{"name":"(anonymous_7)","decl":{"start":{"line":28,"column":1},"end":{"line":28,"column":14}},"loc":{"start":{"line":28,"column":21},"end":{"line":46,"column":2}}},"1":{"name":"(anonymous_8)","decl":{"start":{"line":48,"column":1},"end":{"line":48,"column":6}},"loc":{"start":{"line":48,"column":11},"end":{"line":48,"column":17}}},"2":{"name":"(anonymous_9)","decl":{"start":{"line":50,"column":1},"end":{"line":50,"column":6}},"loc":{"start":{"line":50,"column":20},"end":{"line":104,"column":2}}},"3":{"name":"(anonymous_10)","decl":{"start":{"line":106,"column":1},"end":{"line":106,"column":17}},"loc":{"start":{"line":106,"column":24},"end":{"line":108,"column":2}}},"4":{"name":"(anonymous_11)","decl":{"start":{"line":110,"column":1},"end":{"line":110,"column":13}},"loc":{"start":{"line":110,"column":20},"end":{"line":112,"column":2}}},"5":{"name":"(anonymous_12)","decl":{"start":{"line":114,"column":1},"end":{"line":114,"column":13}},"loc":{"start":{"line":114,"column":20},"end":{"line":116,"column":2}}},"6":{"name":"(anonymous_13)","decl":{"start":{"line":118,"column":1},"end":{"line":118,"column":16}},"loc":{"start":{"line":118,"column":26},"end":{"line":120,"column":2}}},"7":{"name":"(anonymous_14)","decl":{"start":{"line":122,"column":1},"end":{"line":122,"column":7}},"loc":{"start":{"line":122,"column":39},"end":{"line":132,"column":2}}},"8":{"name":"(anonymous_15)","decl":{"start":{"line":134,"column":1},"end":{"line":134,"column":13}},"loc":{"start":{"line":134,"column":21},"end":{"line":141,"column":2}}},"9":{"name":"(anonymous_16)","decl":{"start":{"line":143,"column":1},"end":{"line":143,"column":11}},"loc":{"start":{"line":143,"column":15},"end":{"line":147,"column":2}}}},"branchMap":{"0":{"loc":{"start":{"line":33,"column":18},"end":{"line":33,"column":54}},"type":"binary-expr","locations":[{"start":{"line":33,"column":18},"end":{"line":33,"column":34}},{"start":{"line":33,"column":38},"end":{"line":33,"column":54}}]},"1":{"loc":{"start":{"line":36,"column":19},"end":{"line":36,"column":42}},"type":"binary-expr","locations":[{"start":{"line":36,"column":19},"end":{"line":36,"column":36}},{"start":{"line":36,"column":40},"end":{"line":36,"column":42}}]},"2":{"loc":{"start":{"line":38,"column":17},"end":{"line":38,"column":51}},"type":"binary-expr","locations":[{"start":{"line":38,"column":17},"end":{"line":38,"column":32}},{"start":{"line":38,"column":36},"end":{"line":38,"column":51}}]},"3":{"loc":{"start":{"line":43,"column":31},"end":{"line":43,"column":87}},"type":"binary-expr","locations":[{"start":{"line":43,"column":31},"end":{"line":43,"column":60}},{"start":{"line":43,"column":64},"end":{"line":43,"column":87}}]},"4":{"loc":{"start":{"line":45,"column":2},"end":{"line":45,"column":null}},"type":"if","locations":[{"start":{"line":45,"column":2},"end":{"line":45,"column":null}}]},"5":{"loc":{"start":{"line":53,"column":26},"end":{"line":53,"column":58}},"type":"binary-expr","locations":[{"start":{"line":53,"column":26},"end":{"line":53,"column":41}},{"start":{"line":53,"column":45},"end":{"line":53,"column":58}}]},"6":{"loc":{"start":{"line":54,"column":29},"end":{"line":54,"column":53}},"type":"binary-expr","locations":[{"start":{"line":54,"column":29},"end":{"line":54,"column":40}},{"start":{"line":54,"column":44},"end":{"line":54,"column":53}}]},"7":{"loc":{"start":{"line":55,"column":22},"end":{"line":55,"column":87}},"type":"binary-expr","locations":[{"start":{"line":55,"column":22},"end":{"line":55,"column":33}},{"start":{"line":55,"column":37},"end":{"line":55,"column":46}},{"start":{"line":55,"column":50},"end":{"line":55,"column":87}}]},"8":{"loc":{"start":{"line":61,"column":20},"end":{"line":61,"column":86}},"type":"cond-expr","locations":[{"start":{"line":61,"column":53},"end":{"line":61,"column":69}},{"start":{"line":61,"column":72},"end":{"line":61,"column":86}}]},"9":{"loc":{"start":{"line":71,"column":2},"end":{"line":71,"column":null}},"type":"if","locations":[{"start":{"line":71,"column":2},"end":{"line":71,"column":null}}]},"10":{"loc":{"start":{"line":73,"column":2},"end":{"line":77,"column":null}},"type":"if","locations":[{"start":{"line":73,"column":2},"end":{"line":77,"column":null}}]},"11":{"loc":{"start":{"line":86,"column":12},"end":{"line":86,"column":72}},"type":"cond-expr","locations":[{"start":{"line":86,"column":43},"end":{"line":86,"column":57}},{"start":{"line":86,"column":60},"end":{"line":86,"column":72}}]},"12":{"loc":{"start":{"line":88,"column":2},"end":{"line":91,"column":null}},"type":"if","locations":[{"start":{"line":88,"column":2},"end":{"line":91,"column":null}}]},"13":{"loc":{"start":{"line":93,"column":2},"end":{"line":98,"column":null}},"type":"if","locations":[{"start":{"line":93,"column":2},"end":{"line":98,"column":null}}]},"14":{"loc":{"start":{"line":101,"column":15},"end":{"line":101,"column":73}},"type":"cond-expr","locations":[{"start":{"line":101,"column":22},"end":{"line":101,"column":49}},{"start":{"line":101,"column":52},"end":{"line":101,"column":73}}]},"15":{"loc":{"start":{"line":107,"column":2},"end":{"line":107,"column":null}},"type":"if","locations":[{"start":{"line":107,"column":2},"end":{"line":107,"column":null}}]},"16":{"loc":{"start":{"line":107,"column":6},"end":{"line":107,"column":43}},"type":"binary-expr","locations":[{"start":{"line":107,"column":6},"end":{"line":107,"column":22}},{"start":{"line":107,"column":26},"end":{"line":107,"column":43}}]},"17":{"loc":{"start":{"line":111,"column":2},"end":{"line":111,"column":null}},"type":"if","locations":[{"start":{"line":111,"column":2},"end":{"line":111,"column":null}}]},"18":{"loc":{"start":{"line":115,"column":2},"end":{"line":115,"column":null}},"type":"if","locations":[{"start":{"line":115,"column":2},"end":{"line":115,"column":null}}]},"19":{"loc":{"start":{"line":115,"column":8},"end":{"line":115,"column":35}},"type":"binary-expr","locations":[{"start":{"line":115,"column":8},"end":{"line":115,"column":17}},{"start":{"line":115,"column":21},"end":{"line":115,"column":35}}]},"20":{"loc":{"start":{"line":119,"column":2},"end":{"line":119,"column":null}},"type":"if","locations":[{"start":{"line":119,"column":2},"end":{"line":119,"column":null}},{"start":{"line":119,"column":46},"end":{"line":119,"column":null}}]},"21":{"loc":{"start":{"line":119,"column":46},"end":{"line":119,"column":null}},"type":"if","locations":[{"start":{"line":119,"column":46},"end":{"line":119,"column":null}}]},"22":{"loc":{"start":{"line":123,"column":19},"end":{"line":123,"column":67}},"type":"cond-expr","locations":[{"start":{"line":123,"column":24},"end":{"line":123,"column":60}},{"start":{"line":123,"column":63},"end":{"line":123,"column":67}}]},"23":{"loc":{"start":{"line":124,"column":22},"end":{"line":124,"column":100}},"type":"binary-expr","locations":[{"start":{"line":124,"column":23},"end":{"line":124,"column":42}},{"start":{"line":124,"column":46},"end":{"line":124,"column":57}},{"start":{"line":124,"column":63},"end":{"line":124,"column":83}},{"start":{"line":124,"column":87},"end":{"line":124,"column":99}}]},"24":{"loc":{"start":{"line":127,"column":2},"end":{"line":127,"column":null}},"type":"if","locations":[{"start":{"line":127,"column":2},"end":{"line":127,"column":null}}]},"25":{"loc":{"start":{"line":135,"column":2},"end":{"line":135,"column":null}},"type":"if","locations":[{"start":{"line":135,"column":2},"end":{"line":135,"column":null}}]},"26":{"loc":{"start":{"line":144,"column":2},"end":{"line":144,"column":null}},"type":"if","locations":[{"start":{"line":144,"column":2},"end":{"line":144,"column":null}}]}},"s":{"0":6,"1":6,"2":6,"3":6,"4":6,"5":6,"6":44,"7":44,"8":44,"9":44,"10":44,"11":44,"12":44,"13":44,"14":44,"15":44,"16":44,"17":44,"18":44,"19":1,"20":42,"21":42,"22":42,"23":42,"24":42,"25":41,"26":40,"27":39,"28":39,"29":39,"30":39,"31":39,"32":39,"33":39,"34":2,"35":2,"36":2,"37":39,"38":39,"39":4,"40":39,"41":5,"42":5,"43":39,"44":39,"45":39,"46":15,"47":42,"48":1,"49":41,"50":1,"51":40,"52":1,"53":40,"54":38,"55":2,"56":1,"57":39,"58":39,"59":39,"60":39,"61":1,"62":39,"63":39,"64":103,"65":34,"66":69,"67":69,"68":205,"69":69,"70":26,"71":1,"72":25,"73":6,"74":6},"f":{"0":44,"1":3,"2":42,"3":42,"4":41,"5":40,"6":40,"7":39,"8":103,"9":26},"b":{"0":[44,43],"1":[44,44],"2":[44,44],"3":[44,44],"4":[1],"5":[42,40],"6":[42,41],"7":[42,41,40],"8":[1,38],"9":[39],"10":[2],"11":[1,38],"12":[4],"13":[5],"14":[15,24],"15":[1],"16":[42,3],"17":[1],"18":[1],"19":[40,40],"20":[38,2],"21":[1],"22":[26,13],"23":[39,37,2,2],"24":[1],"25":[34],"26":[1]}}
,"/Users/boudydegeer/Code/@nfut/packages/npm/@mosaiqo/feathers-microservices/lib/requesters/index.ts": {"path":"/Users/boudydegeer/Code/@nfut/packages/npm/@mosaiqo/feathers-microservices/lib/requesters/index.ts","statementMap":{"0":{"start":{"line":3,"column":0},"end":{"line":3,"column":38}},"1":{"start":{"line":4,"column":0},"end":{"line":4,"column":36}},"2":{"start":{"line":8,"column":22},"end":{"line":8,"column":27}},"3":{"start":{"line":9,"column":23},"end":{"line":9,"column":38}},"4":{"start":{"line":11,"column":2},"end":{"line":13,"column":null}},"5":{"start":{"line":12,"column":3},"end":{"line":12,"column":null}},"6":{"start":{"line":15,"column":2},"end":{"line":17,"column":null}},"7":{"start":{"line":16,"column":3},"end":{"line":16,"column":null}},"8":{"start":{"line":19,"column":21},"end":{"line":22,"column":null}},"9":{"start":{"line":20,"column":17},"end":{"line":20,"column":104}},"10":{"start":{"line":21,"column":16},"end":{"line":21,"column":112}},"11":{"start":{"line":23,"column":20},"end":{"line":23,"column":38}},"12":{"start":{"line":24,"column":2},"end":{"line":24,"column":null}},"13":{"start":{"line":26,"column":2},"end":{"line":26,"column":null}},"14":{"start":{"line":6,"column":0},"end":{"line":6,"column":13}},"15":{"start":{"line":31,"column":0},"end":{"line":31,"column":null}}},"fnMap":{"0":{"name":"(anonymous_0)","decl":{"start":{"line":7,"column":8},"end":{"line":7,"column":14}},"loc":{"start":{"line":7,"column":66},"end":{"line":28,"column":2}}},"1":{"name":"(anonymous_1)","decl":{"start":{"line":20,"column":11},"end":{"line":20,"column":14}},"loc":{"start":{"line":20,"column":17},"end":{"line":20,"column":104}}},"2":{"name":"(anonymous_2)","decl":{"start":{"line":21,"column":10},"end":{"line":21,"column":13}},"loc":{"start":{"line":21,"column":16},"end":{"line":21,"column":112}}}},"branchMap":{"0":{"loc":{"start":{"line":7,"column":55},"end":{"line":7,"column":66}},"type":"default-arg","locations":[{"start":{"line":7,"column":62},"end":{"line":7,"column":66}}]},"1":{"loc":{"start":{"line":11,"column":2},"end":{"line":13,"column":null}},"type":"if","locations":[{"start":{"line":11,"column":2},"end":{"line":13,"column":null}}]},"2":{"loc":{"start":{"line":15,"column":2},"end":{"line":17,"column":null}},"type":"if","locations":[{"start":{"line":15,"column":2},"end":{"line":17,"column":null}}]},"3":{"loc":{"start":{"line":15,"column":6},"end":{"line":15,"column":46}},"type":"binary-expr","locations":[{"start":{"line":15,"column":6},"end":{"line":15,"column":26}},{"start":{"line":15,"column":30},"end":{"line":15,"column":46}}]}},"s":{"0":4,"1":4,"2":15,"3":15,"4":15,"5":4,"6":15,"7":1,"8":14,"9":3,"10":11,"11":14,"12":14,"13":14,"14":4,"15":4},"f":{"0":15,"1":3,"2":11},"b":{"0":[1],"1":[4],"2":[1],"3":[15,12]}}
,"/Users/boudydegeer/Code/@nfut/packages/npm/@mosaiqo/feathers-microservices/lib/requesters/rpc.ts": {"path":"/Users/boudydegeer/Code/@nfut/packages/npm/@mosaiqo/feathers-microservices/lib/requesters/rpc.ts","statementMap":{"0":{"start":{"line":3,"column":0},"end":{"line":3,"column":43}},"1":{"start":{"line":4,"column":0},"end":{"line":4,"column":25}},"2":{"start":{"line":21,"column":2},"end":{"line":21,"column":null}},"3":{"start":{"line":22,"column":2},"end":{"line":22,"column":null}},"4":{"start":{"line":23,"column":2},"end":{"line":23,"column":null}},"5":{"start":{"line":24,"column":2},"end":{"line":24,"column":null}},"6":{"start":{"line":25,"column":2},"end":{"line":25,"column":null}},"7":{"start":{"line":26,"column":2},"end":{"line":26,"column":null}},"8":{"start":{"line":29,"column":2},"end":{"line":29,"column":null}},"9":{"start":{"line":30,"column":2},"end":{"line":42,"column":null}},"10":{"start":{"line":31,"column":17},"end":{"line":31,"column":58}},"11":{"start":{"line":32,"column":25},"end":{"line":32,"column":53}},"12":{"start":{"line":34,"column":3},"end":{"line":36,"column":null}},"13":{"start":{"line":35,"column":4},"end":{"line":35,"column":null}},"14":{"start":{"line":38,"column":3},"end":{"line":40,"column":null}},"15":{"start":{"line":39,"column":4},"end":{"line":39,"column":null}},"16":{"start":{"line":45,"column":2},"end":{"line":81,"column":null}},"17":{"start":{"line":46,"column":20},"end":{"line":46,"column":54}},"18":{"start":{"line":47,"column":25},"end":{"line":47,"column":29}},"19":{"start":{"line":48,"column":3},"end":{"line":48,"column":null}},"20":{"start":{"line":49,"column":3},"end":{"line":49,"column":null}},"21":{"start":{"line":51,"column":44},"end":{"line":51,"column":71}},"22":{"start":{"line":52,"column":17},"end":{"line":53,"column":null}},"23":{"start":{"line":57,"column":3},"end":{"line":57,"column":null}},"24":{"start":{"line":59,"column":3},"end":{"line":63,"column":null}},"25":{"start":{"line":65,"column":3},"end":{"line":65,"column":null}},"26":{"start":{"line":66,"column":3},"end":{"line":79,"column":null}},"27":{"start":{"line":67,"column":4},"end":{"line":74,"column":null}},"28":{"start":{"line":68,"column":5},"end":{"line":72,"column":null}},"29":{"start":{"line":73,"column":5},"end":{"line":73,"column":null}},"30":{"start":{"line":76,"column":4},"end":{"line":78,"column":null}},"31":{"start":{"line":77,"column":5},"end":{"line":77,"column":null}},"32":{"start":{"line":85,"column":2},"end":{"line":85,"column":null}},"33":{"start":{"line":85,"column":29},"end":{"line":85,"column":44}},"34":{"start":{"line":87,"column":17},"end":{"line":87,"column":30}},"35":{"start":{"line":89,"column":2},"end":{"line":91,"column":null}},"36":{"start":{"line":90,"column":3},"end":{"line":90,"column":null}},"37":{"start":{"line":93,"column":2},"end":{"line":93,"column":null}},"38":{"start":{"line":97,"column":2},"end":{"line":97,"column":null}},"39":{"start":{"line":97,"column":32},"end":{"line":97,"column":59}},"40":{"start":{"line":99,"column":2},"end":{"line":99,"column":null}},"41":{"start":{"line":12,"column":0},"end":{"line":12,"column":13}},"42":{"start":{"line":103,"column":0},"end":{"line":103,"column":null}}},"fnMap":{"0":{"name":"(anonymous_0)","decl":{"start":{"line":20,"column":1},"end":{"line":20,"column":14}},"loc":{"start":{"line":20,"column":30},"end":{"line":27,"column":2}}},"1":{"name":"(anonymous_1)","decl":{"start":{"line":28,"column":1},"end":{"line":28,"column":6}},"loc":{"start":{"line":28,"column":11},"end":{"line":43,"column":2}}},"2":{"name":"(anonymous_2)","decl":{"start":{"line":30,"column":43},"end":{"line":30,"column":48}},"loc":{"start":{"line":30,"column":57},"end":{"line":42,"column":3}}},"3":{"name":"(anonymous_3)","decl":{"start":{"line":44,"column":1},"end":{"line":44,"column":6}},"loc":{"start":{"line":44,"column":20},"end":{"line":82,"column":2}}},"4":{"name":"(anonymous_4)","decl":{"start":{"line":45,"column":21},"end":{"line":45,"column":22}},"loc":{"start":{"line":45,"column":41},"end":{"line":81,"column":3}}},"5":{"name":"(anonymous_5)","decl":{"start":{"line":66,"column":45},"end":{"line":66,"column":48}},"loc":{"start":{"line":66,"column":50},"end":{"line":79,"column":4}}},"6":{"name":"(anonymous_6)","decl":{"start":{"line":84,"column":1},"end":{"line":84,"column":13}},"loc":{"start":{"line":84,"column":21},"end":{"line":94,"column":2}}},"7":{"name":"(anonymous_7)","decl":{"start":{"line":96,"column":1},"end":{"line":96,"column":11}},"loc":{"start":{"line":96,"column":15},"end":{"line":100,"column":2}}}},"branchMap":{"0":{"loc":{"start":{"line":34,"column":3},"end":{"line":36,"column":null}},"type":"if","locations":[{"start":{"line":34,"column":3},"end":{"line":36,"column":null}}]},"1":{"loc":{"start":{"line":38,"column":3},"end":{"line":40,"column":null}},"type":"if","locations":[{"start":{"line":38,"column":3},"end":{"line":40,"column":null}}]},"2":{"loc":{"start":{"line":67,"column":4},"end":{"line":74,"column":null}},"type":"if","locations":[{"start":{"line":67,"column":4},"end":{"line":74,"column":null}}]},"3":{"loc":{"start":{"line":76,"column":4},"end":{"line":78,"column":null}},"type":"if","locations":[{"start":{"line":76,"column":4},"end":{"line":78,"column":null}}]},"4":{"loc":{"start":{"line":85,"column":2},"end":{"line":85,"column":null}},"type":"if","locations":[{"start":{"line":85,"column":2},"end":{"line":85,"column":null}}]},"5":{"loc":{"start":{"line":97,"column":2},"end":{"line":97,"column":null}},"type":"if","locations":[{"start":{"line":97,"column":2},"end":{"line":97,"column":null}}]}},"s":{"0":5,"1":5,"2":20,"3":20,"4":20,"5":20,"6":20,"7":20,"8":20,"9":20,"10":34,"11":34,"12":34,"13":13,"14":34,"15":13,"16":14,"17":14,"18":14,"19":14,"20":14,"21":14,"22":14,"23":14,"24":14,"25":14,"26":14,"27":1,"28":1,"29":1,"30":1,"31":1,"32":20,"33":7,"34":13,"35":13,"36":37,"37":13,"38":14,"39":5,"40":9,"41":5,"42":5},"f":{"0":20,"1":20,"2":34,"3":14,"4":14,"5":1,"6":20,"7":14},"b":{"0":[13],"1":[13],"2":[1],"3":[1],"4":[7],"5":[5]}}
,"/Users/boudydegeer/Code/@nfut/packages/npm/@mosaiqo/feathers-microservices/lib/service/index.ts": {"path":"/Users/boudydegeer/Code/@nfut/packages/npm/@mosaiqo/feathers-microservices/lib/service/index.ts","statementMap":{"0":{"start":{"line":1,"column":0},"end":{"line":1,"column":9}},"1":{"start":{"line":1,"column":9},"end":{"line":1,"column":33}}},"fnMap":{"0":{"name":"(anonymous_1)","decl":{"start":{"line":1,"column":9},"end":{"line":1,"column":16}},"loc":{"start":{"line":1,"column":9},"end":{"line":1,"column":33}}}},"branchMap":{},"s":{"0":3,"1":15},"f":{"0":12},"b":{}}
,"/Users/boudydegeer/Code/@nfut/packages/npm/@mosaiqo/feathers-microservices/lib/service/remote.ts": {"path":"/Users/boudydegeer/Code/@nfut/packages/npm/@mosaiqo/feathers-microservices/lib/service/remote.ts","statementMap":{"0":{"start":{"line":1,"column":0},"end":{"line":1,"column":29}},"1":{"start":{"line":2,"column":0},"end":{"line":2,"column":43}},"2":{"start":{"line":4,"column":14},"end":{"line":4,"column":60}},"3":{"start":{"line":12,"column":2},"end":{"line":12,"column":null}},"4":{"start":{"line":13,"column":2},"end":{"line":13,"column":null}},"5":{"start":{"line":14,"column":2},"end":{"line":14,"column":null}},"6":{"start":{"line":18,"column":2},"end":{"line":18,"column":null}},"7":{"start":{"line":19,"column":2},"end":{"line":25,"column":null}},"8":{"start":{"line":20,"column":18},"end":{"line":20,"column":86}},"9":{"start":{"line":21,"column":3},"end":{"line":21,"column":null}},"10":{"start":{"line":22,"column":3},"end":{"line":22,"column":null}},"11":{"start":{"line":24,"column":3},"end":{"line":24,"column":null}},"12":{"start":{"line":29,"column":2},"end":{"line":29,"column":null}},"13":{"start":{"line":30,"column":2},"end":{"line":36,"column":null}},"14":{"start":{"line":31,"column":18},"end":{"line":31,"column":89}},"15":{"start":{"line":32,"column":3},"end":{"line":32,"column":null}},"16":{"start":{"line":33,"column":3},"end":{"line":33,"column":null}},"17":{"start":{"line":35,"column":3},"end":{"line":35,"column":null}},"18":{"start":{"line":40,"column":2},"end":{"line":40,"column":null}},"19":{"start":{"line":41,"column":2},"end":{"line":47,"column":null}},"20":{"start":{"line":42,"column":18},"end":{"line":42,"column":94}},"21":{"start":{"line":43,"column":3},"end":{"line":43,"column":null}},"22":{"start":{"line":44,"column":3},"end":{"line":44,"column":null}},"23":{"start":{"line":46,"column":3},"end":{"line":46,"column":null}},"24":{"start":{"line":51,"column":2},"end":{"line":51,"column":null}},"25":{"start":{"line":52,"column":2},"end":{"line":58,"column":null}},"26":{"start":{"line":53,"column":18},"end":{"line":53,"column":98}},"27":{"start":{"line":54,"column":3},"end":{"line":54,"column":null}},"28":{"start":{"line":55,"column":3},"end":{"line":55,"column":null}},"29":{"start":{"line":57,"column":3},"end":{"line":57,"column":null}},"30":{"start":{"line":62,"column":2},"end":{"line":62,"column":null}},"31":{"start":{"line":63,"column":2},"end":{"line":69,"column":null}},"32":{"start":{"line":64,"column":18},"end":{"line":64,"column":97}},"33":{"start":{"line":65,"column":3},"end":{"line":65,"column":null}},"34":{"start":{"line":66,"column":3},"end":{"line":66,"column":null}},"35":{"start":{"line":68,"column":3},"end":{"line":68,"column":null}},"36":{"start":{"line":73,"column":2},"end":{"line":73,"column":null}},"37":{"start":{"line":74,"column":2},"end":{"line":80,"column":null}},"38":{"start":{"line":75,"column":18},"end":{"line":75,"column":92}},"39":{"start":{"line":76,"column":3},"end":{"line":76,"column":null}},"40":{"start":{"line":77,"column":3},"end":{"line":77,"column":null}},"41":{"start":{"line":79,"column":3},"end":{"line":79,"column":null}},"42":{"start":{"line":6,"column":0},"end":{"line":6,"column":13}},"43":{"start":{"line":84,"column":0},"end":{"line":84,"column":null}}},"fnMap":{"0":{"name":"(anonymous_1)","decl":{"start":{"line":11,"column":1},"end":{"line":11,"column":14}},"loc":{"start":{"line":11,"column":29},"end":{"line":15,"column":2}}},"1":{"name":"(anonymous_2)","decl":{"start":{"line":17,"column":1},"end":{"line":17,"column":6}},"loc":{"start":{"line":17,"column":24},"end":{"line":26,"column":2}}},"2":{"name":"(anonymous_3)","decl":{"start":{"line":28,"column":1},"end":{"line":28,"column":6}},"loc":{"start":{"line":28,"column":22},"end":{"line":37,"column":2}}},"3":{"name":"(anonymous_4)","decl":{"start":{"line":39,"column":1},"end":{"line":39,"column":6}},"loc":{"start":{"line":39,"column":27},"end":{"line":48,"column":2}}},"4":{"name":"(anonymous_5)","decl":{"start":{"line":50,"column":1},"end":{"line":50,"column":6}},"loc":{"start":{"line":50,"column":31},"end":{"line":59,"column":2}}},"5":{"name":"(anonymous_6)","decl":{"start":{"line":61,"column":1},"end":{"line":61,"column":6}},"loc":{"start":{"line":61,"column":30},"end":{"line":70,"column":2}}},"6":{"name":"(anonymous_7)","decl":{"start":{"line":72,"column":1},"end":{"line":72,"column":6}},"loc":{"start":{"line":72,"column":25},"end":{"line":81,"column":2}}}},"branchMap":{"0":{"loc":{"start":{"line":17,"column":13},"end":{"line":17,"column":24}},"type":"default-arg","locations":[{"start":{"line":17,"column":22},"end":{"line":17,"column":24}}]}},"s":{"0":4,"1":4,"2":4,"3":43,"4":43,"5":43,"6":12,"7":12,"8":12,"9":4,"10":4,"11":8,"12":14,"13":14,"14":14,"15":6,"16":6,"17":8,"18":11,"19":11,"20":11,"21":3,"22":3,"23":8,"24":11,"25":11,"26":11,"27":3,"28":3,"29":8,"30":11,"31":11,"32":11,"33":3,"34":3,"35":8,"36":11,"37":11,"38":11,"39":3,"40":3,"41":8,"42":4,"43":4},"f":{"0":43,"1":12,"2":14,"3":11,"4":11,"5":11,"6":11},"b":{"0":[5]}}
}
