{"/Users/boudydegeer/Code/@nfut/packages/npm/@mosaiqo/feathers-microservices/lib/constants.ts": {"path":"/Users/boudydegeer/Code/@nfut/packages/npm/@mosaiqo/feathers-microservices/lib/constants.ts","statementMap":{"0":{"start":{"line":3,"column":13},"end":{"line":3,"column":null}},"1":{"start":{"line":4,"column":13},"end":{"line":4,"column":null}},"2":{"start":{"line":5,"column":13},"end":{"line":5,"column":null}},"3":{"start":{"line":7,"column":13},"end":{"line":14,"column":null}},"4":{"start":{"line":16,"column":13},"end":{"line":16,"column":null}},"5":{"start":{"line":17,"column":13},"end":{"line":17,"column":null}},"6":{"start":{"line":19,"column":0},"end":{"line":19,"column":null}},"7":{"start":{"line":20,"column":1},"end":{"line":20,"column":null}},"8":{"start":{"line":21,"column":1},"end":{"line":21,"column":null}},"9":{"start":{"line":24,"column":13},"end":{"line":35,"column":null}},"10":{"start":{"line":38,"column":0},"end":{"line":43,"column":null}}},"fnMap":{"0":{"name":"(anonymous_0)","decl":{"start":{"line":19,"column":0},"end":{"line":19,"column":12}},"loc":{"start":{"line":19,"column":28},"end":{"line":22,"column":1}}}},"branchMap":{"0":{"loc":{"start":{"line":19,"column":12},"end":{"line":19,"column":null}},"type":"binary-expr","locations":[{"start":{"line":19,"column":12},"end":{"line":19,"column":28}},{"start":{"line":19,"column":12},"end":{"line":19,"column":null}}]}},"s":{"0":11,"1":11,"2":11,"3":11,"4":11,"5":11,"6":11,"7":11,"8":11,"9":11,"10":11},"f":{"0":11},"b":{"0":[11,11]}}
,"/Users/boudydegeer/Code/@nfut/packages/npm/@mosaiqo/feathers-microservices/lib/error-handler.ts": {"path":"/Users/boudydegeer/Code/@nfut/packages/npm/@mosaiqo/feathers-microservices/lib/error-handler.ts","statementMap":{"0":{"start":{"line":1,"column":0},"end":{"line":1,"column":44}},"1":{"start":{"line":3,"column":28},"end":{"line":28,"column":1}},"2":{"start":{"line":4,"column":21},"end":{"line":4,"column":27}},"3":{"start":{"line":5,"column":13},"end":{"line":5,"column":75}},"4":{"start":{"line":7,"column":1},"end":{"line":18,"column":null}},"5":{"start":{"line":8,"column":2},"end":{"line":10,"column":null}},"6":{"start":{"line":9,"column":3},"end":{"line":9,"column":null}},"7":{"start":{"line":11,"column":8},"end":{"line":18,"column":null}},"8":{"start":{"line":12,"column":2},"end":{"line":15,"column":null}},"9":{"start":{"line":14,"column":3},"end":{"line":14,"column":null}},"10":{"start":{"line":17,"column":2},"end":{"line":17,"column":null}},"11":{"start":{"line":20,"column":1},"end":{"line":22,"column":null}},"12":{"start":{"line":21,"column":2},"end":{"line":21,"column":null}},"13":{"start":{"line":24,"column":1},"end":{"line":24,"column":null}},"14":{"start":{"line":25,"column":1},"end":{"line":25,"column":null}},"15":{"start":{"line":27,"column":1},"end":{"line":27,"column":null}},"16":{"start":{"line":3,"column":13},"end":{"line":3,"column":28}},"17":{"start":{"line":30,"column":0},"end":{"line":30,"column":null}}},"fnMap":{"0":{"name":"(anonymous_6)","decl":{"start":{"line":3,"column":28},"end":{"line":3,"column":38}},"loc":{"start":{"line":3,"column":43},"end":{"line":28,"column":1}}}},"branchMap":{"0":{"loc":{"start":{"line":5,"column":13},"end":{"line":5,"column":75}},"type":"cond-expr","locations":[{"start":{"line":5,"column":30},"end":{"line":5,"column":67}},{"start":{"line":5,"column":70},"end":{"line":5,"column":75}}]},"1":{"loc":{"start":{"line":5,"column":30},"end":{"line":5,"column":67}},"type":"binary-expr","locations":[{"start":{"line":5,"column":30},"end":{"line":5,"column":49}},{"start":{"line":5,"column":53},"end":{"line":5,"column":67}}]},"2":{"loc":{"start":{"line":7,"column":1},"end":{"line":18,"column":null}},"type":"if","locations":[{"start":{"line":7,"column":1},"end":{"line":18,"column":null}},{"start":{"line":11,"column":8},"end":{"line":18,"column":null}}]},"3":{"loc":{"start":{"line":8,"column":2},"end":{"line":10,"column":null}},"type":"if","locations":[{"start":{"line":8,"column":2},"end":{"line":10,"column":null}}]},"4":{"loc":{"start":{"line":11,"column":8},"end":{"line":18,"column":null}},"type":"if","locations":[{"start":{"line":11,"column":8},"end":{"line":18,"column":null}},{"start":{"line":16,"column":8},"end":{"line":18,"column":null}}]},"5":{"loc":{"start":{"line":12,"column":2},"end":{"line":15,"column":null}},"type":"if","locations":[{"start":{"line":12,"column":2},"end":{"line":15,"column":null}}]},"6":{"loc":{"start":{"line":20,"column":1},"end":{"line":22,"column":null}},"type":"if","locations":[{"start":{"line":20,"column":1},"end":{"line":22,"column":null}}]}},"s":{"0":4,"1":4,"2":48,"3":48,"4":48,"5":24,"6":12,"7":24,"8":12,"9":12,"10":12,"11":48,"12":12,"13":48,"14":48,"15":48,"16":4,"17":4},"f":{"0":48},"b":{"0":[24,24],"1":[24,18],"2":[24,24],"3":[12],"4":[12,12],"5":[12],"6":[12]}}
,"/Users/boudydegeer/Code/@nfut/packages/npm/@mosaiqo/feathers-microservices/lib/index.ts": {"path":"/Users/boudydegeer/Code/@nfut/packages/npm/@mosaiqo/feathers-microservices/lib/index.ts","statementMap":{"0":{"start":{"line":2,"column":0},"end":{"line":2,"column":45}},"1":{"start":{"line":4,"column":13},"end":{"line":11,"column":1}},"2":{"start":{"line":5,"column":1},"end":{"line":10,"column":null}},"3":{"start":{"line":6,"column":23},"end":{"line":6,"column":50}},"4":{"start":{"line":7,"column":2},"end":{"line":7,"column":null}},"5":{"start":{"line":9,"column":2},"end":{"line":9,"column":null}},"6":{"start":{"line":13,"column":0},"end":{"line":13,"column":null}},"7":{"start":{"line":14,"column":0},"end":{"line":14,"column":null}}},"fnMap":{"0":{"name":"(anonymous_0)","decl":{"start":{"line":4,"column":13},"end":{"line":4,"column":24}},"loc":{"start":{"line":4,"column":60},"end":{"line":11,"column":1}}},"1":{"name":"(anonymous_1)","decl":{"start":{"line":5,"column":8},"end":{"line":5,"column":13}},"loc":{"start":{"line":5,"column":27},"end":{"line":10,"column":2}}}},"branchMap":{},"s":{"0":3,"1":3,"2":75,"3":75,"4":74,"5":74,"6":3,"7":3},"f":{"0":75,"1":75},"b":{}}
,"/Users/boudydegeer/Code/@nfut/packages/npm/@mosaiqo/feathers-microservices/lib/microservice.ts": {"path":"/Users/boudydegeer/Code/@nfut/packages/npm/@mosaiqo/feathers-microservices/lib/microservice.ts","statementMap":{"0":{"start":{"line":1,"column":0},"end":{"line":1,"column":50}},"1":{"start":{"line":2,"column":0},"end":{"line":2,"column":44}},"2":{"start":{"line":4,"column":0},"end":{"line":4,"column":25}},"3":{"start":{"line":7,"column":0},"end":{"line":7,"column":76}},"4":{"start":{"line":8,"column":0},"end":{"line":8,"column":45}},"5":{"start":{"line":9,"column":0},"end":{"line":9,"column":61}},"6":{"start":{"line":10,"column":0},"end":{"line":10,"column":44}},"7":{"start":{"line":11,"column":0},"end":{"line":11,"column":39}},"8":{"start":{"line":12,"column":0},"end":{"line":12,"column":40}},"9":{"start":{"line":13,"column":0},"end":{"line":13,"column":41}},"10":{"start":{"line":14,"column":0},"end":{"line":14,"column":38}},"11":{"start":{"line":15,"column":0},"end":{"line":15,"column":42}},"12":{"start":{"line":26,"column":26},"end":{"line":26,"column":28}},"13":{"start":{"line":27,"column":28},"end":{"line":27,"column":30}},"14":{"start":{"line":28,"column":28},"end":{"line":28,"column":30}},"15":{"start":{"line":29,"column":28},"end":{"line":29,"column":33}},"16":{"start":{"line":37,"column":2},"end":{"line":37,"column":null}},"17":{"start":{"line":38,"column":2},"end":{"line":38,"column":null}},"18":{"start":{"line":39,"column":2},"end":{"line":39,"column":null}},"19":{"start":{"line":40,"column":2},"end":{"line":40,"column":null}},"20":{"start":{"line":41,"column":2},"end":{"line":41,"column":null}},"21":{"start":{"line":43,"column":2},"end":{"line":45,"column":null}},"22":{"start":{"line":44,"column":3},"end":{"line":44,"column":null}},"23":{"start":{"line":48,"column":2},"end":{"line":54,"column":null}},"24":{"start":{"line":56,"column":2},"end":{"line":56,"column":null}},"25":{"start":{"line":61,"column":2},"end":{"line":61,"column":null}},"26":{"start":{"line":64,"column":2},"end":{"line":64,"column":null}},"27":{"start":{"line":67,"column":2},"end":{"line":67,"column":null}},"28":{"start":{"line":70,"column":2},"end":{"line":77,"column":null}},"29":{"start":{"line":71,"column":20},"end":{"line":71,"column":45}},"30":{"start":{"line":72,"column":19},"end":{"line":72,"column":42}},"31":{"start":{"line":73,"column":3},"end":{"line":75,"column":null}},"32":{"start":{"line":74,"column":4},"end":{"line":74,"column":125}},"33":{"start":{"line":76,"column":3},"end":{"line":76,"column":null}},"34":{"start":{"line":85,"column":2},"end":{"line":85,"column":null}},"35":{"start":{"line":86,"column":2},"end":{"line":86,"column":null}},"36":{"start":{"line":87,"column":2},"end":{"line":87,"column":null}},"37":{"start":{"line":88,"column":2},"end":{"line":88,"column":null}},"38":{"start":{"line":89,"column":2},"end":{"line":89,"column":null}},"39":{"start":{"line":90,"column":2},"end":{"line":90,"column":null}},"40":{"start":{"line":92,"column":2},"end":{"line":92,"column":null}},"41":{"start":{"line":93,"column":2},"end":{"line":93,"column":null}},"42":{"start":{"line":97,"column":34},"end":{"line":97,"column":132}},"43":{"start":{"line":99,"column":2},"end":{"line":99,"column":null}},"44":{"start":{"line":100,"column":2},"end":{"line":100,"column":null}},"45":{"start":{"line":104,"column":2},"end":{"line":104,"column":null}},"46":{"start":{"line":106,"column":2},"end":{"line":108,"column":null}},"47":{"start":{"line":107,"column":3},"end":{"line":107,"column":null}},"48":{"start":{"line":112,"column":2},"end":{"line":112,"column":null}},"49":{"start":{"line":114,"column":2},"end":{"line":116,"column":null}},"50":{"start":{"line":115,"column":3},"end":{"line":115,"column":null}},"51":{"start":{"line":120,"column":2},"end":{"line":120,"column":null}},"52":{"start":{"line":122,"column":2},"end":{"line":124,"column":null}},"53":{"start":{"line":123,"column":3},"end":{"line":123,"column":null}},"54":{"start":{"line":128,"column":2},"end":{"line":131,"column":null}},"55":{"start":{"line":130,"column":3},"end":{"line":130,"column":null}},"56":{"start":{"line":135,"column":2},"end":{"line":135,"column":null}},"57":{"start":{"line":135,"column":32},"end":{"line":135,"column":38}},"58":{"start":{"line":136,"column":2},"end":{"line":138,"column":null}},"59":{"start":{"line":137,"column":3},"end":{"line":137,"column":null}},"60":{"start":{"line":142,"column":2},"end":{"line":170,"column":null}},"61":{"start":{"line":143,"column":24},"end":{"line":143,"column":73}},"62":{"start":{"line":144,"column":19},"end":{"line":144,"column":50}},"63":{"start":{"line":145,"column":3},"end":{"line":148,"column":null}},"64":{"start":{"line":147,"column":4},"end":{"line":147,"column":null}},"65":{"start":{"line":150,"column":30},"end":{"line":150,"column":71}},"66":{"start":{"line":154,"column":21},"end":{"line":157,"column":44}},"67":{"start":{"line":160,"column":3},"end":{"line":169,"column":null}},"68":{"start":{"line":177,"column":2},"end":{"line":177,"column":null}},"69":{"start":{"line":177,"column":31},"end":{"line":177,"column":37}},"70":{"start":{"line":179,"column":19},"end":{"line":179,"column":54}},"71":{"start":{"line":180,"column":2},"end":{"line":180,"column":null}},"72":{"start":{"line":181,"column":2},"end":{"line":181,"column":null}},"73":{"start":{"line":183,"column":16},"end":{"line":183,"column":37}},"74":{"start":{"line":185,"column":2},"end":{"line":185,"column":null}},"75":{"start":{"line":187,"column":18},"end":{"line":189,"column":18}},"76":{"start":{"line":190,"column":2},"end":{"line":190,"column":null}},"77":{"start":{"line":198,"column":2},"end":{"line":207,"column":null}},"78":{"start":{"line":199,"column":19},"end":{"line":199,"column":55}},"79":{"start":{"line":201,"column":3},"end":{"line":206,"column":null}},"80":{"start":{"line":202,"column":4},"end":{"line":205,"column":null}},"81":{"start":{"line":203,"column":23},"end":{"line":203,"column":110}},"82":{"start":{"line":204,"column":5},"end":{"line":204,"column":null}},"83":{"start":{"line":214,"column":19},"end":{"line":214,"column":21}},"84":{"start":{"line":215,"column":2},"end":{"line":228,"column":null}},"85":{"start":{"line":216,"column":3},"end":{"line":227,"column":null}},"86":{"start":{"line":217,"column":26},"end":{"line":225,"column":null}},"87":{"start":{"line":226,"column":4},"end":{"line":226,"column":null}},"88":{"start":{"line":230,"column":2},"end":{"line":230,"column":null}},"89":{"start":{"line":238,"column":16},"end":{"line":238,"column":93}},"90":{"start":{"line":239,"column":2},"end":{"line":239,"column":null}},"91":{"start":{"line":246,"column":16},"end":{"line":246,"column":90}},"92":{"start":{"line":247,"column":2},"end":{"line":247,"column":null}},"93":{"start":{"line":251,"column":14},"end":{"line":251,"column":53}},"94":{"start":{"line":252,"column":15},"end":{"line":252,"column":19}},"95":{"start":{"line":254,"column":2},"end":{"line":254,"column":null}},"96":{"start":{"line":16,"column":0},"end":{"line":16,"column":13}},"97":{"start":{"line":258,"column":0},"end":{"line":258,"column":null}}},"fnMap":{"0":{"name":"(anonymous_6)","decl":{"start":{"line":36,"column":1},"end":{"line":36,"column":14}},"loc":{"start":{"line":36,"column":58},"end":{"line":57,"column":2}}},"1":{"name":"(anonymous_7)","decl":{"start":{"line":59,"column":1},"end":{"line":59,"column":6}},"loc":{"start":{"line":59,"column":32},"end":{"line":78,"column":2}}},"2":{"name":"(anonymous_8)","decl":{"start":{"line":70,"column":21},"end":{"line":70,"column":31}},"loc":{"start":{"line":70,"column":35},"end":{"line":77,"column":3}}},"3":{"name":"(anonymous_9)","decl":{"start":{"line":84,"column":1},"end":{"line":84,"column":6}},"loc":{"start":{"line":84,"column":11},"end":{"line":94,"column":2}}},"4":{"name":"(anonymous_10)","decl":{"start":{"line":96,"column":1},"end":{"line":96,"column":6}},"loc":{"start":{"line":96,"column":19},"end":{"line":101,"column":2}}},"5":{"name":"(anonymous_11)","decl":{"start":{"line":103,"column":1},"end":{"line":103,"column":6}},"loc":{"start":{"line":103,"column":22},"end":{"line":109,"column":2}}},"6":{"name":"(anonymous_12)","decl":{"start":{"line":111,"column":1},"end":{"line":111,"column":6}},"loc":{"start":{"line":111,"column":23},"end":{"line":117,"column":2}}},"7":{"name":"(anonymous_13)","decl":{"start":{"line":119,"column":1},"end":{"line":119,"column":6}},"loc":{"start":{"line":119,"column":23},"end":{"line":125,"column":2}}},"8":{"name":"(anonymous_14)","decl":{"start":{"line":127,"column":1},"end":{"line":127,"column":6}},"loc":{"start":{"line":127,"column":25},"end":{"line":132,"column":2}}},"9":{"name":"(anonymous_15)","decl":{"start":{"line":128,"column":35},"end":{"line":128,"column":40}},"loc":{"start":{"line":128,"column":63},"end":{"line":131,"column":3}}},"10":{"name":"(anonymous_16)","decl":{"start":{"line":134,"column":1},"end":{"line":134,"column":6}},"loc":{"start":{"line":134,"column":28},"end":{"line":139,"column":2}}},"11":{"name":"(anonymous_17)","decl":{"start":{"line":136,"column":47},"end":{"line":136,"column":52}},"loc":{"start":{"line":136,"column":63},"end":{"line":138,"column":3}}},"12":{"name":"(anonymous_18)","decl":{"start":{"line":141,"column":1},"end":{"line":141,"column":6}},"loc":{"start":{"line":141,"column":32},"end":{"line":171,"column":2}}},"13":{"name":"(anonymous_19)","decl":{"start":{"line":176,"column":1},"end":{"line":176,"column":6}},"loc":{"start":{"line":176,"column":22},"end":{"line":191,"column":2}}},"14":{"name":"(anonymous_20)","decl":{"start":{"line":197,"column":1},"end":{"line":197,"column":6}},"loc":{"start":{"line":197,"column":50},"end":{"line":208,"column":2}}},"15":{"name":"(anonymous_21)","decl":{"start":{"line":202,"column":22},"end":{"line":202,"column":27}},"loc":{"start":{"line":202,"column":37},"end":{"line":205,"column":5}}},"16":{"name":"(anonymous_22)","decl":{"start":{"line":213,"column":1},"end":{"line":213,"column":6}},"loc":{"start":{"line":213,"column":29},"end":{"line":231,"column":2}}},"17":{"name":"(anonymous_23)","decl":{"start":{"line":237,"column":1},"end":{"line":237,"column":6}},"loc":{"start":{"line":237,"column":32},"end":{"line":240,"column":2}}},"18":{"name":"(anonymous_24)","decl":{"start":{"line":245,"column":1},"end":{"line":245,"column":6}},"loc":{"start":{"line":245,"column":17},"end":{"line":248,"column":2}}},"19":{"name":"(anonymous_25)","decl":{"start":{"line":250,"column":9},"end":{"line":250,"column":26}},"loc":{"start":{"line":250,"column":91},"end":{"line":255,"column":2}}}},"branchMap":{"0":{"loc":{"start":{"line":37,"column":12},"end":{"line":37,"column":31}},"type":"binary-expr","locations":[{"start":{"line":37,"column":12},"end":{"line":37,"column":23}},{"start":{"line":37,"column":27},"end":{"line":37,"column":31}}]},"1":{"loc":{"start":{"line":38,"column":13},"end":{"line":38,"column":50}},"type":"binary-expr","locations":[{"start":{"line":38,"column":13},"end":{"line":38,"column":25}},{"start":{"line":38,"column":29},"end":{"line":38,"column":42}},{"start":{"line":38,"column":46},"end":{"line":38,"column":50}}]},"2":{"loc":{"start":{"line":43,"column":2},"end":{"line":45,"column":null}},"type":"if","locations":[{"start":{"line":43,"column":2},"end":{"line":45,"column":null}}]},"3":{"loc":{"start":{"line":43,"column":6},"end":{"line":43,"column":63}},"type":"binary-expr","locations":[{"start":{"line":43,"column":6},"end":{"line":43,"column":45}},{"start":{"line":43,"column":49},"end":{"line":43,"column":63}}]},"4":{"loc":{"start":{"line":71,"column":20},"end":{"line":71,"column":45}},"type":"binary-expr","locations":[{"start":{"line":71,"column":20},"end":{"line":71,"column":38}},{"start":{"line":71,"column":42},"end":{"line":71,"column":45}}]},"5":{"loc":{"start":{"line":73,"column":3},"end":{"line":75,"column":null}},"type":"if","locations":[{"start":{"line":73,"column":3},"end":{"line":75,"column":null}}]},"6":{"loc":{"start":{"line":135,"column":2},"end":{"line":135,"column":null}},"type":"if","locations":[{"start":{"line":135,"column":2},"end":{"line":135,"column":null}}]},"7":{"loc":{"start":{"line":145,"column":3},"end":{"line":148,"column":null}},"type":"if","locations":[{"start":{"line":145,"column":3},"end":{"line":148,"column":null}}]},"8":{"loc":{"start":{"line":145,"column":7},"end":{"line":145,"column":32}},"type":"binary-expr","locations":[{"start":{"line":145,"column":7},"end":{"line":145,"column":14}},{"start":{"line":145,"column":18},"end":{"line":145,"column":32}}]},"9":{"loc":{"start":{"line":177,"column":2},"end":{"line":177,"column":null}},"type":"if","locations":[{"start":{"line":177,"column":2},"end":{"line":177,"column":null}}]},"10":{"loc":{"start":{"line":216,"column":3},"end":{"line":227,"column":null}},"type":"if","locations":[{"start":{"line":216,"column":3},"end":{"line":227,"column":null}}]},"11":{"loc":{"start":{"line":251,"column":14},"end":{"line":251,"column":53}},"type":"binary-expr","locations":[{"start":{"line":251,"column":14},"end":{"line":251,"column":28}},{"start":{"line":251,"column":32},"end":{"line":251,"column":53}}]}},"s":{"0":3,"1":3,"2":3,"3":3,"4":3,"5":3,"6":3,"7":3,"8":3,"9":3,"10":3,"11":3,"12":75,"13":75,"14":75,"15":75,"16":75,"17":75,"18":75,"19":75,"20":75,"21":75,"22":1,"23":74,"24":74,"25":74,"26":74,"27":74,"28":74,"29":78,"30":78,"31":78,"32":2,"33":76,"34":74,"35":74,"36":74,"37":74,"38":74,"39":74,"40":74,"41":74,"42":74,"43":74,"44":74,"45":74,"46":74,"47":74,"48":74,"49":74,"50":74,"51":74,"52":74,"53":74,"54":74,"55":1175,"56":74,"57":41,"58":33,"59":418,"60":418,"61":418,"62":418,"63":418,"64":382,"65":418,"66":418,"67":418,"68":74,"69":38,"70":36,"71":36,"72":36,"73":36,"74":36,"75":36,"76":36,"77":36,"78":33,"79":33,"80":132,"81":5,"82":5,"83":36,"84":36,"85":33,"86":33,"87":33,"88":36,"89":36,"90":36,"91":74,"92":74,"93":75,"94":75,"95":75,"96":3,"97":3},"f":{"0":75,"1":74,"2":78,"3":74,"4":74,"5":74,"6":74,"7":74,"8":74,"9":1175,"10":74,"11":418,"12":418,"13":74,"14":36,"15":5,"16":36,"17":36,"18":74,"19":75},"b":{"0":[75,67],"1":[75,6,6],"2":[1],"3":[75,43],"4":[78,2],"5":[2],"6":[41],"7":[382],"8":[418,382],"9":[38],"10":[33],"11":[75,68]}}
,"/Users/boudydegeer/Code/@nfut/packages/npm/@mosaiqo/feathers-microservices/lib/clients/amqp.ts": {"path":"/Users/boudydegeer/Code/@nfut/packages/npm/@mosaiqo/feathers-microservices/lib/clients/amqp.ts","statementMap":{"0":{"start":{"line":1,"column":0},"end":{"line":1,"column":54}},"1":{"start":{"line":3,"column":0},"end":{"line":3,"column":81}},"2":{"start":{"line":10,"column":2},"end":{"line":10,"column":null}},"3":{"start":{"line":11,"column":2},"end":{"line":17,"column":null}},"4":{"start":{"line":20,"column":19},"end":{"line":20,"column":47}},"5":{"start":{"line":21,"column":24},"end":{"line":21,"column":48}},"6":{"start":{"line":23,"column":2},"end":{"line":25,"column":null}},"7":{"start":{"line":24,"column":3},"end":{"line":24,"column":null}},"8":{"start":{"line":27,"column":2},"end":{"line":27,"column":null}},"9":{"start":{"line":28,"column":2},"end":{"line":28,"column":null}},"10":{"start":{"line":29,"column":2},"end":{"line":29,"column":null}},"11":{"start":{"line":30,"column":2},"end":{"line":30,"column":null}},"12":{"start":{"line":32,"column":2},"end":{"line":32,"column":null}},"13":{"start":{"line":4,"column":0},"end":{"line":4,"column":13}},"14":{"start":{"line":36,"column":0},"end":{"line":36,"column":null}}},"fnMap":{"0":{"name":"(anonymous_1)","decl":{"start":{"line":9,"column":1},"end":{"line":9,"column":22}},"loc":{"start":{"line":9,"column":34},"end":{"line":18,"column":2}}},"1":{"name":"(anonymous_2)","decl":{"start":{"line":19,"column":1},"end":{"line":19,"column":7}},"loc":{"start":{"line":19,"column":40},"end":{"line":33,"column":2}}}},"branchMap":{"0":{"loc":{"start":{"line":19,"column":28},"end":{"line":19,"column":40}},"type":"default-arg","locations":[{"start":{"line":19,"column":38},"end":{"line":19,"column":40}}]},"1":{"loc":{"start":{"line":23,"column":2},"end":{"line":25,"column":null}},"type":"if","locations":[{"start":{"line":23,"column":2},"end":{"line":25,"column":null}}]}},"s":{"0":8,"1":8,"2":40,"3":40,"4":40,"5":40,"6":40,"7":11,"8":40,"9":40,"10":40,"11":40,"12":40,"13":8,"14":8},"f":{"0":40,"1":40},"b":{"0":[27],"1":[11]}}
,"/Users/boudydegeer/Code/@nfut/packages/npm/@mosaiqo/feathers-microservices/lib/clients/index.ts": {"path":"/Users/boudydegeer/Code/@nfut/packages/npm/@mosaiqo/feathers-microservices/lib/clients/index.ts","statementMap":{"0":{"start":{"line":1,"column":0},"end":{"line":1,"column":9}},"1":{"start":{"line":1,"column":9},"end":{"line":1,"column":30}}},"fnMap":{"0":{"name":"(anonymous_1)","decl":{"start":{"line":1,"column":9},"end":{"line":1,"column":16}},"loc":{"start":{"line":1,"column":9},"end":{"line":1,"column":30}}}},"branchMap":{},"s":{"0":9,"1":112},"f":{"0":103},"b":{}}
,"/Users/boudydegeer/Code/@nfut/packages/npm/@mosaiqo/feathers-microservices/lib/consumers/app.ts": {"path":"/Users/boudydegeer/Code/@nfut/packages/npm/@mosaiqo/feathers-microservices/lib/consumers/app.ts","statementMap":{"0":{"start":{"line":2,"column":0},"end":{"line":2,"column":62}},"1":{"start":{"line":14,"column":2},"end":{"line":14,"column":null}},"2":{"start":{"line":15,"column":2},"end":{"line":15,"column":null}},"3":{"start":{"line":16,"column":2},"end":{"line":16,"column":null}},"4":{"start":{"line":17,"column":2},"end":{"line":17,"column":null}},"5":{"start":{"line":19,"column":2},"end":{"line":19,"column":null}},"6":{"start":{"line":21,"column":2},"end":{"line":24,"column":null}},"7":{"start":{"line":29,"column":2},"end":{"line":33,"column":null}},"8":{"start":{"line":36,"column":2},"end":{"line":39,"column":null}},"9":{"start":{"line":43,"column":2},"end":{"line":47,"column":null}},"10":{"start":{"line":49,"column":2},"end":{"line":63,"column":null}},"11":{"start":{"line":50,"column":21},"end":{"line":50,"column":63}},"12":{"start":{"line":52,"column":3},"end":{"line":52,"column":40}},"13":{"start":{"line":52,"column":34},"end":{"line":52,"column":40}},"14":{"start":{"line":54,"column":3},"end":{"line":60,"column":null}},"15":{"start":{"line":56,"column":4},"end":{"line":59,"column":null}},"16":{"start":{"line":57,"column":19},"end":{"line":57,"column":70}},"17":{"start":{"line":58,"column":5},"end":{"line":58,"column":null}},"18":{"start":{"line":62,"column":3},"end":{"line":62,"column":null}},"19":{"start":{"line":67,"column":2},"end":{"line":67,"column":null}},"20":{"start":{"line":71,"column":2},"end":{"line":71,"column":null}},"21":{"start":{"line":5,"column":0},"end":{"line":5,"column":13}},"22":{"start":{"line":75,"column":0},"end":{"line":75,"column":null}}},"fnMap":{"0":{"name":"(anonymous_0)","decl":{"start":{"line":13,"column":1},"end":{"line":13,"column":13}},"loc":{"start":{"line":13,"column":51},"end":{"line":25,"column":2}}},"1":{"name":"(anonymous_1)","decl":{"start":{"line":27,"column":1},"end":{"line":27,"column":6}},"loc":{"start":{"line":27,"column":11},"end":{"line":64,"column":2}}},"2":{"name":"(anonymous_2)","decl":{"start":{"line":49,"column":41},"end":{"line":49,"column":46}},"loc":{"start":{"line":49,"column":56},"end":{"line":63,"column":3}}},"3":{"name":"(anonymous_3)","decl":{"start":{"line":66,"column":1},"end":{"line":66,"column":6}},"loc":{"start":{"line":66,"column":40},"end":{"line":68,"column":2}}},"4":{"name":"(anonymous_4)","decl":{"start":{"line":70,"column":1},"end":{"line":70,"column":6}},"loc":{"start":{"line":70,"column":64},"end":{"line":72,"column":2}}}},"branchMap":{"0":{"loc":{"start":{"line":52,"column":3},"end":{"line":52,"column":40}},"type":"if","locations":[{"start":{"line":52,"column":3},"end":{"line":52,"column":40}}]},"1":{"loc":{"start":{"line":54,"column":3},"end":{"line":60,"column":null}},"type":"if","locations":[{"start":{"line":54,"column":3},"end":{"line":60,"column":null}}]},"2":{"loc":{"start":{"line":56,"column":4},"end":{"line":59,"column":null}},"type":"if","locations":[{"start":{"line":56,"column":4},"end":{"line":59,"column":null}}]}},"s":{"0":4,"1":77,"2":77,"3":77,"4":77,"5":77,"6":77,"7":77,"8":77,"9":77,"10":77,"11":3138,"12":3138,"13":1375,"14":1763,"15":1595,"16":1595,"17":1595,"18":1763,"19":75,"20":34,"21":4,"22":4},"f":{"0":77,"1":77,"2":3138,"3":75,"4":34},"b":{"0":[1375],"1":[1595],"2":[1595]}}
,"/Users/boudydegeer/Code/@nfut/packages/npm/@mosaiqo/feathers-microservices/lib/consumers/index.ts": {"path":"/Users/boudydegeer/Code/@nfut/packages/npm/@mosaiqo/feathers-microservices/lib/consumers/index.ts","statementMap":{"0":{"start":{"line":1,"column":0},"end":{"line":1,"column":9}},"1":{"start":{"line":1,"column":9},"end":{"line":1,"column":32}}},"fnMap":{"0":{"name":"(anonymous_1)","decl":{"start":{"line":1,"column":9},"end":{"line":1,"column":16}},"loc":{"start":{"line":1,"column":9},"end":{"line":1,"column":32}}}},"branchMap":{},"s":{"0":4,"1":81},"f":{"0":77},"b":{}}
,"/Users/boudydegeer/Code/@nfut/packages/npm/@mosaiqo/feathers-microservices/lib/events/HelloEvent.ts": {"path":"/Users/boudydegeer/Code/@nfut/packages/npm/@mosaiqo/feathers-microservices/lib/events/HelloEvent.ts","statementMap":{"0":{"start":{"line":2,"column":8},"end":{"line":2,"column":20}},"1":{"start":{"line":9,"column":2},"end":{"line":9,"column":null}},"2":{"start":{"line":10,"column":2},"end":{"line":10,"column":null}},"3":{"start":{"line":11,"column":2},"end":{"line":11,"column":null}},"4":{"start":{"line":12,"column":2},"end":{"line":12,"column":null}},"5":{"start":{"line":16,"column":2},"end":{"line":16,"column":null}},"6":{"start":{"line":20,"column":2},"end":{"line":20,"column":null}},"7":{"start":{"line":24,"column":32},"end":{"line":24,"column":41}},"8":{"start":{"line":25,"column":2},"end":{"line":27,"column":null}},"9":{"start":{"line":26,"column":3},"end":{"line":26,"column":null}},"10":{"start":{"line":28,"column":2},"end":{"line":28,"column":null}},"11":{"start":{"line":32,"column":2},"end":{"line":36,"column":null}},"12":{"start":{"line":40,"column":2},"end":{"line":45,"column":null}},"13":{"start":{"line":1,"column":0},"end":{"line":1,"column":13}},"14":{"start":{"line":49,"column":0},"end":{"line":49,"column":null}}},"fnMap":{"0":{"name":"(anonymous_0)","decl":{"start":{"line":8,"column":1},"end":{"line":8,"column":22}},"loc":{"start":{"line":8,"column":41},"end":{"line":13,"column":2}}},"1":{"name":"(anonymous_1)","decl":{"start":{"line":15,"column":1},"end":{"line":15,"column":5}},"loc":{"start":{"line":15,"column":9},"end":{"line":17,"column":2}}},"2":{"name":"(anonymous_2)","decl":{"start":{"line":19,"column":1},"end":{"line":19,"column":7}},"loc":{"start":{"line":19,"column":34},"end":{"line":21,"column":2}}},"3":{"name":"(anonymous_3)","decl":{"start":{"line":23,"column":1},"end":{"line":23,"column":7}},"loc":{"start":{"line":23,"column":29},"end":{"line":29,"column":2}}},"4":{"name":"(anonymous_4)","decl":{"start":{"line":31,"column":1},"end":{"line":31,"column":5}},"loc":{"start":{"line":31,"column":9},"end":{"line":37,"column":2}}},"5":{"name":"(anonymous_5)","decl":{"start":{"line":39,"column":1},"end":{"line":39,"column":7}},"loc":{"start":{"line":39,"column":7},"end":{"line":46,"column":2}}}},"branchMap":{"0":{"loc":{"start":{"line":25,"column":2},"end":{"line":27,"column":null}},"type":"if","locations":[{"start":{"line":25,"column":2},"end":{"line":27,"column":null}}]}},"s":{"0":1257,"1":1257,"2":1257,"3":1257,"4":1257,"5":1179,"6":80,"7":1178,"8":1178,"9":1,"10":1177,"11":1258,"12":80,"13":12,"14":12},"f":{"0":1257,"1":1179,"2":80,"3":1178,"4":1258,"5":80},"b":{"0":[1]}}
,"/Users/boudydegeer/Code/@nfut/packages/npm/@mosaiqo/feathers-microservices/lib/events/RPCRequestEvent.ts": {"path":"/Users/boudydegeer/Code/@nfut/packages/npm/@mosaiqo/feathers-microservices/lib/events/RPCRequestEvent.ts","statementMap":{"0":{"start":{"line":1,"column":0},"end":{"line":1,"column":25}},"1":{"start":{"line":3,"column":8},"end":{"line":3,"column":25}},"2":{"start":{"line":13,"column":2},"end":{"line":13,"column":null}},"3":{"start":{"line":14,"column":2},"end":{"line":14,"column":null}},"4":{"start":{"line":15,"column":2},"end":{"line":15,"column":null}},"5":{"start":{"line":16,"column":2},"end":{"line":16,"column":null}},"6":{"start":{"line":17,"column":2},"end":{"line":17,"column":null}},"7":{"start":{"line":18,"column":2},"end":{"line":18,"column":null}},"8":{"start":{"line":22,"column":2},"end":{"line":22,"column":null}},"9":{"start":{"line":26,"column":2},"end":{"line":26,"column":null}},"10":{"start":{"line":30,"column":29},"end":{"line":30,"column":38}},"11":{"start":{"line":31,"column":2},"end":{"line":33,"column":null}},"12":{"start":{"line":32,"column":3},"end":{"line":32,"column":null}},"13":{"start":{"line":34,"column":2},"end":{"line":34,"column":null}},"14":{"start":{"line":38,"column":2},"end":{"line":44,"column":null}},"15":{"start":{"line":48,"column":2},"end":{"line":52,"column":null}},"16":{"start":{"line":2,"column":0},"end":{"line":2,"column":13}},"17":{"start":{"line":56,"column":0},"end":{"line":56,"column":null}}},"fnMap":{"0":{"name":"(anonymous_0)","decl":{"start":{"line":12,"column":1},"end":{"line":12,"column":22}},"loc":{"start":{"line":12,"column":63},"end":{"line":19,"column":2}}},"1":{"name":"(anonymous_1)","decl":{"start":{"line":21,"column":1},"end":{"line":21,"column":5}},"loc":{"start":{"line":21,"column":9},"end":{"line":23,"column":2}}},"2":{"name":"(anonymous_2)","decl":{"start":{"line":25,"column":1},"end":{"line":25,"column":7}},"loc":{"start":{"line":25,"column":55},"end":{"line":27,"column":2}}},"3":{"name":"(anonymous_3)","decl":{"start":{"line":29,"column":1},"end":{"line":29,"column":7}},"loc":{"start":{"line":29,"column":29},"end":{"line":35,"column":2}}},"4":{"name":"(anonymous_4)","decl":{"start":{"line":37,"column":1},"end":{"line":37,"column":5}},"loc":{"start":{"line":37,"column":9},"end":{"line":45,"column":2}}},"5":{"name":"(anonymous_5)","decl":{"start":{"line":47,"column":1},"end":{"line":47,"column":7}},"loc":{"start":{"line":47,"column":7},"end":{"line":53,"column":2}}}},"branchMap":{"0":{"loc":{"start":{"line":12,"column":52},"end":{"line":12,"column":63}},"type":"default-arg","locations":[{"start":{"line":12,"column":59},"end":{"line":12,"column":63}}]},"1":{"loc":{"start":{"line":13,"column":15},"end":{"line":13,"column":27}},"type":"binary-expr","locations":[{"start":{"line":13,"column":15},"end":{"line":13,"column":19}},{"start":{"line":13,"column":23},"end":{"line":13,"column":27}}]},"2":{"loc":{"start":{"line":25,"column":31},"end":{"line":25,"column":42}},"type":"default-arg","locations":[{"start":{"line":25,"column":38},"end":{"line":25,"column":42}}]},"3":{"loc":{"start":{"line":25,"column":44},"end":{"line":25,"column":55}},"type":"default-arg","locations":[{"start":{"line":25,"column":53},"end":{"line":25,"column":55}}]},"4":{"loc":{"start":{"line":31,"column":2},"end":{"line":33,"column":null}},"type":"if","locations":[{"start":{"line":31,"column":2},"end":{"line":33,"column":null}}]}},"s":{"0":12,"1":23,"2":23,"3":23,"4":23,"5":23,"6":23,"7":23,"8":25,"9":22,"10":2,"11":2,"12":1,"13":1,"14":26,"15":24,"16":12,"17":12},"f":{"0":23,"1":25,"2":22,"3":2,"4":26,"5":24},"b":{"0":[22],"1":[23,22],"2":[4],"3":[8],"4":[1]}}
,"/Users/boudydegeer/Code/@nfut/packages/npm/@mosaiqo/feathers-microservices/lib/events/ServicesPublishedEvent.ts": {"path":"/Users/boudydegeer/Code/@nfut/packages/npm/@mosaiqo/feathers-microservices/lib/events/ServicesPublishedEvent.ts","statementMap":{"0":{"start":{"line":2,"column":8},"end":{"line":2,"column":32}},"1":{"start":{"line":9,"column":2},"end":{"line":9,"column":null}},"2":{"start":{"line":10,"column":2},"end":{"line":10,"column":null}},"3":{"start":{"line":11,"column":2},"end":{"line":11,"column":null}},"4":{"start":{"line":12,"column":2},"end":{"line":12,"column":null}},"5":{"start":{"line":16,"column":2},"end":{"line":16,"column":null}},"6":{"start":{"line":20,"column":2},"end":{"line":20,"column":null}},"7":{"start":{"line":24,"column":32},"end":{"line":24,"column":41}},"8":{"start":{"line":25,"column":2},"end":{"line":27,"column":null}},"9":{"start":{"line":26,"column":3},"end":{"line":26,"column":null}},"10":{"start":{"line":28,"column":2},"end":{"line":28,"column":null}},"11":{"start":{"line":32,"column":2},"end":{"line":36,"column":null}},"12":{"start":{"line":40,"column":2},"end":{"line":45,"column":null}},"13":{"start":{"line":1,"column":0},"end":{"line":1,"column":13}},"14":{"start":{"line":49,"column":0},"end":{"line":49,"column":null}}},"fnMap":{"0":{"name":"(anonymous_0)","decl":{"start":{"line":8,"column":1},"end":{"line":8,"column":22}},"loc":{"start":{"line":8,"column":45},"end":{"line":13,"column":2}}},"1":{"name":"(anonymous_1)","decl":{"start":{"line":15,"column":1},"end":{"line":15,"column":5}},"loc":{"start":{"line":15,"column":9},"end":{"line":17,"column":2}}},"2":{"name":"(anonymous_2)","decl":{"start":{"line":19,"column":1},"end":{"line":19,"column":7}},"loc":{"start":{"line":19,"column":38},"end":{"line":21,"column":2}}},"3":{"name":"(anonymous_3)","decl":{"start":{"line":23,"column":1},"end":{"line":23,"column":7}},"loc":{"start":{"line":23,"column":29},"end":{"line":29,"column":2}}},"4":{"name":"(anonymous_4)","decl":{"start":{"line":31,"column":1},"end":{"line":31,"column":5}},"loc":{"start":{"line":31,"column":9},"end":{"line":37,"column":2}}},"5":{"name":"(anonymous_5)","decl":{"start":{"line":39,"column":1},"end":{"line":39,"column":7}},"loc":{"start":{"line":39,"column":7},"end":{"line":46,"column":2}}}},"branchMap":{"0":{"loc":{"start":{"line":25,"column":2},"end":{"line":27,"column":null}},"type":"if","locations":[{"start":{"line":25,"column":2},"end":{"line":27,"column":null}}]}},"s":{"0":459,"1":459,"2":459,"3":459,"4":459,"5":1,"6":39,"7":421,"8":421,"9":1,"10":420,"11":460,"12":40,"13":12,"14":12},"f":{"0":459,"1":1,"2":39,"3":421,"4":460,"5":40},"b":{"0":[1]}}
,"/Users/boudydegeer/Code/@nfut/packages/npm/@mosaiqo/feathers-microservices/lib/events/index.ts": {"path":"/Users/boudydegeer/Code/@nfut/packages/npm/@mosaiqo/feathers-microservices/lib/events/index.ts","statementMap":{"0":{"start":{"line":1,"column":0},"end":{"line":1,"column":9}},"1":{"start":{"line":1,"column":9},"end":{"line":1,"column":30}},"2":{"start":{"line":2,"column":0},"end":{"line":2,"column":9}},"3":{"start":{"line":2,"column":9},"end":{"line":2,"column":42}},"4":{"start":{"line":3,"column":0},"end":{"line":3,"column":9}},"5":{"start":{"line":3,"column":9},"end":{"line":3,"column":35}}},"fnMap":{"0":{"name":"(anonymous_1)","decl":{"start":{"line":1,"column":9},"end":{"line":1,"column":16}},"loc":{"start":{"line":1,"column":9},"end":{"line":1,"column":30}}},"1":{"name":"(anonymous_2)","decl":{"start":{"line":2,"column":9},"end":{"line":2,"column":16}},"loc":{"start":{"line":2,"column":9},"end":{"line":2,"column":42}}},"2":{"name":"(anonymous_3)","decl":{"start":{"line":3,"column":9},"end":{"line":3,"column":16}},"loc":{"start":{"line":3,"column":9},"end":{"line":3,"column":35}}}},"branchMap":{},"s":{"0":12,"1":171,"2":12,"3":130,"4":12,"5":36},"f":{"0":159,"1":118,"2":24},"b":{}}
,"/Users/boudydegeer/Code/@nfut/packages/npm/@mosaiqo/feathers-microservices/lib/publishers/apps.ts": {"path":"/Users/boudydegeer/Code/@nfut/packages/npm/@mosaiqo/feathers-microservices/lib/publishers/apps.ts","statementMap":{"0":{"start":{"line":2,"column":0},"end":{"line":2,"column":29}},"1":{"start":{"line":6,"column":14},"end":{"line":6,"column":57}},"2":{"start":{"line":14,"column":2},"end":{"line":14,"column":null}},"3":{"start":{"line":15,"column":2},"end":{"line":15,"column":null}},"4":{"start":{"line":16,"column":2},"end":{"line":16,"column":null}},"5":{"start":{"line":21,"column":2},"end":{"line":25,"column":null}},"6":{"start":{"line":29,"column":2},"end":{"line":33,"column":null}},"7":{"start":{"line":37,"column":2},"end":{"line":41,"column":null}},"8":{"start":{"line":8,"column":0},"end":{"line":8,"column":13}},"9":{"start":{"line":45,"column":0},"end":{"line":45,"column":null}}},"fnMap":{"0":{"name":"(anonymous_1)","decl":{"start":{"line":13,"column":1},"end":{"line":13,"column":13}},"loc":{"start":{"line":13,"column":44},"end":{"line":17,"column":2}}},"1":{"name":"(anonymous_2)","decl":{"start":{"line":19,"column":1},"end":{"line":19,"column":6}},"loc":{"start":{"line":19,"column":11},"end":{"line":26,"column":2}}},"2":{"name":"(anonymous_3)","decl":{"start":{"line":28,"column":1},"end":{"line":28,"column":6}},"loc":{"start":{"line":28,"column":34},"end":{"line":34,"column":2}}},"3":{"name":"(anonymous_4)","decl":{"start":{"line":36,"column":1},"end":{"line":36,"column":6}},"loc":{"start":{"line":36,"column":49},"end":{"line":42,"column":2}}}},"branchMap":{},"s":{"0":4,"1":4,"2":76,"3":76,"4":76,"5":76,"6":75,"7":36,"8":4,"9":4},"f":{"0":76,"1":76,"2":75,"3":36},"b":{}}
,"/Users/boudydegeer/Code/@nfut/packages/npm/@mosaiqo/feathers-microservices/lib/publishers/index.ts": {"path":"/Users/boudydegeer/Code/@nfut/packages/npm/@mosaiqo/feathers-microservices/lib/publishers/index.ts","statementMap":{"0":{"start":{"line":1,"column":0},"end":{"line":1,"column":9}},"1":{"start":{"line":1,"column":9},"end":{"line":1,"column":33}}},"fnMap":{"0":{"name":"(anonymous_1)","decl":{"start":{"line":1,"column":9},"end":{"line":1,"column":16}},"loc":{"start":{"line":1,"column":9},"end":{"line":1,"column":33}}}},"branchMap":{},"s":{"0":4,"1":80},"f":{"0":76},"b":{}}
,"/Users/boudydegeer/Code/@nfut/packages/npm/@mosaiqo/feathers-microservices/lib/regristrars/apps.ts": {"path":"/Users/boudydegeer/Code/@nfut/packages/npm/@mosaiqo/feathers-microservices/lib/regristrars/apps.ts","statementMap":{"0":{"start":{"line":7,"column":2},"end":{"line":7,"column":null}},"1":{"start":{"line":13,"column":2},"end":{"line":13,"column":null}},"2":{"start":{"line":4,"column":0},"end":{"line":4,"column":13}},"3":{"start":{"line":17,"column":0},"end":{"line":17,"column":null}}},"fnMap":{"0":{"name":"(anonymous_0)","decl":{"start":{"line":6,"column":1},"end":{"line":6,"column":14}},"loc":{"start":{"line":6,"column":17},"end":{"line":8,"column":2}}},"1":{"name":"(anonymous_1)","decl":{"start":{"line":10,"column":1},"end":{"line":10,"column":5}},"loc":{"start":{"line":10,"column":5},"end":{"line":10,"column":10}}},"2":{"name":"(anonymous_2)","decl":{"start":{"line":12,"column":1},"end":{"line":12,"column":9}},"loc":{"start":{"line":12,"column":27},"end":{"line":14,"column":2}}}},"branchMap":{},"s":{"0":75,"1":1176,"2":4,"3":4},"f":{"0":75,"1":74,"2":1176},"b":{}}
,"/Users/boudydegeer/Code/@nfut/packages/npm/@mosaiqo/feathers-microservices/lib/regristrars/index.ts": {"path":"/Users/boudydegeer/Code/@nfut/packages/npm/@mosaiqo/feathers-microservices/lib/regristrars/index.ts","statementMap":{"0":{"start":{"line":1,"column":0},"end":{"line":1,"column":9}},"1":{"start":{"line":1,"column":9},"end":{"line":1,"column":33}}},"fnMap":{"0":{"name":"(anonymous_1)","decl":{"start":{"line":1,"column":9},"end":{"line":1,"column":16}},"loc":{"start":{"line":1,"column":9},"end":{"line":1,"column":33}}}},"branchMap":{},"s":{"0":4,"1":79},"f":{"0":75},"b":{}}
,"/Users/boudydegeer/Code/@nfut/packages/npm/@mosaiqo/feathers-microservices/lib/repliers/index.ts": {"path":"/Users/boudydegeer/Code/@nfut/packages/npm/@mosaiqo/feathers-microservices/lib/repliers/index.ts","statementMap":{"0":{"start":{"line":1,"column":0},"end":{"line":1,"column":8}},"1":{"start":{"line":1,"column":8},"end":{"line":1,"column":29}}},"fnMap":{"0":{"name":"(anonymous_1)","decl":{"start":{"line":1,"column":8},"end":{"line":1,"column":15}},"loc":{"start":{"line":1,"column":8},"end":{"line":1,"column":29}}}},"branchMap":{},"s":{"0":3,"1":39},"f":{"0":36},"b":{}}
,"/Users/boudydegeer/Code/@nfut/packages/npm/@mosaiqo/feathers-microservices/lib/repliers/rpc.ts": {"path":"/Users/boudydegeer/Code/@nfut/packages/npm/@mosaiqo/feathers-microservices/lib/repliers/rpc.ts","statementMap":{"0":{"start":{"line":9,"column":2},"end":{"line":9,"column":null}},"1":{"start":{"line":10,"column":2},"end":{"line":10,"column":null}},"2":{"start":{"line":11,"column":2},"end":{"line":11,"column":null}},"3":{"start":{"line":12,"column":2},"end":{"line":12,"column":null}},"4":{"start":{"line":16,"column":2},"end":{"line":16,"column":null}},"5":{"start":{"line":17,"column":2},"end":{"line":26,"column":null}},"6":{"start":{"line":18,"column":17},"end":{"line":18,"column":58}},"7":{"start":{"line":19,"column":20},"end":{"line":19,"column":50}},"8":{"start":{"line":20,"column":3},"end":{"line":24,"column":null}},"9":{"start":{"line":25,"column":3},"end":{"line":25,"column":null}},"10":{"start":{"line":30,"column":15},"end":{"line":30,"column":25}},"11":{"start":{"line":31,"column":17},"end":{"line":31,"column":27}},"12":{"start":{"line":32,"column":17},"end":{"line":32,"column":29}},"13":{"start":{"line":33,"column":13},"end":{"line":33,"column":21}},"14":{"start":{"line":34,"column":15},"end":{"line":34,"column":25}},"15":{"start":{"line":35,"column":2},"end":{"line":50,"column":null}},"16":{"start":{"line":36,"column":19},"end":{"line":36,"column":41}},"17":{"start":{"line":39,"column":19},"end":{"line":46,"column":null}},"18":{"start":{"line":40,"column":22},"end":{"line":40,"column":51}},"19":{"start":{"line":41,"column":21},"end":{"line":41,"column":54}},"20":{"start":{"line":42,"column":24},"end":{"line":42,"column":59}},"21":{"start":{"line":43,"column":23},"end":{"line":43,"column":62}},"22":{"start":{"line":44,"column":23},"end":{"line":44,"column":62}},"23":{"start":{"line":45,"column":24},"end":{"line":45,"column":56}},"24":{"start":{"line":47,"column":3},"end":{"line":47,"column":null}},"25":{"start":{"line":49,"column":3},"end":{"line":49,"column":null}},"26":{"start":{"line":3,"column":0},"end":{"line":3,"column":13}},"27":{"start":{"line":54,"column":0},"end":{"line":54,"column":null}}},"fnMap":{"0":{"name":"(anonymous_0)","decl":{"start":{"line":8,"column":1},"end":{"line":8,"column":14}},"loc":{"start":{"line":8,"column":35},"end":{"line":13,"column":2}}},"1":{"name":"(anonymous_1)","decl":{"start":{"line":15,"column":1},"end":{"line":15,"column":6}},"loc":{"start":{"line":15,"column":11},"end":{"line":27,"column":2}}},"2":{"name":"(anonymous_2)","decl":{"start":{"line":17,"column":41},"end":{"line":17,"column":46}},"loc":{"start":{"line":17,"column":55},"end":{"line":26,"column":3}}},"3":{"name":"(anonymous_3)","decl":{"start":{"line":29,"column":1},"end":{"line":29,"column":6}},"loc":{"start":{"line":29,"column":20},"end":{"line":51,"column":2}}},"4":{"name":"(anonymous_4)","decl":{"start":{"line":40,"column":10},"end":{"line":40,"column":15}},"loc":{"start":{"line":40,"column":22},"end":{"line":40,"column":51}}},"5":{"name":"(anonymous_5)","decl":{"start":{"line":41,"column":9},"end":{"line":41,"column":14}},"loc":{"start":{"line":41,"column":21},"end":{"line":41,"column":54}}},"6":{"name":"(anonymous_6)","decl":{"start":{"line":42,"column":12},"end":{"line":42,"column":17}},"loc":{"start":{"line":42,"column":24},"end":{"line":42,"column":59}}},"7":{"name":"(anonymous_7)","decl":{"start":{"line":43,"column":12},"end":{"line":43,"column":17}},"loc":{"start":{"line":43,"column":23},"end":{"line":43,"column":62}}},"8":{"name":"(anonymous_8)","decl":{"start":{"line":44,"column":11},"end":{"line":44,"column":16}},"loc":{"start":{"line":44,"column":23},"end":{"line":44,"column":62}}},"9":{"name":"(anonymous_9)","decl":{"start":{"line":45,"column":12},"end":{"line":45,"column":17}},"loc":{"start":{"line":45,"column":24},"end":{"line":45,"column":56}}}},"branchMap":{},"s":{"0":44,"1":44,"2":44,"3":44,"4":44,"5":44,"6":13,"7":13,"8":13,"9":13,"10":13,"11":13,"12":13,"13":13,"14":13,"15":13,"16":13,"17":12,"18":2,"19":2,"20":2,"21":2,"22":2,"23":2,"24":12,"25":1,"26":4,"27":4},"f":{"0":44,"1":44,"2":13,"3":13,"4":2,"5":2,"6":2,"7":2,"8":2,"9":2},"b":{}}
,"/Users/boudydegeer/Code/@nfut/packages/npm/@mosaiqo/feathers-microservices/lib/requesters/http.ts": {"path":"/Users/boudydegeer/Code/@nfut/packages/npm/@mosaiqo/feathers-microservices/lib/requesters/http.ts","statementMap":{"0":{"start":{"line":1,"column":0},"end":{"line":1,"column":23}},"1":{"start":{"line":2,"column":0},"end":{"line":2,"column":25}},"2":{"start":{"line":3,"column":0},"end":{"line":3,"column":25}},"3":{"start":{"line":4,"column":0},"end":{"line":4,"column":36}},"4":{"start":{"line":5,"column":0},"end":{"line":5,"column":44}},"5":{"start":{"line":8,"column":0},"end":{"line":8,"column":null}},"6":{"start":{"line":29,"column":2},"end":{"line":32,"column":null}},"7":{"start":{"line":33,"column":2},"end":{"line":33,"column":null}},"8":{"start":{"line":34,"column":2},"end":{"line":34,"column":null}},"9":{"start":{"line":35,"column":2},"end":{"line":35,"column":null}},"10":{"start":{"line":36,"column":2},"end":{"line":36,"column":null}},"11":{"start":{"line":37,"column":2},"end":{"line":37,"column":null}},"12":{"start":{"line":38,"column":2},"end":{"line":38,"column":null}},"13":{"start":{"line":39,"column":2},"end":{"line":39,"column":null}},"14":{"start":{"line":40,"column":2},"end":{"line":40,"column":null}},"15":{"start":{"line":41,"column":2},"end":{"line":41,"column":null}},"16":{"start":{"line":42,"column":2},"end":{"line":42,"column":null}},"17":{"start":{"line":43,"column":2},"end":{"line":43,"column":null}},"18":{"start":{"line":45,"column":2},"end":{"line":45,"column":null}},"19":{"start":{"line":45,"column":23},"end":{"line":45,"column":57}},"20":{"start":{"line":52,"column":43},"end":{"line":52,"column":69}},"21":{"start":{"line":53,"column":26},"end":{"line":53,"column":58}},"22":{"start":{"line":54,"column":29},"end":{"line":54,"column":53}},"23":{"start":{"line":55,"column":22},"end":{"line":55,"column":87}},"24":{"start":{"line":57,"column":2},"end":{"line":57,"column":null}},"25":{"start":{"line":58,"column":2},"end":{"line":58,"column":null}},"26":{"start":{"line":59,"column":2},"end":{"line":59,"column":null}},"27":{"start":{"line":61,"column":20},"end":{"line":61,"column":86}},"28":{"start":{"line":62,"column":22},"end":{"line":62,"column":51}},"29":{"start":{"line":64,"column":14},"end":{"line":64,"column":78}},"30":{"start":{"line":66,"column":14},"end":{"line":69,"column":null}},"31":{"start":{"line":71,"column":2},"end":{"line":71,"column":null}},"32":{"start":{"line":71,"column":36},"end":{"line":71,"column":51}},"33":{"start":{"line":73,"column":2},"end":{"line":77,"column":null}},"34":{"start":{"line":74,"column":3},"end":{"line":74,"column":null}},"35":{"start":{"line":75,"column":3},"end":{"line":75,"column":null}},"36":{"start":{"line":76,"column":3},"end":{"line":76,"column":null}},"37":{"start":{"line":79,"column":25},"end":{"line":87,"column":null}},"38":{"start":{"line":88,"column":2},"end":{"line":91,"column":null}},"39":{"start":{"line":90,"column":3},"end":{"line":90,"column":null}},"40":{"start":{"line":93,"column":2},"end":{"line":98,"column":null}},"41":{"start":{"line":95,"column":3},"end":{"line":95,"column":null}},"42":{"start":{"line":97,"column":3},"end":{"line":97,"column":null}},"43":{"start":{"line":100,"column":21},"end":{"line":100,"column":45}},"44":{"start":{"line":101,"column":15},"end":{"line":101,"column":73}},"45":{"start":{"line":102,"column":17},"end":{"line":102,"column":49}},"46":{"start":{"line":103,"column":2},"end":{"line":103,"column":null}},"47":{"start":{"line":107,"column":2},"end":{"line":107,"column":null}},"48":{"start":{"line":107,"column":47},"end":{"line":107,"column":107}},"49":{"start":{"line":111,"column":2},"end":{"line":111,"column":null}},"50":{"start":{"line":111,"column":16},"end":{"line":111,"column":61}},"51":{"start":{"line":115,"column":2},"end":{"line":115,"column":null}},"52":{"start":{"line":115,"column":40},"end":{"line":115,"column":96}},"53":{"start":{"line":119,"column":2},"end":{"line":119,"column":null}},"54":{"start":{"line":119,"column":29},"end":{"line":119,"column":40}},"55":{"start":{"line":119,"column":46},"end":{"line":119,"column":null}},"56":{"start":{"line":119,"column":74},"end":{"line":119,"column":86}},"57":{"start":{"line":123,"column":19},"end":{"line":123,"column":67}},"58":{"start":{"line":124,"column":22},"end":{"line":124,"column":100}},"59":{"start":{"line":125,"column":12},"end":{"line":125,"column":39}},"60":{"start":{"line":127,"column":2},"end":{"line":127,"column":null}},"61":{"start":{"line":127,"column":22},"end":{"line":127,"column":43}},"62":{"start":{"line":129,"column":2},"end":{"line":129,"column":null}},"63":{"start":{"line":131,"column":2},"end":{"line":131,"column":null}},"64":{"start":{"line":135,"column":2},"end":{"line":135,"column":null}},"65":{"start":{"line":135,"column":29},"end":{"line":135,"column":44}},"66":{"start":{"line":136,"column":17},"end":{"line":136,"column":30}},"67":{"start":{"line":138,"column":2},"end":{"line":138,"column":null}},"68":{"start":{"line":138,"column":44},"end":{"line":138,"column":66}},"69":{"start":{"line":140,"column":2},"end":{"line":140,"column":null}},"70":{"start":{"line":144,"column":2},"end":{"line":144,"column":null}},"71":{"start":{"line":144,"column":32},"end":{"line":144,"column":59}},"72":{"start":{"line":146,"column":2},"end":{"line":146,"column":null}},"73":{"start":{"line":15,"column":0},"end":{"line":15,"column":13}},"74":{"start":{"line":150,"column":0},"end":{"line":150,"column":null}}},"fnMap":{"0":{"name":"(anonymous_7)","decl":{"start":{"line":28,"column":1},"end":{"line":28,"column":14}},"loc":{"start":{"line":28,"column":21},"end":{"line":46,"column":2}}},"1":{"name":"(anonymous_8)","decl":{"start":{"line":48,"column":1},"end":{"line":48,"column":6}},"loc":{"start":{"line":48,"column":11},"end":{"line":48,"column":17}}},"2":{"name":"(anonymous_9)","decl":{"start":{"line":50,"column":1},"end":{"line":50,"column":6}},"loc":{"start":{"line":50,"column":20},"end":{"line":104,"column":2}}},"3":{"name":"(anonymous_10)","decl":{"start":{"line":106,"column":1},"end":{"line":106,"column":17}},"loc":{"start":{"line":106,"column":24},"end":{"line":108,"column":2}}},"4":{"name":"(anonymous_11)","decl":{"start":{"line":110,"column":1},"end":{"line":110,"column":13}},"loc":{"start":{"line":110,"column":20},"end":{"line":112,"column":2}}},"5":{"name":"(anonymous_12)","decl":{"start":{"line":114,"column":1},"end":{"line":114,"column":13}},"loc":{"start":{"line":114,"column":20},"end":{"line":116,"column":2}}},"6":{"name":"(anonymous_13)","decl":{"start":{"line":118,"column":1},"end":{"line":118,"column":16}},"loc":{"start":{"line":118,"column":26},"end":{"line":120,"column":2}}},"7":{"name":"(anonymous_14)","decl":{"start":{"line":122,"column":1},"end":{"line":122,"column":7}},"loc":{"start":{"line":122,"column":39},"end":{"line":132,"column":2}}},"8":{"name":"(anonymous_15)","decl":{"start":{"line":134,"column":1},"end":{"line":134,"column":13}},"loc":{"start":{"line":134,"column":21},"end":{"line":141,"column":2}}},"9":{"name":"(anonymous_16)","decl":{"start":{"line":143,"column":1},"end":{"line":143,"column":11}},"loc":{"start":{"line":143,"column":15},"end":{"line":147,"column":2}}}},"branchMap":{"0":{"loc":{"start":{"line":33,"column":18},"end":{"line":33,"column":54}},"type":"binary-expr","locations":[{"start":{"line":33,"column":18},"end":{"line":33,"column":34}},{"start":{"line":33,"column":38},"end":{"line":33,"column":54}}]},"1":{"loc":{"start":{"line":36,"column":19},"end":{"line":36,"column":42}},"type":"binary-expr","locations":[{"start":{"line":36,"column":19},"end":{"line":36,"column":36}},{"start":{"line":36,"column":40},"end":{"line":36,"column":42}}]},"2":{"loc":{"start":{"line":38,"column":17},"end":{"line":38,"column":51}},"type":"binary-expr","locations":[{"start":{"line":38,"column":17},"end":{"line":38,"column":32}},{"start":{"line":38,"column":36},"end":{"line":38,"column":51}}]},"3":{"loc":{"start":{"line":43,"column":31},"end":{"line":43,"column":87}},"type":"binary-expr","locations":[{"start":{"line":43,"column":31},"end":{"line":43,"column":60}},{"start":{"line":43,"column":64},"end":{"line":43,"column":87}}]},"4":{"loc":{"start":{"line":45,"column":2},"end":{"line":45,"column":null}},"type":"if","locations":[{"start":{"line":45,"column":2},"end":{"line":45,"column":null}}]},"5":{"loc":{"start":{"line":53,"column":26},"end":{"line":53,"column":58}},"type":"binary-expr","locations":[{"start":{"line":53,"column":26},"end":{"line":53,"column":41}},{"start":{"line":53,"column":45},"end":{"line":53,"column":58}}]},"6":{"loc":{"start":{"line":54,"column":29},"end":{"line":54,"column":53}},"type":"binary-expr","locations":[{"start":{"line":54,"column":29},"end":{"line":54,"column":40}},{"start":{"line":54,"column":44},"end":{"line":54,"column":53}}]},"7":{"loc":{"start":{"line":55,"column":22},"end":{"line":55,"column":87}},"type":"binary-expr","locations":[{"start":{"line":55,"column":22},"end":{"line":55,"column":33}},{"start":{"line":55,"column":37},"end":{"line":55,"column":46}},{"start":{"line":55,"column":50},"end":{"line":55,"column":87}}]},"8":{"loc":{"start":{"line":61,"column":20},"end":{"line":61,"column":86}},"type":"cond-expr","locations":[{"start":{"line":61,"column":53},"end":{"line":61,"column":69}},{"start":{"line":61,"column":72},"end":{"line":61,"column":86}}]},"9":{"loc":{"start":{"line":71,"column":2},"end":{"line":71,"column":null}},"type":"if","locations":[{"start":{"line":71,"column":2},"end":{"line":71,"column":null}}]},"10":{"loc":{"start":{"line":73,"column":2},"end":{"line":77,"column":null}},"type":"if","locations":[{"start":{"line":73,"column":2},"end":{"line":77,"column":null}}]},"11":{"loc":{"start":{"line":86,"column":12},"end":{"line":86,"column":72}},"type":"cond-expr","locations":[{"start":{"line":86,"column":43},"end":{"line":86,"column":57}},{"start":{"line":86,"column":60},"end":{"line":86,"column":72}}]},"12":{"loc":{"start":{"line":88,"column":2},"end":{"line":91,"column":null}},"type":"if","locations":[{"start":{"line":88,"column":2},"end":{"line":91,"column":null}}]},"13":{"loc":{"start":{"line":93,"column":2},"end":{"line":98,"column":null}},"type":"if","locations":[{"start":{"line":93,"column":2},"end":{"line":98,"column":null}}]},"14":{"loc":{"start":{"line":101,"column":15},"end":{"line":101,"column":73}},"type":"cond-expr","locations":[{"start":{"line":101,"column":22},"end":{"line":101,"column":49}},{"start":{"line":101,"column":52},"end":{"line":101,"column":73}}]},"15":{"loc":{"start":{"line":107,"column":2},"end":{"line":107,"column":null}},"type":"if","locations":[{"start":{"line":107,"column":2},"end":{"line":107,"column":null}}]},"16":{"loc":{"start":{"line":107,"column":6},"end":{"line":107,"column":43}},"type":"binary-expr","locations":[{"start":{"line":107,"column":6},"end":{"line":107,"column":22}},{"start":{"line":107,"column":26},"end":{"line":107,"column":43}}]},"17":{"loc":{"start":{"line":111,"column":2},"end":{"line":111,"column":null}},"type":"if","locations":[{"start":{"line":111,"column":2},"end":{"line":111,"column":null}}]},"18":{"loc":{"start":{"line":115,"column":2},"end":{"line":115,"column":null}},"type":"if","locations":[{"start":{"line":115,"column":2},"end":{"line":115,"column":null}}]},"19":{"loc":{"start":{"line":115,"column":8},"end":{"line":115,"column":35}},"type":"binary-expr","locations":[{"start":{"line":115,"column":8},"end":{"line":115,"column":17}},{"start":{"line":115,"column":21},"end":{"line":115,"column":35}}]},"20":{"loc":{"start":{"line":119,"column":2},"end":{"line":119,"column":null}},"type":"if","locations":[{"start":{"line":119,"column":2},"end":{"line":119,"column":null}},{"start":{"line":119,"column":46},"end":{"line":119,"column":null}}]},"21":{"loc":{"start":{"line":119,"column":46},"end":{"line":119,"column":null}},"type":"if","locations":[{"start":{"line":119,"column":46},"end":{"line":119,"column":null}}]},"22":{"loc":{"start":{"line":123,"column":19},"end":{"line":123,"column":67}},"type":"cond-expr","locations":[{"start":{"line":123,"column":24},"end":{"line":123,"column":60}},{"start":{"line":123,"column":63},"end":{"line":123,"column":67}}]},"23":{"loc":{"start":{"line":124,"column":22},"end":{"line":124,"column":100}},"type":"binary-expr","locations":[{"start":{"line":124,"column":23},"end":{"line":124,"column":42}},{"start":{"line":124,"column":46},"end":{"line":124,"column":57}},{"start":{"line":124,"column":63},"end":{"line":124,"column":83}},{"start":{"line":124,"column":87},"end":{"line":124,"column":99}}]},"24":{"loc":{"start":{"line":127,"column":2},"end":{"line":127,"column":null}},"type":"if","locations":[{"start":{"line":127,"column":2},"end":{"line":127,"column":null}}]},"25":{"loc":{"start":{"line":135,"column":2},"end":{"line":135,"column":null}},"type":"if","locations":[{"start":{"line":135,"column":2},"end":{"line":135,"column":null}}]},"26":{"loc":{"start":{"line":144,"column":2},"end":{"line":144,"column":null}},"type":"if","locations":[{"start":{"line":144,"column":2},"end":{"line":144,"column":null}}]}},"s":{"0":6,"1":6,"2":6,"3":6,"4":6,"5":6,"6":284,"7":284,"8":284,"9":284,"10":284,"11":284,"12":284,"13":284,"14":284,"15":284,"16":284,"17":284,"18":284,"19":1,"20":43,"21":43,"22":43,"23":43,"24":43,"25":42,"26":41,"27":40,"28":40,"29":40,"30":40,"31":40,"32":40,"33":40,"34":2,"35":2,"36":2,"37":40,"38":40,"39":5,"40":40,"41":6,"42":6,"43":40,"44":40,"45":40,"46":16,"47":43,"48":1,"49":42,"50":1,"51":41,"52":1,"53":41,"54":39,"55":2,"56":1,"57":40,"58":40,"59":40,"60":40,"61":1,"62":40,"63":40,"64":104,"65":35,"66":69,"67":69,"68":205,"69":69,"70":26,"71":1,"72":25,"73":6,"74":6},"f":{"0":284,"1":242,"2":43,"3":43,"4":42,"5":41,"6":41,"7":40,"8":104,"9":26},"b":{"0":[284,283],"1":[284,284],"2":[284,284],"3":[284,284],"4":[1],"5":[43,41],"6":[43,42],"7":[43,42,41],"8":[1,39],"9":[40],"10":[2],"11":[1,39],"12":[5],"13":[6],"14":[16,24],"15":[1],"16":[43,3],"17":[1],"18":[1],"19":[41,41],"20":[39,2],"21":[1],"22":[26,14],"23":[40,38,2,2],"24":[1],"25":[35],"26":[1]}}
,"/Users/boudydegeer/Code/@nfut/packages/npm/@mosaiqo/feathers-microservices/lib/requesters/index.ts": {"path":"/Users/boudydegeer/Code/@nfut/packages/npm/@mosaiqo/feathers-microservices/lib/requesters/index.ts","statementMap":{"0":{"start":{"line":3,"column":0},"end":{"line":3,"column":38}},"1":{"start":{"line":4,"column":0},"end":{"line":4,"column":36}},"2":{"start":{"line":8,"column":22},"end":{"line":8,"column":27}},"3":{"start":{"line":9,"column":23},"end":{"line":9,"column":38}},"4":{"start":{"line":11,"column":2},"end":{"line":13,"column":null}},"5":{"start":{"line":12,"column":3},"end":{"line":12,"column":null}},"6":{"start":{"line":15,"column":2},"end":{"line":17,"column":null}},"7":{"start":{"line":16,"column":3},"end":{"line":16,"column":null}},"8":{"start":{"line":19,"column":21},"end":{"line":22,"column":null}},"9":{"start":{"line":20,"column":17},"end":{"line":20,"column":104}},"10":{"start":{"line":21,"column":16},"end":{"line":21,"column":112}},"11":{"start":{"line":23,"column":20},"end":{"line":23,"column":38}},"12":{"start":{"line":24,"column":2},"end":{"line":24,"column":null}},"13":{"start":{"line":26,"column":2},"end":{"line":26,"column":null}},"14":{"start":{"line":6,"column":0},"end":{"line":6,"column":13}},"15":{"start":{"line":31,"column":0},"end":{"line":31,"column":null}}},"fnMap":{"0":{"name":"(anonymous_0)","decl":{"start":{"line":7,"column":8},"end":{"line":7,"column":14}},"loc":{"start":{"line":7,"column":66},"end":{"line":28,"column":2}}},"1":{"name":"(anonymous_1)","decl":{"start":{"line":20,"column":11},"end":{"line":20,"column":14}},"loc":{"start":{"line":20,"column":17},"end":{"line":20,"column":104}}},"2":{"name":"(anonymous_2)","decl":{"start":{"line":21,"column":10},"end":{"line":21,"column":13}},"loc":{"start":{"line":21,"column":16},"end":{"line":21,"column":112}}}},"branchMap":{"0":{"loc":{"start":{"line":7,"column":55},"end":{"line":7,"column":66}},"type":"default-arg","locations":[{"start":{"line":7,"column":62},"end":{"line":7,"column":66}}]},"1":{"loc":{"start":{"line":11,"column":2},"end":{"line":13,"column":null}},"type":"if","locations":[{"start":{"line":11,"column":2},"end":{"line":13,"column":null}}]},"2":{"loc":{"start":{"line":15,"column":2},"end":{"line":17,"column":null}},"type":"if","locations":[{"start":{"line":15,"column":2},"end":{"line":17,"column":null}}]},"3":{"loc":{"start":{"line":15,"column":6},"end":{"line":15,"column":46}},"type":"binary-expr","locations":[{"start":{"line":15,"column":6},"end":{"line":15,"column":26}},{"start":{"line":15,"column":30},"end":{"line":15,"column":46}}]}},"s":{"0":4,"1":4,"2":423,"3":423,"4":423,"5":3,"6":423,"7":1,"8":422,"9":242,"10":180,"11":422,"12":422,"13":422,"14":4,"15":4},"f":{"0":423,"1":242,"2":180},"b":{"0":[1],"1":[3],"2":[1],"3":[423,181]}}
,"/Users/boudydegeer/Code/@nfut/packages/npm/@mosaiqo/feathers-microservices/lib/requesters/rpc.ts": {"path":"/Users/boudydegeer/Code/@nfut/packages/npm/@mosaiqo/feathers-microservices/lib/requesters/rpc.ts","statementMap":{"0":{"start":{"line":3,"column":0},"end":{"line":3,"column":43}},"1":{"start":{"line":4,"column":0},"end":{"line":4,"column":25}},"2":{"start":{"line":21,"column":2},"end":{"line":21,"column":null}},"3":{"start":{"line":22,"column":2},"end":{"line":22,"column":null}},"4":{"start":{"line":23,"column":2},"end":{"line":23,"column":null}},"5":{"start":{"line":24,"column":2},"end":{"line":24,"column":null}},"6":{"start":{"line":25,"column":2},"end":{"line":25,"column":null}},"7":{"start":{"line":26,"column":2},"end":{"line":26,"column":null}},"8":{"start":{"line":29,"column":2},"end":{"line":29,"column":null}},"9":{"start":{"line":30,"column":2},"end":{"line":42,"column":null}},"10":{"start":{"line":31,"column":17},"end":{"line":31,"column":58}},"11":{"start":{"line":32,"column":25},"end":{"line":32,"column":53}},"12":{"start":{"line":34,"column":3},"end":{"line":36,"column":null}},"13":{"start":{"line":35,"column":4},"end":{"line":35,"column":null}},"14":{"start":{"line":38,"column":3},"end":{"line":40,"column":null}},"15":{"start":{"line":39,"column":4},"end":{"line":39,"column":null}},"16":{"start":{"line":45,"column":2},"end":{"line":81,"column":null}},"17":{"start":{"line":46,"column":20},"end":{"line":46,"column":54}},"18":{"start":{"line":47,"column":25},"end":{"line":47,"column":29}},"19":{"start":{"line":48,"column":3},"end":{"line":48,"column":null}},"20":{"start":{"line":49,"column":3},"end":{"line":49,"column":null}},"21":{"start":{"line":51,"column":44},"end":{"line":51,"column":71}},"22":{"start":{"line":52,"column":17},"end":{"line":53,"column":null}},"23":{"start":{"line":57,"column":3},"end":{"line":57,"column":null}},"24":{"start":{"line":59,"column":3},"end":{"line":63,"column":null}},"25":{"start":{"line":65,"column":3},"end":{"line":65,"column":null}},"26":{"start":{"line":66,"column":3},"end":{"line":79,"column":null}},"27":{"start":{"line":67,"column":4},"end":{"line":74,"column":null}},"28":{"start":{"line":68,"column":5},"end":{"line":72,"column":null}},"29":{"start":{"line":73,"column":5},"end":{"line":73,"column":null}},"30":{"start":{"line":76,"column":4},"end":{"line":78,"column":null}},"31":{"start":{"line":77,"column":5},"end":{"line":77,"column":null}},"32":{"start":{"line":85,"column":2},"end":{"line":85,"column":null}},"33":{"start":{"line":85,"column":29},"end":{"line":85,"column":44}},"34":{"start":{"line":87,"column":17},"end":{"line":87,"column":30}},"35":{"start":{"line":89,"column":2},"end":{"line":91,"column":null}},"36":{"start":{"line":90,"column":3},"end":{"line":90,"column":null}},"37":{"start":{"line":93,"column":2},"end":{"line":93,"column":null}},"38":{"start":{"line":97,"column":2},"end":{"line":97,"column":null}},"39":{"start":{"line":97,"column":32},"end":{"line":97,"column":59}},"40":{"start":{"line":99,"column":2},"end":{"line":99,"column":null}},"41":{"start":{"line":12,"column":0},"end":{"line":12,"column":13}},"42":{"start":{"line":103,"column":0},"end":{"line":103,"column":null}}},"fnMap":{"0":{"name":"(anonymous_0)","decl":{"start":{"line":20,"column":1},"end":{"line":20,"column":14}},"loc":{"start":{"line":20,"column":30},"end":{"line":27,"column":2}}},"1":{"name":"(anonymous_1)","decl":{"start":{"line":28,"column":1},"end":{"line":28,"column":6}},"loc":{"start":{"line":28,"column":11},"end":{"line":43,"column":2}}},"2":{"name":"(anonymous_2)","decl":{"start":{"line":30,"column":43},"end":{"line":30,"column":48}},"loc":{"start":{"line":30,"column":57},"end":{"line":42,"column":3}}},"3":{"name":"(anonymous_3)","decl":{"start":{"line":44,"column":1},"end":{"line":44,"column":6}},"loc":{"start":{"line":44,"column":20},"end":{"line":82,"column":2}}},"4":{"name":"(anonymous_4)","decl":{"start":{"line":45,"column":21},"end":{"line":45,"column":22}},"loc":{"start":{"line":45,"column":41},"end":{"line":81,"column":3}}},"5":{"name":"(anonymous_5)","decl":{"start":{"line":66,"column":45},"end":{"line":66,"column":48}},"loc":{"start":{"line":66,"column":50},"end":{"line":79,"column":4}}},"6":{"name":"(anonymous_6)","decl":{"start":{"line":84,"column":1},"end":{"line":84,"column":13}},"loc":{"start":{"line":84,"column":21},"end":{"line":94,"column":2}}},"7":{"name":"(anonymous_7)","decl":{"start":{"line":96,"column":1},"end":{"line":96,"column":11}},"loc":{"start":{"line":96,"column":15},"end":{"line":100,"column":2}}}},"branchMap":{"0":{"loc":{"start":{"line":34,"column":3},"end":{"line":36,"column":null}},"type":"if","locations":[{"start":{"line":34,"column":3},"end":{"line":36,"column":null}}]},"1":{"loc":{"start":{"line":38,"column":3},"end":{"line":40,"column":null}},"type":"if","locations":[{"start":{"line":38,"column":3},"end":{"line":40,"column":null}}]},"2":{"loc":{"start":{"line":67,"column":4},"end":{"line":74,"column":null}},"type":"if","locations":[{"start":{"line":67,"column":4},"end":{"line":74,"column":null}}]},"3":{"loc":{"start":{"line":76,"column":4},"end":{"line":78,"column":null}},"type":"if","locations":[{"start":{"line":76,"column":4},"end":{"line":78,"column":null}}]},"4":{"loc":{"start":{"line":85,"column":2},"end":{"line":85,"column":null}},"type":"if","locations":[{"start":{"line":85,"column":2},"end":{"line":85,"column":null}}]},"5":{"loc":{"start":{"line":97,"column":2},"end":{"line":97,"column":null}},"type":"if","locations":[{"start":{"line":97,"column":2},"end":{"line":97,"column":null}}]}},"s":{"0":5,"1":5,"2":189,"3":189,"4":189,"5":189,"6":189,"7":189,"8":189,"9":189,"10":34,"11":34,"12":34,"13":13,"14":34,"15":13,"16":14,"17":14,"18":14,"19":14,"20":14,"21":14,"22":14,"23":14,"24":14,"25":14,"26":14,"27":1,"28":1,"29":1,"30":1,"31":1,"32":20,"33":7,"34":13,"35":13,"36":37,"37":13,"38":14,"39":5,"40":9,"41":5,"42":5},"f":{"0":189,"1":189,"2":34,"3":14,"4":14,"5":1,"6":20,"7":14},"b":{"0":[13],"1":[13],"2":[1],"3":[1],"4":[7],"5":[5]}}
,"/Users/boudydegeer/Code/@nfut/packages/npm/@mosaiqo/feathers-microservices/lib/service/index.ts": {"path":"/Users/boudydegeer/Code/@nfut/packages/npm/@mosaiqo/feathers-microservices/lib/service/index.ts","statementMap":{"0":{"start":{"line":1,"column":0},"end":{"line":1,"column":9}},"1":{"start":{"line":1,"column":9},"end":{"line":1,"column":33}}},"fnMap":{"0":{"name":"(anonymous_1)","decl":{"start":{"line":1,"column":9},"end":{"line":1,"column":16}},"loc":{"start":{"line":1,"column":9},"end":{"line":1,"column":33}}}},"branchMap":{},"s":{"0":3,"1":423},"f":{"0":420},"b":{}}
,"/Users/boudydegeer/Code/@nfut/packages/npm/@mosaiqo/feathers-microservices/lib/service/remote.ts": {"path":"/Users/boudydegeer/Code/@nfut/packages/npm/@mosaiqo/feathers-microservices/lib/service/remote.ts","statementMap":{"0":{"start":{"line":1,"column":0},"end":{"line":1,"column":29}},"1":{"start":{"line":2,"column":0},"end":{"line":2,"column":43}},"2":{"start":{"line":4,"column":14},"end":{"line":4,"column":60}},"3":{"start":{"line":12,"column":2},"end":{"line":12,"column":null}},"4":{"start":{"line":13,"column":2},"end":{"line":13,"column":null}},"5":{"start":{"line":14,"column":2},"end":{"line":14,"column":null}},"6":{"start":{"line":18,"column":2},"end":{"line":18,"column":null}},"7":{"start":{"line":19,"column":2},"end":{"line":25,"column":null}},"8":{"start":{"line":20,"column":18},"end":{"line":20,"column":86}},"9":{"start":{"line":21,"column":3},"end":{"line":21,"column":null}},"10":{"start":{"line":22,"column":3},"end":{"line":22,"column":null}},"11":{"start":{"line":24,"column":3},"end":{"line":24,"column":null}},"12":{"start":{"line":29,"column":2},"end":{"line":29,"column":null}},"13":{"start":{"line":30,"column":2},"end":{"line":36,"column":null}},"14":{"start":{"line":31,"column":18},"end":{"line":31,"column":89}},"15":{"start":{"line":32,"column":3},"end":{"line":32,"column":null}},"16":{"start":{"line":33,"column":3},"end":{"line":33,"column":null}},"17":{"start":{"line":35,"column":3},"end":{"line":35,"column":null}},"18":{"start":{"line":40,"column":2},"end":{"line":40,"column":null}},"19":{"start":{"line":41,"column":2},"end":{"line":47,"column":null}},"20":{"start":{"line":42,"column":18},"end":{"line":42,"column":94}},"21":{"start":{"line":43,"column":3},"end":{"line":43,"column":null}},"22":{"start":{"line":44,"column":3},"end":{"line":44,"column":null}},"23":{"start":{"line":46,"column":3},"end":{"line":46,"column":null}},"24":{"start":{"line":51,"column":2},"end":{"line":51,"column":null}},"25":{"start":{"line":52,"column":2},"end":{"line":58,"column":null}},"26":{"start":{"line":53,"column":18},"end":{"line":53,"column":98}},"27":{"start":{"line":54,"column":3},"end":{"line":54,"column":null}},"28":{"start":{"line":55,"column":3},"end":{"line":55,"column":null}},"29":{"start":{"line":57,"column":3},"end":{"line":57,"column":null}},"30":{"start":{"line":62,"column":2},"end":{"line":62,"column":null}},"31":{"start":{"line":63,"column":2},"end":{"line":69,"column":null}},"32":{"start":{"line":64,"column":18},"end":{"line":64,"column":97}},"33":{"start":{"line":65,"column":3},"end":{"line":65,"column":null}},"34":{"start":{"line":66,"column":3},"end":{"line":66,"column":null}},"35":{"start":{"line":68,"column":3},"end":{"line":68,"column":null}},"36":{"start":{"line":73,"column":2},"end":{"line":73,"column":null}},"37":{"start":{"line":74,"column":2},"end":{"line":80,"column":null}},"38":{"start":{"line":75,"column":18},"end":{"line":75,"column":92}},"39":{"start":{"line":76,"column":3},"end":{"line":76,"column":null}},"40":{"start":{"line":77,"column":3},"end":{"line":77,"column":null}},"41":{"start":{"line":79,"column":3},"end":{"line":79,"column":null}},"42":{"start":{"line":6,"column":0},"end":{"line":6,"column":13}},"43":{"start":{"line":84,"column":0},"end":{"line":84,"column":null}}},"fnMap":{"0":{"name":"(anonymous_1)","decl":{"start":{"line":11,"column":1},"end":{"line":11,"column":14}},"loc":{"start":{"line":11,"column":29},"end":{"line":15,"column":2}}},"1":{"name":"(anonymous_2)","decl":{"start":{"line":17,"column":1},"end":{"line":17,"column":6}},"loc":{"start":{"line":17,"column":24},"end":{"line":26,"column":2}}},"2":{"name":"(anonymous_3)","decl":{"start":{"line":28,"column":1},"end":{"line":28,"column":6}},"loc":{"start":{"line":28,"column":22},"end":{"line":37,"column":2}}},"3":{"name":"(anonymous_4)","decl":{"start":{"line":39,"column":1},"end":{"line":39,"column":6}},"loc":{"start":{"line":39,"column":27},"end":{"line":48,"column":2}}},"4":{"name":"(anonymous_5)","decl":{"start":{"line":50,"column":1},"end":{"line":50,"column":6}},"loc":{"start":{"line":50,"column":31},"end":{"line":59,"column":2}}},"5":{"name":"(anonymous_6)","decl":{"start":{"line":61,"column":1},"end":{"line":61,"column":6}},"loc":{"start":{"line":61,"column":30},"end":{"line":70,"column":2}}},"6":{"name":"(anonymous_7)","decl":{"start":{"line":72,"column":1},"end":{"line":72,"column":6}},"loc":{"start":{"line":72,"column":25},"end":{"line":81,"column":2}}}},"branchMap":{"0":{"loc":{"start":{"line":17,"column":13},"end":{"line":17,"column":24}},"type":"default-arg","locations":[{"start":{"line":17,"column":22},"end":{"line":17,"column":24}}]}},"s":{"0":4,"1":4,"2":4,"3":451,"4":451,"5":451,"6":12,"7":12,"8":12,"9":4,"10":4,"11":8,"12":14,"13":14,"14":14,"15":6,"16":6,"17":8,"18":11,"19":11,"20":11,"21":3,"22":3,"23":8,"24":11,"25":11,"26":11,"27":3,"28":3,"29":8,"30":11,"31":11,"32":11,"33":3,"34":3,"35":8,"36":11,"37":11,"38":11,"39":3,"40":3,"41":8,"42":4,"43":4},"f":{"0":451,"1":12,"2":14,"3":11,"4":11,"5":11,"6":11},"b":{"0":[5]}}
}
