TN:
SF:lib/constants.ts
FN:19,(anonymous_0)
FNF:1
FNH:1
FNDA:11,(anonymous_0)
DA:3,11
DA:4,11
DA:5,11
DA:7,11
DA:16,11
DA:17,11
DA:19,11
DA:20,11
DA:21,11
DA:24,11
DA:38,11
LF:11
LH:11
BRDA:19,0,0,11
BRDA:19,0,1,11
BRF:2
BRH:2
end_of_record
TN:
SF:lib/error-handler.ts
FN:3,(anonymous_6)
FNF:1
FNH:1
FNDA:48,(anonymous_6)
DA:1,4
DA:3,4
DA:4,48
DA:5,48
DA:7,48
DA:8,24
DA:9,12
DA:11,24
DA:12,12
DA:14,12
DA:17,12
DA:20,48
DA:21,12
DA:24,48
DA:25,48
DA:27,48
DA:30,4
LF:17
LH:17
BRDA:5,0,0,24
BRDA:5,0,1,24
BRDA:5,1,0,24
BRDA:5,1,1,18
BRDA:7,2,0,24
BRDA:7,2,1,24
BRDA:8,3,0,12
BRDA:11,4,0,12
BRDA:11,4,1,12
BRDA:12,5,0,12
BRDA:20,6,0,12
BRF:11
BRH:11
end_of_record
TN:
SF:lib/index.ts
FN:4,(anonymous_0)
FN:5,(anonymous_1)
FNF:2
FNH:2
FNDA:75,(anonymous_0)
FNDA:75,(anonymous_1)
DA:2,3
DA:4,3
DA:5,75
DA:6,75
DA:7,74
DA:9,74
DA:13,3
DA:14,3
LF:8
LH:8
BRF:0
BRH:0
end_of_record
TN:
SF:lib/microservice.ts
FN:36,(anonymous_6)
FN:59,(anonymous_7)
FN:70,(anonymous_8)
FN:84,(anonymous_9)
FN:96,(anonymous_10)
FN:103,(anonymous_11)
FN:111,(anonymous_12)
FN:119,(anonymous_13)
FN:127,(anonymous_14)
FN:128,(anonymous_15)
FN:134,(anonymous_16)
FN:136,(anonymous_17)
FN:141,(anonymous_18)
FN:176,(anonymous_19)
FN:197,(anonymous_20)
FN:202,(anonymous_21)
FN:213,(anonymous_22)
FN:237,(anonymous_23)
FN:245,(anonymous_24)
FN:250,(anonymous_25)
FNF:20
FNH:20
FNDA:75,(anonymous_6)
FNDA:74,(anonymous_7)
FNDA:78,(anonymous_8)
FNDA:74,(anonymous_9)
FNDA:74,(anonymous_10)
FNDA:74,(anonymous_11)
FNDA:74,(anonymous_12)
FNDA:74,(anonymous_13)
FNDA:74,(anonymous_14)
FNDA:1175,(anonymous_15)
FNDA:74,(anonymous_16)
FNDA:418,(anonymous_17)
FNDA:418,(anonymous_18)
FNDA:74,(anonymous_19)
FNDA:36,(anonymous_20)
FNDA:5,(anonymous_21)
FNDA:36,(anonymous_22)
FNDA:36,(anonymous_23)
FNDA:74,(anonymous_24)
FNDA:75,(anonymous_25)
DA:1,3
DA:2,3
DA:4,3
DA:7,3
DA:8,3
DA:9,3
DA:10,3
DA:11,3
DA:12,3
DA:13,3
DA:14,3
DA:15,3
DA:16,3
DA:26,75
DA:27,75
DA:28,75
DA:29,75
DA:37,75
DA:38,75
DA:39,75
DA:40,75
DA:41,75
DA:43,75
DA:44,1
DA:48,74
DA:56,74
DA:61,74
DA:64,74
DA:67,74
DA:70,74
DA:71,78
DA:72,78
DA:73,78
DA:74,2
DA:76,76
DA:85,74
DA:86,74
DA:87,74
DA:88,74
DA:89,74
DA:90,74
DA:92,74
DA:93,74
DA:97,74
DA:99,74
DA:100,74
DA:104,74
DA:106,74
DA:107,74
DA:112,74
DA:114,74
DA:115,74
DA:120,74
DA:122,74
DA:123,74
DA:128,74
DA:130,1175
DA:135,74
DA:136,33
DA:137,418
DA:142,418
DA:143,418
DA:144,418
DA:145,418
DA:147,382
DA:150,418
DA:154,418
DA:160,418
DA:177,74
DA:179,36
DA:180,36
DA:181,36
DA:183,36
DA:185,36
DA:187,36
DA:190,36
DA:198,36
DA:199,33
DA:201,33
DA:202,132
DA:203,5
DA:204,5
DA:214,36
DA:215,36
DA:216,33
DA:217,33
DA:226,33
DA:230,36
DA:238,36
DA:239,36
DA:246,74
DA:247,74
DA:251,75
DA:252,75
DA:254,75
DA:258,3
LF:96
LH:96
BRDA:37,0,0,75
BRDA:37,0,1,67
BRDA:38,1,0,75
BRDA:38,1,1,6
BRDA:38,1,2,6
BRDA:43,2,0,1
BRDA:43,3,0,75
BRDA:43,3,1,43
BRDA:71,4,0,78
BRDA:71,4,1,2
BRDA:73,5,0,2
BRDA:135,6,0,41
BRDA:145,7,0,382
BRDA:145,8,0,418
BRDA:145,8,1,382
BRDA:177,9,0,38
BRDA:216,10,0,33
BRDA:251,11,0,75
BRDA:251,11,1,68
BRF:19
BRH:19
end_of_record
TN:
SF:lib/clients/amqp.ts
FN:9,(anonymous_1)
FN:19,(anonymous_2)
FNF:2
FNH:2
FNDA:40,(anonymous_1)
FNDA:40,(anonymous_2)
DA:1,8
DA:3,8
DA:4,8
DA:10,40
DA:11,40
DA:20,40
DA:21,40
DA:23,40
DA:24,11
DA:27,40
DA:28,40
DA:29,40
DA:30,40
DA:32,40
DA:36,8
LF:15
LH:15
BRDA:19,0,0,27
BRDA:23,1,0,11
BRF:2
BRH:2
end_of_record
TN:
SF:lib/clients/index.ts
FN:1,(anonymous_1)
FNF:1
FNH:1
FNDA:103,(anonymous_1)
DA:1,112
LF:1
LH:1
BRF:0
BRH:0
end_of_record
TN:
SF:lib/consumers/app.ts
FN:13,(anonymous_0)
FN:27,(anonymous_1)
FN:49,(anonymous_2)
FN:66,(anonymous_3)
FN:70,(anonymous_4)
FNF:5
FNH:5
FNDA:77,(anonymous_0)
FNDA:77,(anonymous_1)
FNDA:3138,(anonymous_2)
FNDA:75,(anonymous_3)
FNDA:34,(anonymous_4)
DA:2,4
DA:5,4
DA:14,77
DA:15,77
DA:16,77
DA:17,77
DA:19,77
DA:21,77
DA:29,77
DA:36,77
DA:43,77
DA:49,77
DA:50,3138
DA:52,3138
DA:54,1763
DA:56,1595
DA:57,1595
DA:58,1595
DA:62,1763
DA:67,75
DA:71,34
DA:75,4
LF:22
LH:22
BRDA:52,0,0,1375
BRDA:54,1,0,1595
BRDA:56,2,0,1595
BRF:3
BRH:3
end_of_record
TN:
SF:lib/consumers/index.ts
FN:1,(anonymous_1)
FNF:1
FNH:1
FNDA:77,(anonymous_1)
DA:1,81
LF:1
LH:1
BRF:0
BRH:0
end_of_record
TN:
SF:lib/events/HelloEvent.ts
FN:8,(anonymous_0)
FN:15,(anonymous_1)
FN:19,(anonymous_2)
FN:23,(anonymous_3)
FN:31,(anonymous_4)
FN:39,(anonymous_5)
FNF:6
FNH:6
FNDA:1257,(anonymous_0)
FNDA:1179,(anonymous_1)
FNDA:80,(anonymous_2)
FNDA:1178,(anonymous_3)
FNDA:1258,(anonymous_4)
FNDA:80,(anonymous_5)
DA:1,12
DA:2,1257
DA:9,1257
DA:10,1257
DA:11,1257
DA:12,1257
DA:16,1179
DA:20,80
DA:24,1178
DA:25,1178
DA:26,1
DA:28,1177
DA:32,1258
DA:40,80
DA:49,12
LF:15
LH:15
BRDA:25,0,0,1
BRF:1
BRH:1
end_of_record
TN:
SF:lib/events/RPCRequestEvent.ts
FN:12,(anonymous_0)
FN:21,(anonymous_1)
FN:25,(anonymous_2)
FN:29,(anonymous_3)
FN:37,(anonymous_4)
FN:47,(anonymous_5)
FNF:6
FNH:6
FNDA:23,(anonymous_0)
FNDA:25,(anonymous_1)
FNDA:22,(anonymous_2)
FNDA:2,(anonymous_3)
FNDA:26,(anonymous_4)
FNDA:24,(anonymous_5)
DA:1,12
DA:2,12
DA:3,23
DA:13,23
DA:14,23
DA:15,23
DA:16,23
DA:17,23
DA:18,23
DA:22,25
DA:26,22
DA:30,2
DA:31,2
DA:32,1
DA:34,1
DA:38,26
DA:48,24
DA:56,12
LF:18
LH:18
BRDA:12,0,0,22
BRDA:13,1,0,23
BRDA:13,1,1,22
BRDA:25,2,0,4
BRDA:25,3,0,8
BRDA:31,4,0,1
BRF:6
BRH:6
end_of_record
TN:
SF:lib/events/ServicesPublishedEvent.ts
FN:8,(anonymous_0)
FN:15,(anonymous_1)
FN:19,(anonymous_2)
FN:23,(anonymous_3)
FN:31,(anonymous_4)
FN:39,(anonymous_5)
FNF:6
FNH:6
FNDA:459,(anonymous_0)
FNDA:1,(anonymous_1)
FNDA:39,(anonymous_2)
FNDA:421,(anonymous_3)
FNDA:460,(anonymous_4)
FNDA:40,(anonymous_5)
DA:1,12
DA:2,459
DA:9,459
DA:10,459
DA:11,459
DA:12,459
DA:16,1
DA:20,39
DA:24,421
DA:25,421
DA:26,1
DA:28,420
DA:32,460
DA:40,40
DA:49,12
LF:15
LH:15
BRDA:25,0,0,1
BRF:1
BRH:1
end_of_record
TN:
SF:lib/events/index.ts
FN:1,(anonymous_1)
FN:2,(anonymous_2)
FN:3,(anonymous_3)
FNF:3
FNH:3
FNDA:159,(anonymous_1)
FNDA:118,(anonymous_2)
FNDA:24,(anonymous_3)
DA:1,171
DA:2,130
DA:3,36
LF:3
LH:3
BRF:0
BRH:0
end_of_record
TN:
SF:lib/publishers/apps.ts
FN:13,(anonymous_1)
FN:19,(anonymous_2)
FN:28,(anonymous_3)
FN:36,(anonymous_4)
FNF:4
FNH:4
FNDA:76,(anonymous_1)
FNDA:76,(anonymous_2)
FNDA:75,(anonymous_3)
FNDA:36,(anonymous_4)
DA:2,4
DA:6,4
DA:8,4
DA:14,76
DA:15,76
DA:16,76
DA:21,76
DA:29,75
DA:37,36
DA:45,4
LF:10
LH:10
BRF:0
BRH:0
end_of_record
TN:
SF:lib/publishers/index.ts
FN:1,(anonymous_1)
FNF:1
FNH:1
FNDA:76,(anonymous_1)
DA:1,80
LF:1
LH:1
BRF:0
BRH:0
end_of_record
TN:
SF:lib/regristrars/apps.ts
FN:6,(anonymous_0)
FN:10,(anonymous_1)
FN:12,(anonymous_2)
FNF:3
FNH:3
FNDA:75,(anonymous_0)
FNDA:74,(anonymous_1)
FNDA:1176,(anonymous_2)
DA:4,4
DA:7,75
DA:13,1176
DA:17,4
LF:4
LH:4
BRF:0
BRH:0
end_of_record
TN:
SF:lib/regristrars/index.ts
FN:1,(anonymous_1)
FNF:1
FNH:1
FNDA:75,(anonymous_1)
DA:1,79
LF:1
LH:1
BRF:0
BRH:0
end_of_record
TN:
SF:lib/repliers/index.ts
FN:1,(anonymous_1)
FNF:1
FNH:1
FNDA:36,(anonymous_1)
DA:1,39
LF:1
LH:1
BRF:0
BRH:0
end_of_record
TN:
SF:lib/repliers/rpc.ts
FN:8,(anonymous_0)
FN:15,(anonymous_1)
FN:17,(anonymous_2)
FN:29,(anonymous_3)
FN:40,(anonymous_4)
FN:41,(anonymous_5)
FN:42,(anonymous_6)
FN:43,(anonymous_7)
FN:44,(anonymous_8)
FN:45,(anonymous_9)
FNF:10
FNH:10
FNDA:44,(anonymous_0)
FNDA:44,(anonymous_1)
FNDA:13,(anonymous_2)
FNDA:13,(anonymous_3)
FNDA:2,(anonymous_4)
FNDA:2,(anonymous_5)
FNDA:2,(anonymous_6)
FNDA:2,(anonymous_7)
FNDA:2,(anonymous_8)
FNDA:2,(anonymous_9)
DA:3,4
DA:9,44
DA:10,44
DA:11,44
DA:12,44
DA:16,44
DA:17,44
DA:18,13
DA:19,13
DA:20,13
DA:25,13
DA:30,13
DA:31,13
DA:32,13
DA:33,13
DA:34,13
DA:35,13
DA:36,13
DA:39,12
DA:40,2
DA:41,2
DA:42,2
DA:43,2
DA:44,2
DA:45,2
DA:47,12
DA:49,1
DA:54,4
LF:28
LH:28
BRF:0
BRH:0
end_of_record
TN:
SF:lib/requesters/http.ts
FN:28,(anonymous_7)
FN:48,(anonymous_8)
FN:50,(anonymous_9)
FN:106,(anonymous_10)
FN:110,(anonymous_11)
FN:114,(anonymous_12)
FN:118,(anonymous_13)
FN:122,(anonymous_14)
FN:134,(anonymous_15)
FN:143,(anonymous_16)
FNF:10
FNH:10
FNDA:284,(anonymous_7)
FNDA:242,(anonymous_8)
FNDA:43,(anonymous_9)
FNDA:43,(anonymous_10)
FNDA:42,(anonymous_11)
FNDA:41,(anonymous_12)
FNDA:41,(anonymous_13)
FNDA:40,(anonymous_14)
FNDA:104,(anonymous_15)
FNDA:26,(anonymous_16)
DA:1,6
DA:2,6
DA:3,6
DA:4,6
DA:5,6
DA:8,6
DA:15,6
DA:29,284
DA:33,284
DA:34,284
DA:35,284
DA:36,284
DA:37,284
DA:38,284
DA:39,284
DA:40,284
DA:41,284
DA:42,284
DA:43,284
DA:45,284
DA:52,43
DA:53,43
DA:54,43
DA:55,43
DA:57,43
DA:58,42
DA:59,41
DA:61,40
DA:62,40
DA:64,40
DA:66,40
DA:71,40
DA:73,40
DA:74,2
DA:75,2
DA:76,2
DA:79,40
DA:88,40
DA:90,5
DA:93,40
DA:95,6
DA:97,6
DA:100,40
DA:101,40
DA:102,40
DA:103,16
DA:107,43
DA:111,42
DA:115,41
DA:119,41
DA:123,40
DA:124,40
DA:125,40
DA:127,40
DA:129,40
DA:131,40
DA:135,104
DA:136,69
DA:138,205
DA:140,69
DA:144,26
DA:146,25
DA:150,6
LF:63
LH:63
BRDA:33,0,0,284
BRDA:33,0,1,283
BRDA:36,1,0,284
BRDA:36,1,1,284
BRDA:38,2,0,284
BRDA:38,2,1,284
BRDA:43,3,0,284
BRDA:43,3,1,284
BRDA:45,4,0,1
BRDA:53,5,0,43
BRDA:53,5,1,41
BRDA:54,6,0,43
BRDA:54,6,1,42
BRDA:55,7,0,43
BRDA:55,7,1,42
BRDA:55,7,2,41
BRDA:61,8,0,1
BRDA:61,8,1,39
BRDA:71,9,0,40
BRDA:73,10,0,2
BRDA:86,11,0,1
BRDA:86,11,1,39
BRDA:88,12,0,5
BRDA:93,13,0,6
BRDA:101,14,0,16
BRDA:101,14,1,24
BRDA:107,15,0,1
BRDA:107,16,0,43
BRDA:107,16,1,3
BRDA:111,17,0,1
BRDA:115,18,0,1
BRDA:115,19,0,41
BRDA:115,19,1,41
BRDA:119,20,0,39
BRDA:119,20,1,2
BRDA:119,21,0,1
BRDA:123,22,0,26
BRDA:123,22,1,14
BRDA:124,23,0,40
BRDA:124,23,1,38
BRDA:124,23,2,2
BRDA:124,23,3,2
BRDA:127,24,0,1
BRDA:135,25,0,35
BRDA:144,26,0,1
BRF:45
BRH:45
end_of_record
TN:
SF:lib/requesters/index.ts
FN:7,(anonymous_0)
FN:20,(anonymous_1)
FN:21,(anonymous_2)
FNF:3
FNH:3
FNDA:423,(anonymous_0)
FNDA:242,(anonymous_1)
FNDA:180,(anonymous_2)
DA:3,4
DA:4,4
DA:6,4
DA:8,423
DA:9,423
DA:11,423
DA:12,3
DA:15,423
DA:16,1
DA:19,422
DA:20,242
DA:21,180
DA:23,422
DA:24,422
DA:26,422
DA:31,4
LF:16
LH:16
BRDA:7,0,0,1
BRDA:11,1,0,3
BRDA:15,2,0,1
BRDA:15,3,0,423
BRDA:15,3,1,181
BRF:5
BRH:5
end_of_record
TN:
SF:lib/requesters/rpc.ts
FN:20,(anonymous_0)
FN:28,(anonymous_1)
FN:30,(anonymous_2)
FN:44,(anonymous_3)
FN:45,(anonymous_4)
FN:66,(anonymous_5)
FN:84,(anonymous_6)
FN:96,(anonymous_7)
FNF:8
FNH:8
FNDA:189,(anonymous_0)
FNDA:189,(anonymous_1)
FNDA:34,(anonymous_2)
FNDA:14,(anonymous_3)
FNDA:14,(anonymous_4)
FNDA:1,(anonymous_5)
FNDA:20,(anonymous_6)
FNDA:14,(anonymous_7)
DA:3,5
DA:4,5
DA:12,5
DA:21,189
DA:22,189
DA:23,189
DA:24,189
DA:25,189
DA:26,189
DA:29,189
DA:30,189
DA:31,34
DA:32,34
DA:34,34
DA:35,13
DA:38,34
DA:39,13
DA:45,14
DA:46,14
DA:47,14
DA:48,14
DA:49,14
DA:51,14
DA:52,14
DA:57,14
DA:59,14
DA:65,14
DA:66,14
DA:67,1
DA:68,1
DA:73,1
DA:76,1
DA:77,1
DA:85,20
DA:87,13
DA:89,13
DA:90,37
DA:93,13
DA:97,14
DA:99,9
DA:103,5
LF:41
LH:41
BRDA:34,0,0,13
BRDA:38,1,0,13
BRDA:67,2,0,1
BRDA:76,3,0,1
BRDA:85,4,0,7
BRDA:97,5,0,5
BRF:6
BRH:6
end_of_record
TN:
SF:lib/service/index.ts
FN:1,(anonymous_1)
FNF:1
FNH:1
FNDA:420,(anonymous_1)
DA:1,423
LF:1
LH:1
BRF:0
BRH:0
end_of_record
TN:
SF:lib/service/remote.ts
FN:11,(anonymous_1)
FN:17,(anonymous_2)
FN:28,(anonymous_3)
FN:39,(anonymous_4)
FN:50,(anonymous_5)
FN:61,(anonymous_6)
FN:72,(anonymous_7)
FNF:7
FNH:7
FNDA:451,(anonymous_1)
FNDA:12,(anonymous_2)
FNDA:14,(anonymous_3)
FNDA:11,(anonymous_4)
FNDA:11,(anonymous_5)
FNDA:11,(anonymous_6)
FNDA:11,(anonymous_7)
DA:1,4
DA:2,4
DA:4,4
DA:6,4
DA:12,451
DA:13,451
DA:14,451
DA:18,12
DA:19,12
DA:20,12
DA:21,4
DA:22,4
DA:24,8
DA:29,14
DA:30,14
DA:31,14
DA:32,6
DA:33,6
DA:35,8
DA:40,11
DA:41,11
DA:42,11
DA:43,3
DA:44,3
DA:46,8
DA:51,11
DA:52,11
DA:53,11
DA:54,3
DA:55,3
DA:57,8
DA:62,11
DA:63,11
DA:64,11
DA:65,3
DA:66,3
DA:68,8
DA:73,11
DA:74,11
DA:75,11
DA:76,3
DA:77,3
DA:79,8
DA:84,4
LF:44
LH:44
BRDA:17,0,0,5
BRF:1
BRH:1
end_of_record
