TN:
SF:lib/constants.ts
FN:19,(anonymous_0)
FNF:1
FNH:1
FNDA:11,(anonymous_0)
DA:3,11
DA:4,11
DA:5,11
DA:7,11
DA:16,11
DA:17,11
DA:19,11
DA:20,11
DA:21,11
DA:24,11
DA:38,11
LF:11
LH:11
BRDA:19,0,0,11
BRDA:19,0,1,11
BRF:2
BRH:2
end_of_record
TN:
SF:lib/error-handler.ts
FN:3,(anonymous_6)
FNF:1
FNH:1
FNDA:48,(anonymous_6)
DA:1,4
DA:3,4
DA:4,48
DA:5,48
DA:7,48
DA:8,24
DA:9,12
DA:11,24
DA:12,12
DA:14,12
DA:17,12
DA:20,48
DA:21,12
DA:24,48
DA:25,48
DA:27,48
DA:30,4
LF:17
LH:17
BRDA:5,0,0,24
BRDA:5,0,1,24
BRDA:5,1,0,24
BRDA:5,1,1,18
BRDA:7,2,0,24
BRDA:7,2,1,24
BRDA:8,3,0,12
BRDA:11,4,0,12
BRDA:11,4,1,12
BRDA:12,5,0,12
BRDA:20,6,0,12
BRF:11
BRH:11
end_of_record
TN:
SF:lib/index.ts
FN:4,(anonymous_0)
FN:5,(anonymous_1)
FNF:2
FNH:2
FNDA:49,(anonymous_0)
FNDA:49,(anonymous_1)
DA:2,3
DA:4,3
DA:5,49
DA:6,49
DA:7,48
DA:9,48
DA:13,3
DA:14,3
LF:8
LH:8
BRF:0
BRH:0
end_of_record
TN:
SF:lib/microservice.ts
FN:39,(anonymous_6)
FN:61,(anonymous_7)
FN:72,(anonymous_8)
FN:86,(anonymous_9)
FN:98,(anonymous_10)
FN:107,(anonymous_11)
FN:115,(anonymous_12)
FN:123,(anonymous_13)
FN:131,(anonymous_14)
FN:133,(anonymous_15)
FN:139,(anonymous_16)
FN:141,(anonymous_17)
FN:146,(anonymous_18)
FN:182,(anonymous_19)
FN:214,(anonymous_20)
FN:219,(anonymous_21)
FN:230,(anonymous_22)
FN:254,(anonymous_23)
FN:262,(anonymous_24)
FNF:19
FNH:19
FNDA:49,(anonymous_6)
FNDA:48,(anonymous_7)
FNDA:35,(anonymous_8)
FNDA:48,(anonymous_9)
FNDA:48,(anonymous_10)
FNDA:48,(anonymous_11)
FNDA:48,(anonymous_12)
FNDA:48,(anonymous_13)
FNDA:48,(anonymous_14)
FNDA:298,(anonymous_15)
FNDA:48,(anonymous_16)
FNDA:10,(anonymous_17)
FNDA:10,(anonymous_18)
FNDA:48,(anonymous_19)
FNDA:15,(anonymous_20)
FNDA:5,(anonymous_21)
FNDA:15,(anonymous_22)
FNDA:15,(anonymous_23)
FNDA:48,(anonymous_24)
DA:1,3
DA:2,3
DA:4,3
DA:7,3
DA:8,3
DA:9,3
DA:10,3
DA:11,3
DA:12,3
DA:13,3
DA:14,3
DA:15,3
DA:16,3
DA:29,49
DA:30,49
DA:31,49
DA:32,49
DA:40,49
DA:41,49
DA:42,49
DA:43,49
DA:45,49
DA:46,1
DA:50,48
DA:58,48
DA:63,48
DA:66,48
DA:69,48
DA:72,48
DA:73,35
DA:74,35
DA:75,35
DA:76,2
DA:78,33
DA:87,48
DA:88,48
DA:89,48
DA:90,48
DA:91,48
DA:92,48
DA:94,48
DA:95,48
DA:99,48
DA:103,48
DA:104,48
DA:108,48
DA:110,48
DA:111,48
DA:116,48
DA:118,48
DA:119,48
DA:124,48
DA:126,48
DA:127,48
DA:132,48
DA:133,48
DA:135,298
DA:140,48
DA:141,12
DA:142,10
DA:147,10
DA:148,10
DA:149,10
DA:150,10
DA:152,1
DA:155,10
DA:160,10
DA:166,10
DA:183,48
DA:185,15
DA:186,15
DA:187,15
DA:189,15
DA:191,15
DA:193,15
DA:196,15
DA:215,15
DA:216,12
DA:218,12
DA:219,48
DA:220,5
DA:221,5
DA:231,15
DA:232,15
DA:233,12
DA:234,12
DA:243,12
DA:247,15
DA:255,15
DA:256,15
DA:263,48
DA:264,48
DA:268,3
LF:93
LH:93
BRDA:40,0,0,49
BRDA:40,0,1,41
BRDA:41,1,0,49
BRDA:41,1,1,22
BRDA:42,2,0,49
BRDA:42,2,1,42
BRDA:45,3,0,1
BRDA:45,4,0,49
BRDA:45,4,1,11
BRDA:73,5,0,35
BRDA:73,5,1,1
BRDA:75,6,0,2
BRDA:140,7,0,36
BRDA:150,8,0,1
BRDA:150,9,0,10
BRDA:150,9,1,1
BRDA:183,10,0,33
BRDA:233,11,0,12
BRF:18
BRH:18
end_of_record
TN:
SF:lib/clients/amqp.ts
FN:11,(anonymous_1)
FN:22,(anonymous_2)
FNF:2
FNH:2
FNDA:81,(anonymous_1)
FNDA:79,(anonymous_2)
DA:1,9
DA:2,9
DA:3,9
DA:12,81
DA:13,81
DA:23,79
DA:24,79
DA:25,79
DA:26,79
DA:28,79
DA:32,9
LF:11
LH:11
BRDA:11,0,0,31
BRF:1
BRH:1
end_of_record
TN:
SF:lib/clients/index.ts
FN:1,(anonymous_1)
FNF:1
FNH:1
FNDA:81,(anonymous_1)
DA:1,90
LF:1
LH:1
BRF:0
BRH:0
end_of_record
TN:
SF:lib/consumers/app.ts
FN:13,(anonymous_0)
FN:27,(anonymous_1)
FN:49,(anonymous_2)
FN:66,(anonymous_3)
FN:70,(anonymous_4)
FNF:5
FNH:5
FNDA:51,(anonymous_0)
FNDA:51,(anonymous_1)
FNDA:410,(anonymous_2)
FNDA:49,(anonymous_3)
FNDA:13,(anonymous_4)
DA:2,4
DA:5,4
DA:14,51
DA:15,51
DA:16,51
DA:17,51
DA:19,51
DA:21,51
DA:29,51
DA:36,51
DA:43,51
DA:49,51
DA:50,410
DA:52,410
DA:54,347
DA:56,310
DA:57,310
DA:58,310
DA:62,347
DA:67,49
DA:71,13
DA:75,4
LF:22
LH:22
BRDA:52,0,0,63
BRDA:54,1,0,310
BRDA:56,2,0,310
BRF:3
BRH:3
end_of_record
TN:
SF:lib/consumers/index.ts
FN:1,(anonymous_1)
FNF:1
FNH:1
FNDA:51,(anonymous_1)
DA:1,55
LF:1
LH:1
BRF:0
BRH:0
end_of_record
TN:
SF:lib/events/HelloEvent.ts
FN:8,(anonymous_0)
FN:15,(anonymous_1)
FN:19,(anonymous_2)
FN:23,(anonymous_3)
FN:31,(anonymous_4)
FN:39,(anonymous_5)
FNF:6
FNH:6
FNDA:354,(anonymous_0)
FNDA:302,(anonymous_1)
FNDA:54,(anonymous_2)
FNDA:301,(anonymous_3)
FNDA:355,(anonymous_4)
FNDA:54,(anonymous_5)
DA:1,12
DA:2,354
DA:9,354
DA:10,354
DA:11,354
DA:12,354
DA:16,302
DA:20,54
DA:24,301
DA:25,301
DA:26,1
DA:28,300
DA:32,355
DA:40,54
DA:49,12
LF:15
LH:15
BRDA:25,0,0,1
BRF:1
BRH:1
end_of_record
TN:
SF:lib/events/RPCRequestEvent.ts
FN:12,(anonymous_0)
FN:21,(anonymous_1)
FN:25,(anonymous_2)
FN:29,(anonymous_3)
FN:37,(anonymous_4)
FN:47,(anonymous_5)
FNF:6
FNH:6
FNDA:23,(anonymous_0)
FNDA:25,(anonymous_1)
FNDA:22,(anonymous_2)
FNDA:2,(anonymous_3)
FNDA:26,(anonymous_4)
FNDA:24,(anonymous_5)
DA:1,12
DA:2,12
DA:3,23
DA:13,23
DA:14,23
DA:15,23
DA:16,23
DA:17,23
DA:18,23
DA:22,25
DA:26,22
DA:30,2
DA:31,2
DA:32,1
DA:34,1
DA:38,26
DA:48,24
DA:56,12
LF:18
LH:18
BRDA:12,0,0,22
BRDA:13,1,0,23
BRDA:13,1,1,22
BRDA:25,2,0,4
BRDA:25,3,0,8
BRDA:31,4,0,1
BRF:6
BRH:6
end_of_record
TN:
SF:lib/events/ServicesPublishedEvent.ts
FN:8,(anonymous_0)
FN:15,(anonymous_1)
FN:19,(anonymous_2)
FN:23,(anonymous_3)
FN:31,(anonymous_4)
FN:39,(anonymous_5)
FNF:6
FNH:6
FNDA:30,(anonymous_0)
FNDA:1,(anonymous_1)
FNDA:18,(anonymous_2)
FNDA:13,(anonymous_3)
FNDA:31,(anonymous_4)
FNDA:19,(anonymous_5)
DA:1,12
DA:2,30
DA:9,30
DA:10,30
DA:11,30
DA:12,30
DA:16,1
DA:20,18
DA:24,13
DA:25,13
DA:26,1
DA:28,12
DA:32,31
DA:40,19
DA:49,12
LF:15
LH:15
BRDA:25,0,0,1
BRF:1
BRH:1
end_of_record
TN:
SF:lib/events/index.ts
FN:1,(anonymous_1)
FN:2,(anonymous_2)
FN:3,(anonymous_3)
FNF:3
FNH:3
FNDA:107,(anonymous_1)
FNDA:71,(anonymous_2)
FNDA:24,(anonymous_3)
DA:1,119
DA:2,83
DA:3,36
LF:3
LH:3
BRF:0
BRH:0
end_of_record
TN:
SF:lib/publishers/apps.ts
FN:13,(anonymous_1)
FN:19,(anonymous_2)
FN:28,(anonymous_3)
FN:36,(anonymous_4)
FNF:4
FNH:4
FNDA:50,(anonymous_1)
FNDA:50,(anonymous_2)
FNDA:49,(anonymous_3)
FNDA:15,(anonymous_4)
DA:2,4
DA:6,4
DA:8,4
DA:14,50
DA:15,50
DA:16,50
DA:21,50
DA:29,49
DA:37,15
DA:45,4
LF:10
LH:10
BRF:0
BRH:0
end_of_record
TN:
SF:lib/publishers/index.ts
FN:1,(anonymous_1)
FNF:1
FNH:1
FNDA:50,(anonymous_1)
DA:1,54
LF:1
LH:1
BRF:0
BRH:0
end_of_record
TN:
SF:lib/regristrars/apps.ts
FN:6,(anonymous_0)
FN:10,(anonymous_1)
FN:12,(anonymous_2)
FNF:3
FNH:3
FNDA:49,(anonymous_0)
FNDA:48,(anonymous_1)
FNDA:299,(anonymous_2)
DA:4,4
DA:7,49
DA:13,299
DA:17,4
LF:4
LH:4
BRF:0
BRH:0
end_of_record
TN:
SF:lib/regristrars/index.ts
FN:1,(anonymous_1)
FNF:1
FNH:1
FNDA:49,(anonymous_1)
DA:1,53
LF:1
LH:1
BRF:0
BRH:0
end_of_record
TN:
SF:lib/repliers/index.ts
FN:1,(anonymous_1)
FNF:1
FNH:1
FNDA:15,(anonymous_1)
DA:1,18
LF:1
LH:1
BRF:0
BRH:0
end_of_record
TN:
SF:lib/repliers/rpc.ts
FN:8,(anonymous_0)
FN:15,(anonymous_1)
FN:17,(anonymous_2)
FN:29,(anonymous_3)
FN:40,(anonymous_4)
FN:41,(anonymous_5)
FN:42,(anonymous_6)
FN:43,(anonymous_7)
FN:44,(anonymous_8)
FN:45,(anonymous_9)
FNF:10
FNH:10
FNDA:23,(anonymous_0)
FNDA:23,(anonymous_1)
FNDA:13,(anonymous_2)
FNDA:13,(anonymous_3)
FNDA:2,(anonymous_4)
FNDA:2,(anonymous_5)
FNDA:2,(anonymous_6)
FNDA:2,(anonymous_7)
FNDA:2,(anonymous_8)
FNDA:2,(anonymous_9)
DA:3,4
DA:9,23
DA:10,23
DA:11,23
DA:12,23
DA:16,23
DA:17,23
DA:18,13
DA:19,13
DA:20,13
DA:25,13
DA:30,13
DA:31,13
DA:32,13
DA:33,13
DA:34,13
DA:35,13
DA:36,13
DA:39,12
DA:40,2
DA:41,2
DA:42,2
DA:43,2
DA:44,2
DA:45,2
DA:47,12
DA:49,1
DA:54,4
LF:28
LH:28
BRF:0
BRH:0
end_of_record
TN:
SF:lib/requesters/http.ts
FN:28,(anonymous_7)
FN:48,(anonymous_8)
FN:50,(anonymous_9)
FN:106,(anonymous_10)
FN:110,(anonymous_11)
FN:114,(anonymous_12)
FN:118,(anonymous_13)
FN:122,(anonymous_14)
FN:134,(anonymous_15)
FN:143,(anonymous_16)
FNF:10
FNH:10
FNDA:44,(anonymous_7)
FNDA:3,(anonymous_8)
FNDA:42,(anonymous_9)
FNDA:42,(anonymous_10)
FNDA:41,(anonymous_11)
FNDA:40,(anonymous_12)
FNDA:40,(anonymous_13)
FNDA:39,(anonymous_14)
FNDA:103,(anonymous_15)
FNDA:26,(anonymous_16)
DA:1,6
DA:2,6
DA:3,6
DA:4,6
DA:5,6
DA:8,6
DA:15,6
DA:29,44
DA:33,44
DA:34,44
DA:35,44
DA:36,44
DA:37,44
DA:38,44
DA:39,44
DA:40,44
DA:41,44
DA:42,44
DA:43,44
DA:45,44
DA:52,42
DA:53,42
DA:54,42
DA:55,42
DA:57,42
DA:58,41
DA:59,40
DA:61,39
DA:62,39
DA:64,39
DA:66,39
DA:71,39
DA:73,39
DA:74,2
DA:75,2
DA:76,2
DA:79,39
DA:88,39
DA:90,4
DA:93,39
DA:95,5
DA:97,5
DA:100,39
DA:101,39
DA:102,39
DA:103,15
DA:107,42
DA:111,41
DA:115,40
DA:119,40
DA:123,39
DA:124,39
DA:125,39
DA:127,39
DA:129,39
DA:131,39
DA:135,103
DA:136,69
DA:138,205
DA:140,69
DA:144,26
DA:146,25
DA:150,6
LF:63
LH:63
BRDA:33,0,0,44
BRDA:33,0,1,43
BRDA:36,1,0,44
BRDA:36,1,1,44
BRDA:38,2,0,44
BRDA:38,2,1,44
BRDA:43,3,0,44
BRDA:43,3,1,44
BRDA:45,4,0,1
BRDA:53,5,0,42
BRDA:53,5,1,40
BRDA:54,6,0,42
BRDA:54,6,1,41
BRDA:55,7,0,42
BRDA:55,7,1,41
BRDA:55,7,2,40
BRDA:61,8,0,1
BRDA:61,8,1,38
BRDA:71,9,0,39
BRDA:73,10,0,2
BRDA:86,11,0,1
BRDA:86,11,1,38
BRDA:88,12,0,4
BRDA:93,13,0,5
BRDA:101,14,0,15
BRDA:101,14,1,24
BRDA:107,15,0,1
BRDA:107,16,0,42
BRDA:107,16,1,3
BRDA:111,17,0,1
BRDA:115,18,0,1
BRDA:115,19,0,40
BRDA:115,19,1,40
BRDA:119,20,0,38
BRDA:119,20,1,2
BRDA:119,21,0,1
BRDA:123,22,0,26
BRDA:123,22,1,13
BRDA:124,23,0,39
BRDA:124,23,1,37
BRDA:124,23,2,2
BRDA:124,23,3,2
BRDA:127,24,0,1
BRDA:135,25,0,34
BRDA:144,26,0,1
BRF:45
BRH:45
end_of_record
TN:
SF:lib/requesters/index.ts
FN:7,(anonymous_0)
FN:20,(anonymous_1)
FN:21,(anonymous_2)
FNF:3
FNH:3
FNDA:15,(anonymous_0)
FNDA:3,(anonymous_1)
FNDA:11,(anonymous_2)
DA:3,4
DA:4,4
DA:6,4
DA:8,15
DA:9,15
DA:11,15
DA:12,4
DA:15,15
DA:16,1
DA:19,14
DA:20,3
DA:21,11
DA:23,14
DA:24,14
DA:26,14
DA:31,4
LF:16
LH:16
BRDA:7,0,0,1
BRDA:11,1,0,4
BRDA:15,2,0,1
BRDA:15,3,0,15
BRDA:15,3,1,12
BRF:5
BRH:5
end_of_record
TN:
SF:lib/requesters/rpc.ts
FN:20,(anonymous_0)
FN:28,(anonymous_1)
FN:30,(anonymous_2)
FN:44,(anonymous_3)
FN:45,(anonymous_4)
FN:66,(anonymous_5)
FN:84,(anonymous_6)
FN:96,(anonymous_7)
FNF:8
FNH:8
FNDA:20,(anonymous_0)
FNDA:20,(anonymous_1)
FNDA:34,(anonymous_2)
FNDA:14,(anonymous_3)
FNDA:14,(anonymous_4)
FNDA:1,(anonymous_5)
FNDA:20,(anonymous_6)
FNDA:14,(anonymous_7)
DA:3,5
DA:4,5
DA:12,5
DA:21,20
DA:22,20
DA:23,20
DA:24,20
DA:25,20
DA:26,20
DA:29,20
DA:30,20
DA:31,34
DA:32,34
DA:34,34
DA:35,13
DA:38,34
DA:39,13
DA:45,14
DA:46,14
DA:47,14
DA:48,14
DA:49,14
DA:51,14
DA:52,14
DA:57,14
DA:59,14
DA:65,14
DA:66,14
DA:67,1
DA:68,1
DA:73,1
DA:76,1
DA:77,1
DA:85,20
DA:87,13
DA:89,13
DA:90,37
DA:93,13
DA:97,14
DA:99,9
DA:103,5
LF:41
LH:41
BRDA:34,0,0,13
BRDA:38,1,0,13
BRDA:67,2,0,1
BRDA:76,3,0,1
BRDA:85,4,0,7
BRDA:97,5,0,5
BRF:6
BRH:6
end_of_record
TN:
SF:lib/service/index.ts
FN:1,(anonymous_1)
FNF:1
FNH:1
FNDA:12,(anonymous_1)
DA:1,15
LF:1
LH:1
BRF:0
BRH:0
end_of_record
TN:
SF:lib/service/remote.ts
FN:11,(anonymous_1)
FN:17,(anonymous_2)
FN:28,(anonymous_3)
FN:39,(anonymous_4)
FN:50,(anonymous_5)
FN:61,(anonymous_6)
FN:72,(anonymous_7)
FNF:7
FNH:7
FNDA:43,(anonymous_1)
FNDA:12,(anonymous_2)
FNDA:14,(anonymous_3)
FNDA:11,(anonymous_4)
FNDA:11,(anonymous_5)
FNDA:11,(anonymous_6)
FNDA:11,(anonymous_7)
DA:1,4
DA:2,4
DA:4,4
DA:6,4
DA:12,43
DA:13,43
DA:14,43
DA:18,12
DA:19,12
DA:20,12
DA:21,4
DA:22,4
DA:24,8
DA:29,14
DA:30,14
DA:31,14
DA:32,6
DA:33,6
DA:35,8
DA:40,11
DA:41,11
DA:42,11
DA:43,3
DA:44,3
DA:46,8
DA:51,11
DA:52,11
DA:53,11
DA:54,3
DA:55,3
DA:57,8
DA:62,11
DA:63,11
DA:64,11
DA:65,3
DA:66,3
DA:68,8
DA:73,11
DA:74,11
DA:75,11
DA:76,3
DA:77,3
DA:79,8
DA:84,4
LF:44
LH:44
BRDA:17,0,0,5
BRF:1
BRH:1
end_of_record
